#
# There is insufficient memory for the Java Runtime Environment to continue.
# Native memory allocation (mmap) failed to map 329252864 bytes for G1 virtual space
# Possible reasons:
#   The system is out of physical RAM or swap space
#   The process is running with CompressedOops enabled, and the Java Heap may be blocking the growth of the native heap
# Possible solutions:
#   Reduce memory load on the system
#   Increase physical memory or swap space
#   Check if swap backing store is full
#   Decrease Java heap size (-Xmx/-Xms)
#   Decrease number of Java threads
#   Decrease Java thread stack sizes (-Xss)
#   Set larger code cache with -XX:ReservedCodeCacheSize=
#   JVM is running with Zero Based Compressed Oops mode in which the Java heap is
#     placed in the first 32GB address space. The Java Heap base address is the
#     maximum limit for the native heap growth. Please use -XX:HeapBaseMinAddress
#     to set the Java Heap base and to place the Java Heap above 32GB virtual address.
# This output file may be truncated or incomplete.
#
#  Out of Memory Error (os_windows.cpp:3769), pid=8700, tid=7088
#
# JRE version: OpenJDK Runtime Environment (17.0.6) (build 17.0.6+0-b2043.56-10027231)
# Java VM: OpenJDK 64-Bit Server VM (17.0.6+0-b2043.56-10027231, mixed mode, tiered, compressed oops, compressed class ptrs, g1 gc, windows-amd64)
# No core dump will be written. Minidumps are not enabled by default on client versions of Windows
#

---------------  S U M M A R Y ------------

Command Line: --add-opens=java.base/java.util=ALL-UNNAMED --add-opens=java.base/java.lang=ALL-UNNAMED --add-opens=java.base/java.lang.invoke=ALL-UNNAMED --add-opens=java.base/java.util=ALL-UNNAMED --add-opens=java.prefs/java.util.prefs=ALL-UNNAMED --add-opens=java.prefs/java.util.prefs=ALL-UNNAMED --add-opens=java.base/java.nio.charset=ALL-UNNAMED --add-opens=java.base/java.net=ALL-UNNAMED --add-opens=java.base/java.util.concurrent.atomic=ALL-UNNAMED -Xmx4G -Dfile.encoding=windows-1252 -Duser.country=US -Duser.language=en -Duser.variant org.gradle.launcher.daemon.bootstrap.GradleDaemon 7.5

Host: Intel(R) Core(TM) i5-4210M CPU @ 2.60GHz, 4 cores, 6G,  Windows 10 , 64 bit Build 19041 (10.0.19041.2251)
Time: Mon Mar  4 18:04:34 2024 Egypt Standard Time elapsed time: 103.430567 seconds (0d 0h 1m 43s)

---------------  T H R E A D  ---------------

Current thread (0x000001ba882b8a00):  VMThread "VM Thread" [stack: 0x0000001626500000,0x0000001626600000] [id=7088]

Stack: [0x0000001626500000,0x0000001626600000]
Native frames: (J=compiled Java code, j=interpreted, Vv=VM code, C=native code)
V  [jvm.dll+0x683c9a]
V  [jvm.dll+0x8427a4]
V  [jvm.dll+0x843f9e]
V  [jvm.dll+0x844603]
V  [jvm.dll+0x249b75]
V  [jvm.dll+0x680b69]
V  [jvm.dll+0x67505a]
V  [jvm.dll+0x309acb]
V  [jvm.dll+0x310f86]
V  [jvm.dll+0x3608ee]
V  [jvm.dll+0x360b1f]
V  [jvm.dll+0x2dfbf8]
V  [jvm.dll+0x2ddec4]
V  [jvm.dll+0x2dd4cc]
V  [jvm.dll+0x321f3b]
V  [jvm.dll+0x848ccb]
V  [jvm.dll+0x849a04]
V  [jvm.dll+0x849f1d]
V  [jvm.dll+0x84a2f4]
V  [jvm.dll+0x84a3c0]
V  [jvm.dll+0x7f274a]
V  [jvm.dll+0x682ad5]
C  [ucrtbase.dll+0x21bb2]
C  [KERNEL32.DLL+0x174b4]
C  [ntdll.dll+0x526a1]

VM_Operation (0x000000162c4fdff0): G1CollectForAllocation, mode: safepoint, requested by thread 0x000001ba8b51bbb0


---------------  P R O C E S S  ---------------

Threads class SMR info:
_java_thread_list=0x000001ba909ff520, length=104, elements={
0x000001baea06c3c0, 0x000001ba882bd630, 0x000001ba882be3b0, 0x000001ba8830d7d0,
0x000001ba8830e5f0, 0x000001ba88d17090, 0x000001ba88d17950, 0x000001ba88d18540,
0x000001ba88d1ae50, 0x000001ba88d1bb40, 0x000001ba88e62410, 0x000001ba88e83030,
0x000001ba8b813960, 0x000001ba89c947f0, 0x000001ba8b73c9d0, 0x000001ba8c5f38f0,
0x000001ba89b65600, 0x000001ba8b4a0a40, 0x000001ba8be363e0, 0x000001ba8bbe1810,
0x000001ba8bbe1340, 0x000001ba8bbe1ce0, 0x000001ba8bbe0e70, 0x000001ba8bbe21b0,
0x000001ba8c896440, 0x000001ba8c897c50, 0x000001ba8c894290, 0x000001ba8c894760,
0x000001ba8c899930, 0x000001ba8c898120, 0x000001ba8c89a2d0, 0x000001ba8c892f50,
0x000001ba8c894c30, 0x000001ba8c899460, 0x000001ba8c8955d0, 0x000001ba8c89a7a0,
0x000001ba8c893420, 0x000001ba8c895aa0, 0x000001ba8c895f70, 0x000001ba8c893dc0,
0x000001ba8c896de0, 0x000001ba8c8972b0, 0x000001ba8c897780, 0x000001ba8c8938f0,
0x000001ba8c8985f0, 0x000001ba8c898ac0, 0x000001ba8c651080, 0x000001ba8c6553e0,
0x000001ba8c6523c0, 0x000001ba8c64f870, 0x000001ba8c652d60, 0x000001ba8c654f10,
0x000001ba8c653bd0, 0x000001ba8c653230, 0x000001ba8c6540a0, 0x000001ba8c650bb0,
0x000001ba8c651ef0, 0x000001ba8c650210, 0x000001ba8c6558b0, 0x000001ba8c652890,
0x000001ba8c653700, 0x000001ba8c6506e0, 0x000001ba8c654570, 0x000001ba8c654a40,
0x000001ba8c64e060, 0x000001ba8c651550, 0x000001ba8c651a20, 0x000001ba8c64e530,
0x000001ba8c64ea00, 0x000001ba8c64eed0, 0x000001ba8c64f3a0, 0x000001ba8ca8b530,
0x000001ba8ca910a0, 0x000001ba8ca923e0, 0x000001ba8ca90bd0, 0x000001ba8ca8c870,
0x000001ba8ca8d210, 0x000001ba8ca8bed0, 0x000001ba8ca8cd40, 0x000001ba8ca928b0,
0x000001ba8ca8ba00, 0x000001ba8ca8fd60, 0x000001ba8ca8e550, 0x000001ba8ca8f890,
0x000001ba8ca8d6e0, 0x000001ba8ca8dbb0, 0x000001ba8ca91a40, 0x000001ba8c7fa220,
0x000001ba8c7f6860, 0x000001ba8c7f76d0, 0x000001ba8c7f7ba0, 0x000001ba8c7f9d50,
0x000001ba8c7f3840, 0x000001ba8c7f5050, 0x000001ba8c7f5520, 0x000001ba8ca8c3a0,
0x000001ba8bbe09a0, 0x000001ba8b519060, 0x000001ba8b51c550, 0x000001ba8b51bbb0,
0x000001ba8b51ca20, 0x000001ba8b519a00, 0x000001ba8b51b210, 0x000001ba8bd7eaa0
}

Java Threads: ( => current thread )
  0x000001baea06c3c0 JavaThread "main" [_thread_blocked, id=8348, stack(0x0000001625f00000,0x0000001626000000)]
  0x000001ba882bd630 JavaThread "Reference Handler" daemon [_thread_blocked, id=2876, stack(0x0000001626600000,0x0000001626700000)]
  0x000001ba882be3b0 JavaThread "Finalizer" daemon [_thread_blocked, id=3628, stack(0x0000001626700000,0x0000001626800000)]
  0x000001ba8830d7d0 JavaThread "Signal Dispatcher" daemon [_thread_blocked, id=4516, stack(0x0000001626800000,0x0000001626900000)]
  0x000001ba8830e5f0 JavaThread "Attach Listener" daemon [_thread_blocked, id=9084, stack(0x0000001626900000,0x0000001626a00000)]
  0x000001ba88d17090 JavaThread "Service Thread" daemon [_thread_blocked, id=7832, stack(0x0000001626a00000,0x0000001626b00000)]
  0x000001ba88d17950 JavaThread "Monitor Deflation Thread" daemon [_thread_blocked, id=848, stack(0x0000001626b00000,0x0000001626c00000)]
  0x000001ba88d18540 JavaThread "C2 CompilerThread0" daemon [_thread_blocked, id=7152, stack(0x0000001626c00000,0x0000001626d00000)]
  0x000001ba88d1ae50 JavaThread "C1 CompilerThread0" daemon [_thread_blocked, id=3616, stack(0x0000001626d00000,0x0000001626e00000)]
  0x000001ba88d1bb40 JavaThread "Sweeper thread" daemon [_thread_blocked, id=1128, stack(0x0000001626e00000,0x0000001626f00000)]
  0x000001ba88e62410 JavaThread "Common-Cleaner" daemon [_thread_blocked, id=2764, stack(0x0000001626f00000,0x0000001627000000)]
  0x000001ba88e83030 JavaThread "Notification Thread" daemon [_thread_blocked, id=8092, stack(0x0000001627000000,0x0000001627100000)]
  0x000001ba8b813960 JavaThread "Daemon health stats" [_thread_blocked, id=7220, stack(0x0000001627600000,0x0000001627700000)]
  0x000001ba89c947f0 JavaThread "Incoming local TCP Connector on port 51024" [_thread_in_native, id=7480, stack(0x0000001627200000,0x0000001627300000)]
  0x000001ba8b73c9d0 JavaThread "Daemon periodic checks" [_thread_blocked, id=8968, stack(0x0000001627700000,0x0000001627800000)]
  0x000001ba8c5f38f0 JavaThread "Daemon" [_thread_blocked, id=6260, stack(0x0000001627800000,0x0000001627900000)]
  0x000001ba89b65600 JavaThread "Handler for socket connection from /127.0.0.1:51024 to /127.0.0.1:51026" [_thread_in_native, id=8240, stack(0x0000001627900000,0x0000001627a00000)]
  0x000001ba8b4a0a40 JavaThread "Cancel handler" [_thread_blocked, id=6044, stack(0x0000001627a00000,0x0000001627b00000)]
  0x000001ba8be363e0 JavaThread "Daemon worker" [_thread_blocked, id=7404, stack(0x0000001627b00000,0x0000001627c00000)]
  0x000001ba8bbe1810 JavaThread "Asynchronous log dispatcher for DefaultDaemonConnection: socket connection from /127.0.0.1:51024 to /127.0.0.1:51026" [_thread_blocked, id=8268, stack(0x0000001627c00000,0x0000001627d00000)]
  0x000001ba8bbe1340 JavaThread "Daemon client event forwarder" [_thread_blocked, id=2228, stack(0x0000001627e00000,0x0000001627f00000)]
  0x000001ba8bbe1ce0 JavaThread "Cache worker for journal cache (C:\Users\Phrankie\.gradle\caches\journal-1)" [_thread_blocked, id=5600, stack(0x0000001627f00000,0x0000001628000000)]
  0x000001ba8bbe0e70 JavaThread "File lock request listener" [_thread_in_native, id=2720, stack(0x0000001628000000,0x0000001628100000)]
  0x000001ba8bbe21b0 JavaThread "Cache worker for file hash cache (C:\Users\Phrankie\.gradle\caches\7.5\fileHashes)" [_thread_blocked, id=3464, stack(0x0000001628100000,0x0000001628200000)]
  0x000001ba8c896440 JavaThread "File watcher server" daemon [_thread_blocked, id=7680, stack(0x0000001628300000,0x0000001628400000)]
  0x000001ba8c897c50 JavaThread "File watcher consumer" daemon [_thread_blocked, id=3540, stack(0x0000001628400000,0x0000001628500000)]
  0x000001ba8c894290 JavaThread "Cache worker for checksums cache (C:\devalopments\apps\loc-main\android\.gradle\7.5\checksums)" [_thread_blocked, id=8060, stack(0x0000001628500000,0x0000001628600000)]
  0x000001ba8c894760 JavaThread "Cache worker for cache directory md-rule (C:\Users\Phrankie\.gradle\caches\7.5\md-rule)" [_thread_blocked, id=2576, stack(0x0000001628600000,0x0000001628700000)]
  0x000001ba8c899930 JavaThread "Cache worker for file content cache (C:\Users\Phrankie\.gradle\caches\7.5\fileContent)" [_thread_blocked, id=3088, stack(0x0000001628700000,0x0000001628800000)]
  0x000001ba8c898120 JavaThread "Cache worker for file hash cache (C:\devalopments\apps\loc-main\android\.gradle\7.5\fileHashes)" [_thread_blocked, id=3416, stack(0x0000001628800000,0x0000001628900000)]
  0x000001ba8c89a2d0 JavaThread "Cache worker for cache directory md-supplier (C:\Users\Phrankie\.gradle\caches\7.5\md-supplier)" [_thread_blocked, id=5396, stack(0x0000001628900000,0x0000001628a00000)]
  0x000001ba8c892f50 JavaThread "Cache worker for execution history cache (C:\Users\Phrankie\.gradle\caches\7.5\executionHistory)" [_thread_blocked, id=7440, stack(0x0000001628a00000,0x0000001628b00000)]
  0x000001ba8c894c30 JavaThread "jar transforms" [_thread_blocked, id=8120, stack(0x0000001628b00000,0x0000001628c00000)]
  0x000001ba8c899460 JavaThread "Cache worker for kotlin-dsl (C:\Users\Phrankie\.gradle\caches\7.5\kotlin-dsl)" [_thread_blocked, id=5148, stack(0x0000001628c00000,0x0000001628d00000)]
  0x000001ba8c8955d0 JavaThread "jar transforms Thread 2" [_thread_blocked, id=6964, stack(0x0000001628d00000,0x0000001628e00000)]
  0x000001ba8c89a7a0 JavaThread "Cache worker for dependencies-accessors (C:\devalopments\apps\loc-main\android\.gradle\7.5\dependencies-accessors)" [_thread_blocked, id=4952, stack(0x0000001628e00000,0x0000001628f00000)]
  0x000001ba8c893420 JavaThread "Cache worker for Build Output Cleanup Cache (C:\devalopments\flutter\packages\flutter_tools\gradle\.gradle\buildOutputCleanup)" [_thread_blocked, id=2460, stack(0x0000001628f00000,0x0000001629000000)]
  0x000001ba8c895aa0 JavaThread "jar transforms Thread 3" [_thread_blocked, id=3564, stack(0x0000001629000000,0x0000001629100000)]
  0x000001ba8c895f70 JavaThread "Memory manager" [_thread_blocked, id=5384, stack(0x0000001629100000,0x0000001629200000)]
  0x000001ba8c893dc0 JavaThread "jar transforms Thread 4" [_thread_blocked, id=8396, stack(0x0000001629200000,0x0000001629300000)]
  0x000001ba8c896de0 JavaThread "included builds" [_thread_in_native, id=5276, stack(0x0000001629300000,0x0000001629400000)]
  0x000001ba8c8972b0 JavaThread "Execution worker" [_thread_blocked, id=8156, stack(0x0000001629400000,0x0000001629500000)]
  0x000001ba8c897780 JavaThread "Execution worker Thread 2" [_thread_blocked, id=376, stack(0x0000001629500000,0x0000001629600000)]
  0x000001ba8c8938f0 JavaThread "Execution worker Thread 3" [_thread_blocked, id=8128, stack(0x0000001629600000,0x0000001629700000)]
  0x000001ba8c8985f0 JavaThread "Cache worker for execution history cache (C:\devalopments\flutter\packages\flutter_tools\gradle\.gradle\7.5\executionHistory)" [_thread_blocked, id=1428, stack(0x0000001629700000,0x0000001629800000)]
  0x000001ba8c898ac0 JavaThread "Unconstrained build operations" [_thread_blocked, id=4864, stack(0x0000001629800000,0x0000001629900000)]
  0x000001ba8c651080 JavaThread "Unconstrained build operations Thread 2" [_thread_blocked, id=2240, stack(0x0000001629900000,0x0000001629a00000)]
  0x000001ba8c6553e0 JavaThread "Unconstrained build operations Thread 3" [_thread_blocked, id=832, stack(0x0000001629a00000,0x0000001629b00000)]
  0x000001ba8c6523c0 JavaThread "Unconstrained build operations Thread 4" [_thread_blocked, id=2096, stack(0x0000001629b00000,0x0000001629c00000)]
  0x000001ba8c64f870 JavaThread "Unconstrained build operations Thread 5" [_thread_blocked, id=7100, stack(0x0000001629c00000,0x0000001629d00000)]
  0x000001ba8c652d60 JavaThread "Unconstrained build operations Thread 6" [_thread_blocked, id=4428, stack(0x0000001629d00000,0x0000001629e00000)]
  0x000001ba8c654f10 JavaThread "Unconstrained build operations Thread 7" [_thread_blocked, id=2080, stack(0x0000001629e00000,0x0000001629f00000)]
  0x000001ba8c653bd0 JavaThread "Unconstrained build operations Thread 8" [_thread_blocked, id=4756, stack(0x0000001629f00000,0x000000162a000000)]
  0x000001ba8c653230 JavaThread "Unconstrained build operations Thread 9" [_thread_blocked, id=7936, stack(0x000000162a000000,0x000000162a100000)]
  0x000001ba8c6540a0 JavaThread "Unconstrained build operations Thread 10" [_thread_blocked, id=808, stack(0x000000162a100000,0x000000162a200000)]
  0x000001ba8c650bb0 JavaThread "Unconstrained build operations Thread 11" [_thread_blocked, id=840, stack(0x000000162a200000,0x000000162a300000)]
  0x000001ba8c651ef0 JavaThread "Unconstrained build operations Thread 12" [_thread_blocked, id=1124, stack(0x000000162a300000,0x000000162a400000)]
  0x000001ba8c650210 JavaThread "Unconstrained build operations Thread 13" [_thread_blocked, id=5764, stack(0x000000162a400000,0x000000162a500000)]
  0x000001ba8c6558b0 JavaThread "Unconstrained build operations Thread 14" [_thread_blocked, id=1172, stack(0x000000162a500000,0x000000162a600000)]
  0x000001ba8c652890 JavaThread "Unconstrained build operations Thread 15" [_thread_blocked, id=7052, stack(0x000000162a600000,0x000000162a700000)]
  0x000001ba8c653700 JavaThread "Unconstrained build operations Thread 16" [_thread_blocked, id=3684, stack(0x000000162a700000,0x000000162a800000)]
  0x000001ba8c6506e0 JavaThread "Unconstrained build operations Thread 17" [_thread_blocked, id=4804, stack(0x000000162a800000,0x000000162a900000)]
  0x000001ba8c654570 JavaThread "Unconstrained build operations Thread 18" [_thread_blocked, id=9016, stack(0x000000162a900000,0x000000162aa00000)]
  0x000001ba8c654a40 JavaThread "Unconstrained build operations Thread 19" [_thread_blocked, id=3200, stack(0x000000162aa00000,0x000000162ab00000)]
  0x000001ba8c64e060 JavaThread "Unconstrained build operations Thread 20" [_thread_blocked, id=5884, stack(0x000000162ab00000,0x000000162ac00000)]
  0x000001ba8c651550 JavaThread "Unconstrained build operations Thread 21" [_thread_blocked, id=7892, stack(0x000000162ac00000,0x000000162ad00000)]
  0x000001ba8c651a20 JavaThread "Unconstrained build operations Thread 22" [_thread_blocked, id=2584, stack(0x000000162ad00000,0x000000162ae00000)]
  0x000001ba8c64e530 JavaThread "Unconstrained build operations Thread 23" [_thread_blocked, id=4016, stack(0x000000162ae00000,0x000000162af00000)]
  0x000001ba8c64ea00 JavaThread "Unconstrained build operations Thread 24" [_thread_blocked, id=6224, stack(0x000000162af00000,0x000000162b000000)]
  0x000001ba8c64eed0 JavaThread "Unconstrained build operations Thread 25" [_thread_blocked, id=3436, stack(0x000000162b000000,0x000000162b100000)]
  0x000001ba8c64f3a0 JavaThread "Unconstrained build operations Thread 26" [_thread_blocked, id=4716, stack(0x000000162b100000,0x000000162b200000)]
  0x000001ba8ca8b530 JavaThread "Unconstrained build operations Thread 27" [_thread_blocked, id=8344, stack(0x000000162b200000,0x000000162b300000)]
  0x000001ba8ca910a0 JavaThread "Unconstrained build operations Thread 28" [_thread_blocked, id=1256, stack(0x000000162b300000,0x000000162b400000)]
  0x000001ba8ca923e0 JavaThread "Unconstrained build operations Thread 29" [_thread_blocked, id=5560, stack(0x000000162b400000,0x000000162b500000)]
  0x000001ba8ca90bd0 JavaThread "Unconstrained build operations Thread 30" [_thread_blocked, id=8176, stack(0x000000162b500000,0x000000162b600000)]
  0x000001ba8ca8c870 JavaThread "Unconstrained build operations Thread 31" [_thread_blocked, id=6864, stack(0x000000162b600000,0x000000162b700000)]
  0x000001ba8ca8d210 JavaThread "Unconstrained build operations Thread 32" [_thread_blocked, id=9052, stack(0x000000162b700000,0x000000162b800000)]
  0x000001ba8ca8bed0 JavaThread "Unconstrained build operations Thread 33" [_thread_blocked, id=2724, stack(0x000000162b800000,0x000000162b900000)]
  0x000001ba8ca8cd40 JavaThread "Unconstrained build operations Thread 34" [_thread_blocked, id=7568, stack(0x000000162b900000,0x000000162ba00000)]
  0x000001ba8ca928b0 JavaThread "Unconstrained build operations Thread 35" [_thread_blocked, id=7660, stack(0x000000162ba00000,0x000000162bb00000)]
  0x000001ba8ca8ba00 JavaThread "Unconstrained build operations Thread 36" [_thread_blocked, id=6860, stack(0x000000162bb00000,0x000000162bc00000)]
  0x000001ba8ca8fd60 JavaThread "Unconstrained build operations Thread 37" [_thread_blocked, id=5972, stack(0x000000162bc00000,0x000000162bd00000)]
  0x000001ba8ca8e550 JavaThread "Unconstrained build operations Thread 38" [_thread_blocked, id=6368, stack(0x000000162bd00000,0x000000162be00000)]
  0x000001ba8ca8f890 JavaThread "Unconstrained build operations Thread 39" [_thread_blocked, id=7728, stack(0x000000162be00000,0x000000162bf00000)]
  0x000001ba8ca8d6e0 JavaThread "Unconstrained build operations Thread 40" [_thread_blocked, id=2808, stack(0x000000162bf00000,0x000000162c000000)]
  0x000001ba8ca8dbb0 JavaThread "Cache worker for Build Output Cleanup Cache (C:\devalopments\apps\loc-main\android\.gradle\buildOutputCleanup)" [_thread_blocked, id=4944, stack(0x000000162c000000,0x000000162c100000)]
  0x000001ba8ca91a40 JavaThread "pool-3-thread-1" [_thread_blocked, id=8788, stack(0x000000162c100000,0x000000162c200000)]
  0x000001ba8c7fa220 JavaThread "build event listener" [_thread_blocked, id=4880, stack(0x000000162c200000,0x000000162c300000)]
  0x000001ba8c7f6860 JavaThread "Cache worker for execution history cache (C:\devalopments\apps\loc-main\android\.gradle\7.5\executionHistory)" [_thread_blocked, id=6040, stack(0x000000162c300000,0x000000162c400000)]
  0x000001ba8c7f76d0 JavaThread "WorkerExecutor Queue" [_thread_blocked, id=4280, stack(0x000000162c900000,0x000000162ca00000)]
  0x000001ba8c7f7ba0 JavaThread "WorkerExecutor Queue Thread 2" [_thread_blocked, id=3952, stack(0x000000162ca00000,0x000000162cb00000)]
  0x000001ba8c7f9d50 JavaThread "WorkerExecutor Queue Thread 3" [_thread_blocked, id=828, stack(0x000000162cb00000,0x000000162cc00000)]
  0x000001ba8c7f3840 JavaThread "RMI Scheduler(0)" daemon [_thread_blocked, id=6460, stack(0x0000001625d00000,0x0000001625e00000)]
  0x000001ba8c7f5050 JavaThread "RMI GC Daemon" daemon [_thread_blocked, id=5436, stack(0x0000001627d00000,0x0000001627e00000)]
  0x000001ba8c7f5520 JavaThread "RMI TCP Accept-0" daemon [_thread_in_native, id=8660, stack(0x0000001628200000,0x0000001628300000)]
  0x000001ba8ca8c3a0 JavaThread "RMI Reaper" [_thread_blocked, id=9040, stack(0x000000162cc00000,0x000000162cd00000)]
  0x000001ba8bbe09a0 JavaThread "RMI TCP Connection(2)-127.0.0.1" daemon [_thread_in_native, id=4780, stack(0x000000162cd00000,0x000000162ce00000)]
  0x000001ba8b519060 JavaThread "File lock release action executor" [_thread_blocked, id=4496, stack(0x000000162ce00000,0x000000162cf00000)]
  0x000001ba8b51c550 JavaThread "WorkerExecutor Queue Thread 5" [_thread_blocked, id=4092, stack(0x000000162c500000,0x000000162c600000)]
  0x000001ba8b51bbb0 JavaThread "ForkJoinPool-1-worker-1" daemon [_thread_blocked, id=6988, stack(0x000000162c400000,0x000000162c500000)]
  0x000001ba8b51ca20 JavaThread "ForkJoinPool-1-worker-2" daemon [_thread_blocked, id=6112, stack(0x000000162c600000,0x000000162c700000)]
  0x000001ba8b519a00 JavaThread "ForkJoinPool-1-worker-3" daemon [_thread_blocked, id=5692, stack(0x000000162cf00000,0x000000162d000000)]
  0x000001ba8b51b210 JavaThread "ForkJoinPool-1-worker-4" daemon [_thread_blocked, id=4988, stack(0x000000162d000000,0x000000162d100000)]
  0x000001ba8bd7eaa0 JavaThread "C2 CompilerThread1" daemon [_thread_in_native, id=4620, stack(0x000000162d200000,0x000000162d300000)]

Other Threads:
=>0x000001ba882b8a00 VMThread "VM Thread" [stack: 0x0000001626500000,0x0000001626600000] [id=7088]
  0x000001ba88e62cf0 WatcherThread [stack: 0x0000001627100000,0x0000001627200000] [id=6372]
  0x000001baea0d8cf0 GCTaskThread "GC Thread#0" [stack: 0x0000001626000000,0x0000001626100000] [id=6784]
  0x000001ba8923e530 GCTaskThread "GC Thread#1" [stack: 0x0000001627300000,0x0000001627400000] [id=6684]
  0x000001ba890dc490 GCTaskThread "GC Thread#2" [stack: 0x0000001627400000,0x0000001627500000] [id=608]
  0x000001ba89839fa0 GCTaskThread "GC Thread#3" [stack: 0x0000001627500000,0x0000001627600000] [id=3092]
  0x000001baea0e9b40 ConcurrentGCThread "G1 Main Marker" [stack: 0x0000001626100000,0x0000001626200000] [id=7988]
  0x000001baea0ea460 ConcurrentGCThread "G1 Conc#0" [stack: 0x0000001626200000,0x0000001626300000] [id=9108]
  0x000001ba88130090 ConcurrentGCThread "G1 Refine#0" [stack: 0x0000001626300000,0x0000001626400000] [id=4876]
  0x000001ba93cf4340 ConcurrentGCThread "G1 Refine#1" [stack: 0x0000001625e00000,0x0000001625f00000] [id=3536]
  0x000001ba9405a2c0 ConcurrentGCThread "G1 Refine#2" [stack: 0x000000162d100000,0x000000162d200000] [id=7944]
  0x000001ba881309c0 ConcurrentGCThread "G1 Service" [stack: 0x0000001626400000,0x0000001626500000] [id=5700]

Threads with active compile tasks:
C2 CompilerThread0   103460 17548       4       com.android.tools.r8.dex.i::h (959 bytes)
C1 CompilerThread0   103460 17579 %     3       com.android.tools.r8.code.y1::a @ 20 (4129 bytes)
C2 CompilerThread1   103460 17462 %     4       com.android.tools.r8.dex.i::a @ 310 (1036 bytes)

VM state: at safepoint (normal execution)

VM Mutex/Monitor currently owned by a thread:  ([mutex/lock_event])
[0x000001baea067680] Threads_lock - owner thread: 0x000001ba882b8a00
[0x000001baea067950] Heap_lock - owner thread: 0x000001ba8b51bbb0

Heap address: 0x0000000700000000, size: 4096 MB, Compressed Oops mode: Zero based, Oop shift amount: 3

CDS archive(s) not mapped
Compressed class space mapped at: 0x0000000800000000-0x0000000840000000, reserved size: 1073741824
Narrow klass base: 0x0000000800000000, Narrow klass shift: 0, Narrow klass range: 0x40000000

GC Precious Log:
 CPUs: 4 total, 4 available
 Memory: 6817M
 Large Page Support: Disabled
 NUMA Support: Disabled
 Compressed Oops: Enabled (Zero based)
 Heap Region Size: 2M
 Heap Min Capacity: 8M
 Heap Initial Capacity: 108M
 Heap Max Capacity: 4G
 Pre-touch: Disabled
 Parallel Workers: 4
 Concurrent Workers: 1
 Concurrent Refinement Workers: 4
 Periodic GC: Disabled

Heap:
 garbage-first heap   total 397312K, used 234751K [0x0000000700000000, 0x0000000800000000)
  region size 2048K, 2 young (4096K), 2 survivors (4096K)
 Metaspace       used 118781K, committed 119872K, reserved 1155072K
  class space    used 16327K, committed 16768K, reserved 1048576K

Heap Regions: E=young(eden), S=young(survivor), O=old, HS=humongous(starts), HC=humongous(continues), CS=collection set, F=free, OA=open archive, CA=closed archive, TAMS=top-at-mark-start (previous, next)
|   0|0x0000000700000000, 0x0000000700200000, 0x0000000700200000|100%|HS|  |TAMS 0x0000000700200000, 0x0000000700000000| Complete 
|   1|0x0000000700200000, 0x0000000700400000, 0x0000000700400000|100%|HC|  |TAMS 0x0000000700400000, 0x0000000700200000| Complete 
|   2|0x0000000700400000, 0x0000000700600000, 0x0000000700600000|100%| O|  |TAMS 0x0000000700600000, 0x0000000700400000| Untracked 
|   3|0x0000000700600000, 0x0000000700800000, 0x0000000700800000|100%| O|  |TAMS 0x0000000700800000, 0x0000000700600000| Untracked 
|   4|0x0000000700800000, 0x0000000700a00000, 0x0000000700a00000|100%| O|  |TAMS 0x0000000700a00000, 0x0000000700800000| Untracked 
|   5|0x0000000700a00000, 0x0000000700c00000, 0x0000000700c00000|100%| O|  |TAMS 0x0000000700c00000, 0x0000000700a00000| Untracked 
|   6|0x0000000700c00000, 0x0000000700e00000, 0x0000000700e00000|100%| O|  |TAMS 0x0000000700e00000, 0x0000000700c00000| Untracked 
|   7|0x0000000700e00000, 0x0000000701000000, 0x0000000701000000|100%| O|  |TAMS 0x0000000701000000, 0x0000000700e00000| Untracked 
|   8|0x0000000701000000, 0x0000000701200000, 0x0000000701200000|100%| O|  |TAMS 0x0000000701200000, 0x0000000701000000| Untracked 
|   9|0x0000000701200000, 0x0000000701400000, 0x0000000701400000|100%| O|  |TAMS 0x0000000701400000, 0x0000000701200000| Untracked 
|  10|0x0000000701400000, 0x0000000701600000, 0x0000000701600000|100%| O|  |TAMS 0x0000000701600000, 0x0000000701400000| Untracked 
|  11|0x0000000701600000, 0x0000000701800000, 0x0000000701800000|100%| O|  |TAMS 0x0000000701800000, 0x0000000701600000| Untracked 
|  12|0x0000000701800000, 0x0000000701a00000, 0x0000000701a00000|100%| O|  |TAMS 0x0000000701a00000, 0x0000000701800000| Untracked 
|  13|0x0000000701a00000, 0x0000000701c00000, 0x0000000701c00000|100%| O|  |TAMS 0x0000000701c00000, 0x0000000701a00000| Untracked 
|  14|0x0000000701c00000, 0x0000000701e00000, 0x0000000701e00000|100%| O|  |TAMS 0x0000000701e00000, 0x0000000701c00000| Untracked 
|  15|0x0000000701e00000, 0x0000000702000000, 0x0000000702000000|100%| O|  |TAMS 0x0000000702000000, 0x0000000701e00000| Untracked 
|  16|0x0000000702000000, 0x0000000702200000, 0x0000000702200000|100%| O|  |TAMS 0x0000000702200000, 0x0000000702000000| Untracked 
|  17|0x0000000702200000, 0x0000000702400000, 0x0000000702400000|100%|HS|  |TAMS 0x0000000702400000, 0x0000000702200000| Complete 
|  18|0x0000000702400000, 0x0000000702600000, 0x0000000702600000|100%| O|  |TAMS 0x0000000702600000, 0x0000000702400000| Untracked 
|  19|0x0000000702600000, 0x0000000702800000, 0x0000000702800000|100%| O|  |TAMS 0x0000000702800000, 0x0000000702600000| Untracked 
|  20|0x0000000702800000, 0x0000000702a00000, 0x0000000702a00000|100%| O|  |TAMS 0x0000000702a00000, 0x0000000702800000| Untracked 
|  21|0x0000000702a00000, 0x0000000702c00000, 0x0000000702c00000|100%| O|  |TAMS 0x0000000702c00000, 0x0000000702a00000| Untracked 
|  22|0x0000000702c00000, 0x0000000702e00000, 0x0000000702e00000|100%| O|  |TAMS 0x0000000702e00000, 0x0000000702c00000| Untracked 
|  23|0x0000000702e00000, 0x0000000703000000, 0x0000000703000000|100%| O|  |TAMS 0x0000000703000000, 0x0000000702e00000| Untracked 
|  24|0x0000000703000000, 0x0000000703200000, 0x0000000703200000|100%|HS|  |TAMS 0x0000000703200000, 0x0000000703000000| Complete 
|  25|0x0000000703200000, 0x0000000703400000, 0x0000000703400000|100%|HC|  |TAMS 0x0000000703400000, 0x0000000703200000| Complete 
|  26|0x0000000703400000, 0x0000000703600000, 0x0000000703600000|100%| O|  |TAMS 0x0000000703600000, 0x0000000703400000| Untracked 
|  27|0x0000000703600000, 0x0000000703800000, 0x0000000703800000|100%| O|  |TAMS 0x0000000703800000, 0x0000000703600000| Untracked 
|  28|0x0000000703800000, 0x0000000703a00000, 0x0000000703a00000|100%| O|  |TAMS 0x0000000703a00000, 0x0000000703800000| Untracked 
|  29|0x0000000703a00000, 0x0000000703c00000, 0x0000000703c00000|100%| O|  |TAMS 0x0000000703c00000, 0x0000000703a00000| Untracked 
|  30|0x0000000703c00000, 0x0000000703e00000, 0x0000000703e00000|100%| O|  |TAMS 0x0000000703e00000, 0x0000000703c00000| Untracked 
|  31|0x0000000703e00000, 0x0000000704000000, 0x0000000704000000|100%| O|  |TAMS 0x0000000704000000, 0x0000000703e00000| Untracked 
|  32|0x0000000704000000, 0x0000000704200000, 0x0000000704200000|100%| O|  |TAMS 0x0000000704200000, 0x0000000704000000| Untracked 
|  33|0x0000000704200000, 0x0000000704400000, 0x0000000704400000|100%| O|  |TAMS 0x0000000704400000, 0x0000000704200000| Untracked 
|  34|0x0000000704400000, 0x0000000704600000, 0x0000000704600000|100%| O|  |TAMS 0x0000000704600000, 0x0000000704400000| Untracked 
|  35|0x0000000704600000, 0x0000000704800000, 0x0000000704800000|100%| O|  |TAMS 0x0000000704800000, 0x0000000704600000| Untracked 
|  36|0x0000000704800000, 0x0000000704a00000, 0x0000000704a00000|100%| O|  |TAMS 0x0000000704a00000, 0x0000000704800000| Untracked 
|  37|0x0000000704a00000, 0x0000000704c00000, 0x0000000704c00000|100%| O|  |TAMS 0x0000000704c00000, 0x0000000704a00000| Untracked 
|  38|0x0000000704c00000, 0x0000000704e00000, 0x0000000704e00000|100%| O|  |TAMS 0x0000000704e00000, 0x0000000704c00000| Untracked 
|  39|0x0000000704e00000, 0x0000000705000000, 0x0000000705000000|100%| O|  |TAMS 0x0000000705000000, 0x0000000704e00000| Untracked 
|  40|0x0000000705000000, 0x0000000705200000, 0x0000000705200000|100%| O|  |TAMS 0x0000000705200000, 0x0000000705000000| Untracked 
|  41|0x0000000705200000, 0x0000000705400000, 0x0000000705400000|100%| O|  |TAMS 0x0000000705400000, 0x0000000705200000| Untracked 
|  42|0x0000000705400000, 0x0000000705600000, 0x0000000705600000|100%| O|  |TAMS 0x0000000705600000, 0x0000000705400000| Untracked 
|  43|0x0000000705600000, 0x0000000705800000, 0x0000000705800000|100%| O|  |TAMS 0x0000000705600000, 0x0000000705600000| Untracked 
|  44|0x0000000705800000, 0x0000000705a00000, 0x0000000705a00000|100%| O|  |TAMS 0x0000000705a00000, 0x0000000705800000| Untracked 
|  45|0x0000000705a00000, 0x0000000705c00000, 0x0000000705c00000|100%| O|  |TAMS 0x0000000705c00000, 0x0000000705a00000| Untracked 
|  46|0x0000000705c00000, 0x0000000705e00000, 0x0000000705e00000|100%| O|  |TAMS 0x0000000705e00000, 0x0000000705c00000| Untracked 
|  47|0x0000000705e00000, 0x0000000706000000, 0x0000000706000000|100%| O|  |TAMS 0x0000000706000000, 0x0000000705e00000| Untracked 
|  48|0x0000000706000000, 0x0000000706200000, 0x0000000706200000|100%| O|  |TAMS 0x0000000706200000, 0x0000000706000000| Untracked 
|  49|0x0000000706200000, 0x0000000706400000, 0x0000000706400000|100%| O|  |TAMS 0x0000000706400000, 0x0000000706200000| Untracked 
|  50|0x0000000706400000, 0x0000000706600000, 0x0000000706600000|100%| O|  |TAMS 0x0000000706600000, 0x0000000706400000| Untracked 
|  51|0x0000000706600000, 0x0000000706800000, 0x0000000706800000|100%| O|  |TAMS 0x0000000706800000, 0x0000000706600000| Untracked 
|  52|0x0000000706800000, 0x0000000706a00000, 0x0000000706a00000|100%| O|  |TAMS 0x0000000706a00000, 0x0000000706800000| Untracked 
|  53|0x0000000706a00000, 0x0000000706c00000, 0x0000000706c00000|100%| O|  |TAMS 0x0000000706c00000, 0x0000000706a00000| Untracked 
|  54|0x0000000706c00000, 0x0000000706e00000, 0x0000000706e00000|100%| O|  |TAMS 0x0000000706e00000, 0x0000000706c00000| Untracked 
|  55|0x0000000706e00000, 0x0000000707000000, 0x0000000707000000|100%| O|  |TAMS 0x0000000707000000, 0x0000000706e00000| Untracked 
|  56|0x0000000707000000, 0x0000000707200000, 0x0000000707200000|100%| O|  |TAMS 0x0000000707200000, 0x0000000707000000| Untracked 
|  57|0x0000000707200000, 0x0000000707400000, 0x0000000707400000|100%| O|  |TAMS 0x0000000707200000, 0x0000000707200000| Untracked 
|  58|0x0000000707400000, 0x0000000707600000, 0x0000000707600000|100%| O|  |TAMS 0x0000000707600000, 0x0000000707400000| Untracked 
|  59|0x0000000707600000, 0x0000000707800000, 0x0000000707800000|100%| O|  |TAMS 0x0000000707800000, 0x0000000707600000| Untracked 
|  60|0x0000000707800000, 0x0000000707a00000, 0x0000000707a00000|100%| O|  |TAMS 0x0000000707a00000, 0x0000000707800000| Untracked 
|  61|0x0000000707a00000, 0x0000000707c00000, 0x0000000707c00000|100%| O|  |TAMS 0x0000000707c00000, 0x0000000707a00000| Untracked 
|  62|0x0000000707c00000, 0x0000000707e00000, 0x0000000707e00000|100%| O|  |TAMS 0x0000000707e00000, 0x0000000707c00000| Untracked 
|  63|0x0000000707e00000, 0x0000000708000000, 0x0000000708000000|100%| O|  |TAMS 0x0000000708000000, 0x0000000707e00000| Untracked 
|  64|0x0000000708000000, 0x0000000708200000, 0x0000000708200000|100%| O|  |TAMS 0x0000000708200000, 0x0000000708000000| Untracked 
|  65|0x0000000708200000, 0x0000000708400000, 0x0000000708400000|100%| O|  |TAMS 0x0000000708400000, 0x0000000708200000| Untracked 
|  66|0x0000000708400000, 0x0000000708600000, 0x0000000708600000|100%| O|  |TAMS 0x0000000708600000, 0x0000000708400000| Untracked 
|  67|0x0000000708600000, 0x0000000708800000, 0x0000000708800000|100%| O|  |TAMS 0x0000000708800000, 0x0000000708600000| Untracked 
|  68|0x0000000708800000, 0x0000000708800000, 0x0000000708a00000|  0%| F|  |TAMS 0x0000000708800000, 0x0000000708800000| Untracked 
|  69|0x0000000708a00000, 0x0000000708a00000, 0x0000000708c00000|  0%| F|  |TAMS 0x0000000708a00000, 0x0000000708a00000| Untracked 
|  70|0x0000000708c00000, 0x0000000708c00000, 0x0000000708e00000|  0%| F|  |TAMS 0x0000000708c00000, 0x0000000708c00000| Untracked 
|  71|0x0000000708e00000, 0x0000000709000000, 0x0000000709000000|100%| O|  |TAMS 0x0000000709000000, 0x0000000708e00000| Untracked 
|  72|0x0000000709000000, 0x0000000709200000, 0x0000000709200000|100%| O|  |TAMS 0x0000000709200000, 0x0000000709000000| Untracked 
|  73|0x0000000709200000, 0x0000000709400000, 0x0000000709400000|100%|HS|  |TAMS 0x0000000709400000, 0x0000000709200000| Complete 
|  74|0x0000000709400000, 0x0000000709600000, 0x0000000709600000|100%|HS|  |TAMS 0x0000000709600000, 0x0000000709400000| Complete 
|  75|0x0000000709600000, 0x0000000709800000, 0x0000000709800000|100%|HS|  |TAMS 0x0000000709800000, 0x0000000709600000| Complete 
|  76|0x0000000709800000, 0x0000000709a00000, 0x0000000709a00000|100%|HS|  |TAMS 0x0000000709a00000, 0x0000000709800000| Complete 
|  77|0x0000000709a00000, 0x0000000709c00000, 0x0000000709c00000|100%|HC|  |TAMS 0x0000000709c00000, 0x0000000709a00000| Complete 
|  78|0x0000000709c00000, 0x0000000709e00000, 0x0000000709e00000|100%|HS|  |TAMS 0x0000000709e00000, 0x0000000709c00000| Complete 
|  79|0x0000000709e00000, 0x000000070a000000, 0x000000070a000000|100%|HC|  |TAMS 0x000000070a000000, 0x0000000709e00000| Complete 
|  80|0x000000070a000000, 0x000000070a200000, 0x000000070a200000|100%|HS|  |TAMS 0x000000070a200000, 0x000000070a000000| Complete 
|  81|0x000000070a200000, 0x000000070a400000, 0x000000070a400000|100%| O|  |TAMS 0x000000070a400000, 0x000000070a200000| Untracked 
|  82|0x000000070a400000, 0x000000070a600000, 0x000000070a600000|100%| O|  |TAMS 0x000000070a600000, 0x000000070a400000| Untracked 
|  83|0x000000070a600000, 0x000000070a800000, 0x000000070a800000|100%| O|  |TAMS 0x000000070a800000, 0x000000070a600000| Untracked 
|  84|0x000000070a800000, 0x000000070aa00000, 0x000000070aa00000|100%|HS|  |TAMS 0x000000070aa00000, 0x000000070a800000| Complete 
|  85|0x000000070aa00000, 0x000000070ac00000, 0x000000070ac00000|100%| O|  |TAMS 0x000000070ac00000, 0x000000070aa00000| Untracked 
|  86|0x000000070ac00000, 0x000000070ae00000, 0x000000070ae00000|100%|HS|  |TAMS 0x000000070ae00000, 0x000000070ac00000| Complete 
|  87|0x000000070ae00000, 0x000000070b000000, 0x000000070b000000|100%| O|  |TAMS 0x000000070b000000, 0x000000070ae00000| Untracked 
|  88|0x000000070b000000, 0x000000070b200000, 0x000000070b200000|100%|HS|  |TAMS 0x000000070b200000, 0x000000070b000000| Complete 
|  89|0x000000070b200000, 0x000000070b400000, 0x000000070b400000|100%| O|  |TAMS 0x000000070b400000, 0x000000070b200000| Untracked 
|  90|0x000000070b400000, 0x000000070b600000, 0x000000070b600000|100%| O|  |TAMS 0x000000070b477c00, 0x000000070b400000| Untracked 
|  91|0x000000070b600000, 0x000000070b800000, 0x000000070b800000|100%| O|  |TAMS 0x000000070b600000, 0x000000070b600000| Untracked 
|  92|0x000000070b800000, 0x000000070ba00000, 0x000000070ba00000|100%|HS|  |TAMS 0x000000070ba00000, 0x000000070b800000| Complete 
|  93|0x000000070ba00000, 0x000000070bc00000, 0x000000070bc00000|100%|HC|  |TAMS 0x000000070bc00000, 0x000000070ba00000| Complete 
|  94|0x000000070bc00000, 0x000000070be00000, 0x000000070be00000|100%| O|  |TAMS 0x000000070bc00000, 0x000000070bc00000| Untracked 
|  95|0x000000070be00000, 0x000000070c000000, 0x000000070c000000|100%| O|  |TAMS 0x000000070be00000, 0x000000070be00000| Untracked 
|  96|0x000000070c000000, 0x000000070c200000, 0x000000070c200000|100%| O|  |TAMS 0x000000070c000000, 0x000000070c000000| Untracked 
|  97|0x000000070c200000, 0x000000070c400000, 0x000000070c400000|100%|HS|  |TAMS 0x000000070c400000, 0x000000070c200000| Complete 
|  98|0x000000070c400000, 0x000000070c600000, 0x000000070c600000|100%|HC|  |TAMS 0x000000070c600000, 0x000000070c400000| Complete 
|  99|0x000000070c600000, 0x000000070c800000, 0x000000070c800000|100%|HS|  |TAMS 0x000000070c600000, 0x000000070c600000| Complete 
| 100|0x000000070c800000, 0x000000070ca00000, 0x000000070ca00000|100%| O|  |TAMS 0x000000070ca00000, 0x000000070c800000| Untracked 
| 101|0x000000070ca00000, 0x000000070cc00000, 0x000000070cc00000|100%| O|  |TAMS 0x000000070cc00000, 0x000000070ca00000| Untracked 
| 102|0x000000070cc00000, 0x000000070ce00000, 0x000000070ce00000|100%| O|  |TAMS 0x000000070cc00000, 0x000000070cc00000| Untracked 
| 103|0x000000070ce00000, 0x000000070d000000, 0x000000070d000000|100%| O|  |TAMS 0x000000070ce00000, 0x000000070ce00000| Untracked 
| 104|0x000000070d000000, 0x000000070d200000, 0x000000070d200000|100%| O|  |TAMS 0x000000070d000000, 0x000000070d000000| Untracked 
| 105|0x000000070d200000, 0x000000070d400000, 0x000000070d400000|100%| O|  |TAMS 0x000000070d200000, 0x000000070d200000| Untracked 
| 106|0x000000070d400000, 0x000000070d600000, 0x000000070d600000|100%| O|  |TAMS 0x000000070d400000, 0x000000070d400000| Untracked 
| 107|0x000000070d600000, 0x000000070d800000, 0x000000070d800000|100%| O|  |TAMS 0x000000070d800000, 0x000000070d600000| Untracked 
| 108|0x000000070d800000, 0x000000070da00000, 0x000000070da00000|100%| O|  |TAMS 0x000000070da00000, 0x000000070d800000| Untracked 
| 109|0x000000070da00000, 0x000000070dc00000, 0x000000070dc00000|100%| O|  |TAMS 0x000000070dc00000, 0x000000070da00000| Untracked 
| 110|0x000000070dc00000, 0x000000070de00000, 0x000000070de00000|100%| O|  |TAMS 0x000000070de00000, 0x000000070dc00000| Untracked 
| 111|0x000000070de00000, 0x000000070e000000, 0x000000070e000000|100%| O|  |TAMS 0x000000070e000000, 0x000000070de00000| Untracked 
| 112|0x000000070e000000, 0x000000070e200000, 0x000000070e200000|100%| O|  |TAMS 0x000000070e200000, 0x000000070e000000| Untracked 
| 113|0x000000070e200000, 0x000000070e400000, 0x000000070e400000|100%| O|  |TAMS 0x000000070e200000, 0x000000070e200000| Untracked 
| 114|0x000000070e400000, 0x000000070e600000, 0x000000070e600000|100%| O|  |TAMS 0x000000070e400000, 0x000000070e400000| Untracked 
| 115|0x000000070e600000, 0x000000070e73fe00, 0x000000070e800000| 62%| O|  |TAMS 0x000000070e600000, 0x000000070e600000| Untracked 
| 116|0x000000070e800000, 0x000000070e800000, 0x000000070ea00000|  0%| F|  |TAMS 0x000000070e800000, 0x000000070e800000| Untracked 
| 117|0x000000070ea00000, 0x000000070ea00000, 0x000000070ec00000|  0%| F|  |TAMS 0x000000070ea00000, 0x000000070ea00000| Untracked 
| 118|0x000000070ec00000, 0x000000070ec00000, 0x000000070ee00000|  0%| F|  |TAMS 0x000000070ec00000, 0x000000070ec00000| Untracked 
| 119|0x000000070ee00000, 0x000000070ee00000, 0x000000070f000000|  0%| F|  |TAMS 0x000000070ee00000, 0x000000070ee00000| Untracked 
| 120|0x000000070f000000, 0x000000070f000000, 0x000000070f200000|  0%| F|  |TAMS 0x000000070f000000, 0x000000070f000000| Untracked 
| 121|0x000000070f200000, 0x000000070f200000, 0x000000070f400000|  0%| F|  |TAMS 0x000000070f200000, 0x000000070f200000| Untracked 
| 122|0x000000070f400000, 0x000000070f400000, 0x000000070f600000|  0%| F|  |TAMS 0x000000070f400000, 0x000000070f400000| Untracked 
| 123|0x000000070f600000, 0x000000070f600000, 0x000000070f800000|  0%| F|  |TAMS 0x000000070f600000, 0x000000070f600000| Untracked 
| 124|0x000000070f800000, 0x000000070f800000, 0x000000070fa00000|  0%| F|  |TAMS 0x000000070f800000, 0x000000070f800000| Untracked 
| 125|0x000000070fa00000, 0x000000070fa00000, 0x000000070fc00000|  0%| F|  |TAMS 0x000000070fa00000, 0x000000070fa00000| Untracked 
| 126|0x000000070fc00000, 0x000000070fc00000, 0x000000070fe00000|  0%| F|  |TAMS 0x000000070fc00000, 0x000000070fc00000| Untracked 
| 127|0x000000070fe00000, 0x000000070fe00000, 0x0000000710000000|  0%| F|  |TAMS 0x000000070fe00000, 0x000000070fe00000| Untracked 
| 128|0x0000000710000000, 0x0000000710000000, 0x0000000710200000|  0%| F|  |TAMS 0x0000000710000000, 0x0000000710000000| Untracked 
| 129|0x0000000710200000, 0x0000000710200000, 0x0000000710400000|  0%| F|  |TAMS 0x0000000710200000, 0x0000000710200000| Untracked 
| 130|0x0000000710400000, 0x0000000710400000, 0x0000000710600000|  0%| F|  |TAMS 0x0000000710400000, 0x0000000710400000| Untracked 
| 131|0x0000000710600000, 0x0000000710600000, 0x0000000710800000|  0%| F|  |TAMS 0x0000000710600000, 0x0000000710600000| Untracked 
| 132|0x0000000710800000, 0x0000000710800000, 0x0000000710a00000|  0%| F|  |TAMS 0x0000000710800000, 0x0000000710800000| Untracked 
| 133|0x0000000710a00000, 0x0000000710a00000, 0x0000000710c00000|  0%| F|  |TAMS 0x0000000710a00000, 0x0000000710a00000| Untracked 
| 134|0x0000000710c00000, 0x0000000710c00000, 0x0000000710e00000|  0%| F|  |TAMS 0x0000000710c00000, 0x0000000710c00000| Untracked 
| 135|0x0000000710e00000, 0x0000000710e00000, 0x0000000711000000|  0%| F|  |TAMS 0x0000000710e00000, 0x0000000710e00000| Untracked 
| 136|0x0000000711000000, 0x0000000711000000, 0x0000000711200000|  0%| F|  |TAMS 0x0000000711000000, 0x0000000711000000| Untracked 
| 137|0x0000000711200000, 0x0000000711200000, 0x0000000711400000|  0%| F|  |TAMS 0x0000000711200000, 0x0000000711200000| Untracked 
| 138|0x0000000711400000, 0x0000000711400000, 0x0000000711600000|  0%| F|  |TAMS 0x0000000711400000, 0x0000000711400000| Untracked 
| 139|0x0000000711600000, 0x0000000711600000, 0x0000000711800000|  0%| F|  |TAMS 0x0000000711600000, 0x0000000711600000| Untracked 
| 140|0x0000000711800000, 0x0000000711800000, 0x0000000711a00000|  0%| F|  |TAMS 0x0000000711800000, 0x0000000711800000| Untracked 
| 141|0x0000000711a00000, 0x0000000711a00000, 0x0000000711c00000|  0%| F|  |TAMS 0x0000000711a00000, 0x0000000711a00000| Untracked 
| 142|0x0000000711c00000, 0x0000000711c00000, 0x0000000711e00000|  0%| F|  |TAMS 0x0000000711c00000, 0x0000000711c00000| Untracked 
| 143|0x0000000711e00000, 0x0000000711e00000, 0x0000000712000000|  0%| F|  |TAMS 0x0000000711e00000, 0x0000000711e00000| Untracked 
| 144|0x0000000712000000, 0x0000000712000000, 0x0000000712200000|  0%| F|  |TAMS 0x0000000712000000, 0x0000000712000000| Untracked 
| 145|0x0000000712200000, 0x0000000712200000, 0x0000000712400000|  0%| F|  |TAMS 0x0000000712200000, 0x0000000712200000| Untracked 
| 146|0x0000000712400000, 0x0000000712400000, 0x0000000712600000|  0%| F|  |TAMS 0x0000000712400000, 0x0000000712400000| Untracked 
| 147|0x0000000712600000, 0x0000000712600000, 0x0000000712800000|  0%| F|  |TAMS 0x0000000712600000, 0x0000000712600000| Untracked 
| 148|0x0000000712800000, 0x0000000712800000, 0x0000000712a00000|  0%| F|  |TAMS 0x0000000712800000, 0x0000000712800000| Untracked 
| 149|0x0000000712a00000, 0x0000000712a00000, 0x0000000712c00000|  0%| F|  |TAMS 0x0000000712a00000, 0x0000000712a00000| Untracked 
| 150|0x0000000712c00000, 0x0000000712c00000, 0x0000000712e00000|  0%| F|  |TAMS 0x0000000712c00000, 0x0000000712c00000| Untracked 
| 151|0x0000000712e00000, 0x0000000712e00000, 0x0000000713000000|  0%| F|  |TAMS 0x0000000712e00000, 0x0000000712e00000| Untracked 
| 152|0x0000000713000000, 0x0000000713000000, 0x0000000713200000|  0%| F|  |TAMS 0x0000000713000000, 0x0000000713000000| Untracked 
| 153|0x0000000713200000, 0x0000000713200000, 0x0000000713400000|  0%| F|  |TAMS 0x0000000713200000, 0x0000000713200000| Untracked 
| 154|0x0000000713400000, 0x0000000713400000, 0x0000000713600000|  0%| F|  |TAMS 0x0000000713400000, 0x0000000713400000| Untracked 
| 155|0x0000000713600000, 0x0000000713600000, 0x0000000713800000|  0%| F|  |TAMS 0x0000000713600000, 0x0000000713600000| Untracked 
| 156|0x0000000713800000, 0x0000000713800000, 0x0000000713a00000|  0%| F|  |TAMS 0x0000000713800000, 0x0000000713800000| Untracked 
| 157|0x0000000713a00000, 0x0000000713a00000, 0x0000000713c00000|  0%| F|  |TAMS 0x0000000713a00000, 0x0000000713a00000| Untracked 
| 158|0x0000000713c00000, 0x0000000713c00000, 0x0000000713e00000|  0%| F|  |TAMS 0x0000000713c00000, 0x0000000713c00000| Untracked 
| 159|0x0000000713e00000, 0x0000000713e00000, 0x0000000714000000|  0%| F|  |TAMS 0x0000000713e00000, 0x0000000713e00000| Untracked 
| 160|0x0000000714000000, 0x0000000714000000, 0x0000000714200000|  0%| F|  |TAMS 0x0000000714000000, 0x0000000714000000| Untracked 
| 161|0x0000000714200000, 0x0000000714200000, 0x0000000714400000|  0%| F|  |TAMS 0x0000000714200000, 0x0000000714200000| Untracked 
| 162|0x0000000714400000, 0x0000000714400000, 0x0000000714600000|  0%| F|  |TAMS 0x0000000714400000, 0x0000000714400000| Untracked 
| 163|0x0000000714600000, 0x0000000714600000, 0x0000000714800000|  0%| F|  |TAMS 0x0000000714600000, 0x0000000714600000| Untracked 
| 164|0x0000000714800000, 0x0000000714800000, 0x0000000714a00000|  0%| F|  |TAMS 0x0000000714800000, 0x0000000714800000| Untracked 
| 165|0x0000000714a00000, 0x0000000714a00000, 0x0000000714c00000|  0%| F|  |TAMS 0x0000000714a00000, 0x0000000714a00000| Untracked 
| 166|0x0000000714c00000, 0x0000000714c00000, 0x0000000714e00000|  0%| F|  |TAMS 0x0000000714c00000, 0x0000000714c00000| Untracked 
| 167|0x0000000714e00000, 0x0000000714e00000, 0x0000000715000000|  0%| F|  |TAMS 0x0000000714e00000, 0x0000000714e00000| Untracked 
| 168|0x0000000715000000, 0x0000000715000000, 0x0000000715200000|  0%| F|  |TAMS 0x0000000715000000, 0x0000000715000000| Untracked 
| 169|0x0000000715200000, 0x0000000715200000, 0x0000000715400000|  0%| F|  |TAMS 0x0000000715200000, 0x0000000715200000| Untracked 
| 170|0x0000000715400000, 0x0000000715400000, 0x0000000715600000|  0%| F|  |TAMS 0x0000000715400000, 0x0000000715400000| Untracked 
| 171|0x0000000715600000, 0x0000000715600000, 0x0000000715800000|  0%| F|  |TAMS 0x0000000715600000, 0x0000000715600000| Untracked 
| 172|0x0000000715800000, 0x0000000715800000, 0x0000000715a00000|  0%| F|  |TAMS 0x0000000715800000, 0x0000000715800000| Untracked 
| 173|0x0000000715a00000, 0x0000000715a00000, 0x0000000715c00000|  0%| F|  |TAMS 0x0000000715a00000, 0x0000000715a00000| Untracked 
| 174|0x0000000715c00000, 0x0000000715c00000, 0x0000000715e00000|  0%| F|  |TAMS 0x0000000715c00000, 0x0000000715c00000| Untracked 
| 175|0x0000000715e00000, 0x0000000715e00000, 0x0000000716000000|  0%| F|  |TAMS 0x0000000715e00000, 0x0000000715e00000| Untracked 
| 176|0x0000000716000000, 0x0000000716000000, 0x0000000716200000|  0%| F|  |TAMS 0x0000000716000000, 0x0000000716000000| Untracked 
| 177|0x0000000716200000, 0x0000000716200000, 0x0000000716400000|  0%| F|  |TAMS 0x0000000716200000, 0x0000000716200000| Untracked 
| 178|0x0000000716400000, 0x0000000716400000, 0x0000000716600000|  0%| F|  |TAMS 0x0000000716400000, 0x0000000716400000| Untracked 
| 179|0x0000000716600000, 0x0000000716600000, 0x0000000716800000|  0%| F|  |TAMS 0x0000000716600000, 0x0000000716600000| Untracked 
| 180|0x0000000716800000, 0x0000000716800000, 0x0000000716a00000|  0%| F|  |TAMS 0x0000000716800000, 0x0000000716800000| Untracked 
| 181|0x0000000716a00000, 0x0000000716a00000, 0x0000000716c00000|  0%| F|  |TAMS 0x0000000716a00000, 0x0000000716a00000| Untracked 
| 182|0x0000000716c00000, 0x0000000716c00000, 0x0000000716e00000|  0%| F|  |TAMS 0x0000000716c00000, 0x0000000716c00000| Untracked 
| 183|0x0000000716e00000, 0x0000000717000000, 0x0000000717000000|100%| S|CS|TAMS 0x0000000716e00000, 0x0000000716e00000| Complete 
| 184|0x0000000717000000, 0x0000000717200000, 0x0000000717200000|100%| S|CS|TAMS 0x0000000717000000, 0x0000000717000000| Complete 
| 185|0x0000000717200000, 0x0000000717200000, 0x0000000717400000|  0%| F|  |TAMS 0x0000000717200000, 0x0000000717200000| Untracked 
| 186|0x0000000717400000, 0x0000000717400000, 0x0000000717600000|  0%| F|  |TAMS 0x0000000717400000, 0x0000000717400000| Untracked 
| 187|0x0000000717600000, 0x0000000717600000, 0x0000000717800000|  0%| F|  |TAMS 0x0000000717600000, 0x0000000717600000| Untracked 
| 188|0x0000000717800000, 0x0000000717800000, 0x0000000717a00000|  0%| F|  |TAMS 0x0000000717800000, 0x0000000717800000| Untracked 
| 189|0x0000000717a00000, 0x0000000717a00000, 0x0000000717c00000|  0%| F|  |TAMS 0x0000000717a00000, 0x0000000717a00000| Untracked 
| 190|0x0000000717c00000, 0x0000000717c00000, 0x0000000717e00000|  0%| F|  |TAMS 0x0000000717c00000, 0x0000000717c00000| Untracked 
| 191|0x0000000717e00000, 0x0000000717e00000, 0x0000000718000000|  0%| F|  |TAMS 0x0000000717e00000, 0x0000000717e00000| Untracked 
| 192|0x0000000718000000, 0x0000000718000000, 0x0000000718200000|  0%| F|  |TAMS 0x0000000718000000, 0x0000000718000000| Untracked 
| 193|0x0000000718200000, 0x0000000718200000, 0x0000000718400000|  0%| F|  |TAMS 0x0000000718200000, 0x0000000718200000| Untracked 

Card table byte_map: [0x000001bafcd40000,0x000001bafd540000] _byte_map_base: 0x000001baf9540000

Marking Bits (Prev, Next): (CMBitMap*) 0x000001baea0d9250, (CMBitMap*) 0x000001baea0d9210
 Prev Bits: [0x000001ba84000000, 0x000001ba88000000)
 Next Bits: [0x000001ba80000000, 0x000001ba84000000)

Polling page: 0x000001bae8060000

Metaspace:

Usage:
  Non-class:    100.05 MB used.
      Class:     15.94 MB used.
       Both:    116.00 MB used.

Virtual space:
  Non-class space:      104.00 MB reserved,     100.69 MB ( 97%) committed,  13 nodes.
      Class space:        1.00 GB reserved,      16.38 MB (  2%) committed,  1 nodes.
             Both:        1.10 GB reserved,     117.06 MB ( 10%) committed. 

Chunk freelists:
   Non-Class:  2.80 MB
       Class:  3.44 MB
        Both:  6.23 MB

MaxMetaspaceSize: unlimited
CompressedClassSpaceSize: 1.00 GB
Initial GC threshold: 21.00 MB
Current GC threshold: 191.38 MB
CDS: off
MetaspaceReclaimPolicy: balanced
 - commit_granule_bytes: 65536.
 - commit_granule_words: 8192.
 - virtual_space_node_default_size: 1048576.
 - enlarge_chunks_in_place: 1.
 - new_chunks_are_fully_committed: 0.
 - uncommit_free_chunks: 1.
 - use_allocation_guard: 0.
 - handle_deallocations: 1.


Internal statistics:

num_allocs_failed_limit: 21.
num_arena_births: 1480.
num_arena_deaths: 4.
num_vsnodes_births: 14.
num_vsnodes_deaths: 0.
num_space_committed: 1873.
num_space_uncommitted: 0.
num_chunks_returned_to_freelist: 25.
num_chunks_taken_from_freelist: 6205.
num_chunk_merges: 15.
num_chunk_splits: 4021.
num_chunks_enlarged: 2552.
num_purges: 2.
num_inconsistent_stats: 0.

CodeHeap 'non-profiled nmethods': size=120000Kb used=9065Kb max_used=9676Kb free=110934Kb
 bounds [0x000001baf5010000, 0x000001baf5990000, 0x000001bafc540000]
CodeHeap 'profiled nmethods': size=120000Kb used=28138Kb max_used=29222Kb free=91861Kb
 bounds [0x000001baed540000, 0x000001baef1f0000, 0x000001baf4a70000]
CodeHeap 'non-nmethods': size=5760Kb used=2463Kb max_used=2506Kb free=3296Kb
 bounds [0x000001baf4a70000, 0x000001baf4cf0000, 0x000001baf5010000]
 total_blobs=15479 nmethods=14472 adapters=917
 compilation: enabled
              stopped_count=0, restarted_count=0
 full_count=0

Compilation events (20 events):
Event: 103.369 Thread 0x000001ba88d1ae50 nmethod 17567 0x000001baef15eb10 code [0x000001baef15ecc0, 0x000001baef15f018]
Event: 103.371 Thread 0x000001ba88d1ae50 17569       3       com.android.tools.r8.code.a0::<init> (7 bytes)
Event: 103.371 Thread 0x000001ba88d1ae50 nmethod 17569 0x000001baee7e4910 code [0x000001baee7e4aa0, 0x000001baee7e4be8]
Event: 103.371 Thread 0x000001ba88d1ae50 17571       3       com.android.tools.r8.code.T0::hashCode (21 bytes)
Event: 103.371 Thread 0x000001ba88d1ae50 nmethod 17571 0x000001baee422a10 code [0x000001baee422bc0, 0x000001baee422dc8]
Event: 103.372 Thread 0x000001ba88d1ae50 17572       3       com.android.tools.r8.code.w1::b (25 bytes)
Event: 103.372 Thread 0x000001ba88d1ae50 nmethod 17572 0x000001baee6e7c10 code [0x000001baee6e7de0, 0x000001baee6e8238]
Event: 103.373 Thread 0x000001ba88d1ae50 17573       3       com.android.tools.r8.code.T0::<init> (20 bytes)
Event: 103.373 Thread 0x000001ba88d1ae50 nmethod 17573 0x000001baedfcbc10 code [0x000001baedfcbe20, 0x000001baedfcc558]
Event: 103.375 Thread 0x000001ba88d1ae50 17574       3       com.android.tools.r8.code.c1::<init> (7 bytes)
Event: 103.375 Thread 0x000001ba88d1ae50 nmethod 17574 0x000001baed9a8310 code [0x000001baed9a84a0, 0x000001baed9a85e8]
Event: 103.375 Thread 0x000001ba88d1ae50 17575       3       com.android.tools.r8.graph.N$b$$Lambda$1628/0x00000008010837b0::apply (8 bytes)
Event: 103.375 Thread 0x000001ba88d1ae50 nmethod 17575 0x000001baeebada90 code [0x000001baeebadc20, 0x000001baeebade58]
Event: 103.375 Thread 0x000001ba88d1ae50 17576       3       com.android.tools.r8.internal.bn::b (42 bytes)
Event: 103.376 Thread 0x000001ba88d1ae50 nmethod 17576 0x000001baedf0ee90 code [0x000001baedf0f080, 0x000001baedf0f6f8]
Event: 103.376 Thread 0x000001ba88d1ae50 17577       3       com.android.tools.r8.code.m1::<init> (7 bytes)
Event: 103.376 Thread 0x000001ba88d1ae50 nmethod 17577 0x000001baeebad710 code [0x000001baeebad8a0, 0x000001baeebad9e8]
Event: 103.377 Thread 0x000001ba88d1ae50 17578       3       com.android.tools.r8.code.I2::<init> (13 bytes)
Event: 103.377 Thread 0x000001ba88d1ae50 nmethod 17578 0x000001baeece8610 code [0x000001baeece87c0, 0x000001baeece8988]
Event: 103.377 Thread 0x000001ba88d1ae50 17579 %     3       com.android.tools.r8.code.y1::a @ 20 (4129 bytes)

GC Heap History (20 events):
Event: 38.099 GC heap after
{Heap after GC invocations=48 (full 0):
 garbage-first heap   total 227328K, used 136297K [0x0000000700000000, 0x0000000800000000)
  region size 2048K, 3 young (6144K), 3 survivors (6144K)
 Metaspace       used 109886K, committed 110912K, reserved 1146880K
  class space    used 14906K, committed 15360K, reserved 1048576K
}
Event: 94.616 GC heap before
{Heap before GC invocations=48 (full 0):
 garbage-first heap   total 227328K, used 185449K [0x0000000700000000, 0x0000000800000000)
  region size 2048K, 28 young (57344K), 3 survivors (6144K)
 Metaspace       used 111144K, committed 112256K, reserved 1146880K
  class space    used 15107K, committed 15616K, reserved 1048576K
}
Event: 94.627 GC heap after
{Heap after GC invocations=49 (full 0):
 garbage-first heap   total 227328K, used 138845K [0x0000000700000000, 0x0000000800000000)
  region size 2048K, 2 young (4096K), 2 survivors (4096K)
 Metaspace       used 111144K, committed 112256K, reserved 1146880K
  class space    used 15107K, committed 15616K, reserved 1048576K
}
Event: 95.308 GC heap before
{Heap before GC invocations=49 (full 0):
 garbage-first heap   total 227328K, used 185949K [0x0000000700000000, 0x0000000800000000)
  region size 2048K, 26 young (53248K), 2 survivors (4096K)
 Metaspace       used 112156K, committed 113280K, reserved 1155072K
  class space    used 15236K, committed 15744K, reserved 1048576K
}
Event: 95.319 GC heap after
{Heap after GC invocations=50 (full 0):
 garbage-first heap   total 227328K, used 142455K [0x0000000700000000, 0x0000000800000000)
  region size 2048K, 4 young (8192K), 4 survivors (8192K)
 Metaspace       used 112156K, committed 113280K, reserved 1155072K
  class space    used 15236K, committed 15744K, reserved 1048576K
}
Event: 95.637 GC heap before
{Heap before GC invocations=50 (full 0):
 garbage-first heap   total 227328K, used 187511K [0x0000000700000000, 0x0000000800000000)
  region size 2048K, 26 young (53248K), 4 survivors (8192K)
 Metaspace       used 112189K, committed 113344K, reserved 1155072K
  class space    used 15236K, committed 15744K, reserved 1048576K
}
Event: 95.653 GC heap after
{Heap after GC invocations=51 (full 0):
 garbage-first heap   total 227328K, used 149248K [0x0000000700000000, 0x0000000800000000)
  region size 2048K, 4 young (8192K), 4 survivors (8192K)
 Metaspace       used 112189K, committed 113344K, reserved 1155072K
  class space    used 15236K, committed 15744K, reserved 1048576K
}
Event: 96.586 GC heap before
{Heap before GC invocations=51 (full 0):
 garbage-first heap   total 227328K, used 186112K [0x0000000700000000, 0x0000000800000000)
  region size 2048K, 23 young (47104K), 4 survivors (8192K)
 Metaspace       used 112584K, committed 113728K, reserved 1155072K
  class space    used 15300K, committed 15808K, reserved 1048576K
}
Event: 96.603 GC heap after
{Heap after GC invocations=52 (full 0):
 garbage-first heap   total 274432K, used 153378K [0x0000000700000000, 0x0000000800000000)
  region size 2048K, 3 young (6144K), 3 survivors (6144K)
 Metaspace       used 112584K, committed 113728K, reserved 1155072K
  class space    used 15300K, committed 15808K, reserved 1048576K
}
Event: 97.646 GC heap before
{Heap before GC invocations=52 (full 0):
 garbage-first heap   total 274432K, used 220962K [0x0000000700000000, 0x0000000800000000)
  region size 2048K, 30 young (61440K), 3 survivors (6144K)
 Metaspace       used 113849K, committed 114880K, reserved 1155072K
  class space    used 15470K, committed 15936K, reserved 1048576K
}
Event: 97.656 GC heap after
{Heap after GC invocations=53 (full 0):
 garbage-first heap   total 274432K, used 180224K [0x0000000700000000, 0x0000000800000000)
  region size 2048K, 5 young (10240K), 5 survivors (10240K)
 Metaspace       used 113849K, committed 114880K, reserved 1155072K
  class space    used 15470K, committed 15936K, reserved 1048576K
}
Event: 98.710 GC heap before
{Heap before GC invocations=54 (full 0):
 garbage-first heap   total 307200K, used 256000K [0x0000000700000000, 0x0000000800000000)
  region size 2048K, 26 young (53248K), 5 survivors (10240K)
 Metaspace       used 116437K, committed 117504K, reserved 1155072K
  class space    used 15864K, committed 16320K, reserved 1048576K
}
Event: 98.732 GC heap after
{Heap after GC invocations=55 (full 0):
 garbage-first heap   total 307200K, used 207468K [0x0000000700000000, 0x0000000800000000)
  region size 2048K, 4 young (8192K), 4 survivors (8192K)
 Metaspace       used 116437K, committed 117504K, reserved 1155072K
  class space    used 15864K, committed 16320K, reserved 1048576K
}
Event: 98.793 GC heap before
{Heap before GC invocations=55 (full 0):
 garbage-first heap   total 307200K, used 213612K [0x0000000700000000, 0x0000000800000000)
  region size 2048K, 7 young (14336K), 4 survivors (8192K)
 Metaspace       used 116437K, committed 117504K, reserved 1155072K
  class space    used 15864K, committed 16320K, reserved 1048576K
}
Event: 98.809 GC heap after
{Heap after GC invocations=56 (full 0):
 garbage-first heap   total 307200K, used 207327K [0x0000000700000000, 0x0000000800000000)
  region size 2048K, 1 young (2048K), 1 survivors (2048K)
 Metaspace       used 116437K, committed 117504K, reserved 1155072K
  class space    used 15864K, committed 16320K, reserved 1048576K
}
Event: 100.187 GC heap before
{Heap before GC invocations=56 (full 0):
 garbage-first heap   total 307200K, used 248287K [0x0000000700000000, 0x0000000800000000)
  region size 2048K, 21 young (43008K), 1 survivors (2048K)
 Metaspace       used 116453K, committed 117568K, reserved 1155072K
  class space    used 15865K, committed 16320K, reserved 1048576K
}
Event: 100.226 GC heap after
{Heap after GC invocations=57 (full 0):
 garbage-first heap   total 307200K, used 223748K [0x0000000700000000, 0x0000000800000000)
  region size 2048K, 3 young (6144K), 3 survivors (6144K)
 Metaspace       used 116453K, committed 117568K, reserved 1155072K
  class space    used 15865K, committed 16320K, reserved 1048576K
}
Event: 102.233 GC heap before
{Heap before GC invocations=58 (full 0):
 garbage-first heap   total 397312K, used 246276K [0x0000000700000000, 0x0000000800000000)
  region size 2048K, 13 young (26624K), 3 survivors (6144K)
 Metaspace       used 118005K, committed 119104K, reserved 1155072K
  class space    used 16248K, committed 16704K, reserved 1048576K
}
Event: 102.275 GC heap after
{Heap after GC invocations=59 (full 0):
 garbage-first heap   total 397312K, used 233376K [0x0000000700000000, 0x0000000800000000)
  region size 2048K, 2 young (4096K), 2 survivors (4096K)
 Metaspace       used 118005K, committed 119104K, reserved 1155072K
  class space    used 16248K, committed 16704K, reserved 1048576K
}
Event: 103.399 GC heap before
{Heap before GC invocations=59 (full 0):
 garbage-first heap   total 397312K, used 247712K [0x0000000700000000, 0x0000000800000000)
  region size 2048K, 9 young (18432K), 2 survivors (4096K)
 Metaspace       used 118781K, committed 119872K, reserved 1155072K
  class space    used 16327K, committed 16768K, reserved 1048576K
}

Dll operation events (2 events):
Event: 0.011 Loaded shared library C:\Program Files\Android\Android Studio\jbr\bin\java.dll
Event: 1.122 Loaded shared library C:\Program Files\Android\Android Studio\jbr\bin\verify.dll

Deoptimization events (20 events):
Event: 102.304 Thread 0x000001ba8b519a00 Uncommon trap: trap_request=0xffffff45 fr.pc=0x000001baf553f8a4 relative=0x00000000000002c4
Event: 102.304 Thread 0x000001ba8b51bbb0 Uncommon trap: trap_request=0xffffff45 fr.pc=0x000001baf553f8a4 relative=0x00000000000002c4
Event: 102.304 Thread 0x000001ba8b519a00 Uncommon trap: reason=unstable_if action=reinterpret pc=0x000001baf553f8a4 method=com.android.tools.r8.graph.P0.h(Ljava/lang/Object;)Z @ 37 c2
Event: 102.304 Thread 0x000001ba8b51bbb0 Uncommon trap: reason=unstable_if action=reinterpret pc=0x000001baf553f8a4 method=com.android.tools.r8.graph.P0.h(Ljava/lang/Object;)Z @ 37 c2
Event: 102.304 Thread 0x000001ba8b519a00 DEOPT PACKING pc=0x000001baf553f8a4 sp=0x000000162cffefc0
Event: 102.304 Thread 0x000001ba8b519a00 DEOPT UNPACKING pc=0x000001baf4ac69a3 sp=0x000000162cffef60 mode 2
Event: 102.304 Thread 0x000001ba8b51bbb0 DEOPT PACKING pc=0x000001baf553f8a4 sp=0x000000162c4feb40
Event: 102.304 Thread 0x000001ba8b51bbb0 DEOPT UNPACKING pc=0x000001baf4ac69a3 sp=0x000000162c4feae0 mode 2
Event: 102.347 Thread 0x000001ba8b519a00 Uncommon trap: trap_request=0xffffff45 fr.pc=0x000001baf562b0ec relative=0x00000000000003cc
Event: 102.347 Thread 0x000001ba8b519a00 Uncommon trap: reason=unstable_if action=reinterpret pc=0x000001baf562b0ec method=com.android.tools.r8.graph.X0.h(Ljava/lang/Object;)Z @ 23 c2
Event: 102.347 Thread 0x000001ba8b519a00 DEOPT PACKING pc=0x000001baf562b0ec sp=0x000000162cffef30
Event: 102.347 Thread 0x000001ba8b519a00 DEOPT UNPACKING pc=0x000001baf4ac69a3 sp=0x000000162cffeec0 mode 2
Event: 102.386 Thread 0x000001ba8b51bbb0 Uncommon trap: trap_request=0xffffff45 fr.pc=0x000001baf5962ae4 relative=0x0000000000000144
Event: 102.386 Thread 0x000001ba8b51bbb0 Uncommon trap: reason=unstable_if action=reinterpret pc=0x000001baf5962ae4 method=com.android.tools.r8.internal.bt.get(I)Ljava/lang/Object; @ 1 c2
Event: 102.386 Thread 0x000001ba8b51bbb0 DEOPT PACKING pc=0x000001baf5962ae4 sp=0x000000162c4febf0
Event: 102.387 Thread 0x000001ba8b51bbb0 DEOPT UNPACKING pc=0x000001baf4ac69a3 sp=0x000000162c4feb88 mode 2
Event: 103.376 Thread 0x000001ba8b51bbb0 Uncommon trap: trap_request=0xffffff45 fr.pc=0x000001baf5474a0c relative=0x00000000000064ec
Event: 103.376 Thread 0x000001ba8b51bbb0 Uncommon trap: reason=unstable_if action=reinterpret pc=0x000001baf5474a0c method=com.android.tools.r8.code.y1.a(Ljava/nio/ShortBuffer;IILcom/android/tools/r8/internal/nL;)[Lcom/android/tools/r8/code/w1; @ 541 c2
Event: 103.376 Thread 0x000001ba8b51bbb0 DEOPT PACKING pc=0x000001baf5474a0c sp=0x000000162c4feaa0
Event: 103.376 Thread 0x000001ba8b51bbb0 DEOPT UNPACKING pc=0x000001baf4ac69a3 sp=0x000000162c4fea78 mode 2

Classes unloaded (2 events):
Event: 98.075 Thread 0x000001ba882b8a00 Unloading class 0x0000000800e4c800 'java/lang/invoke/LambdaForm$DMH+0x0000000800e4c800'
Event: 98.075 Thread 0x000001ba882b8a00 Unloading class 0x0000000800e4c400 'java/lang/invoke/LambdaForm$DMH+0x0000000800e4c400'

Classes redefined (0 events):
No events

Internal exceptions (20 events):
Event: 94.697 Thread 0x000001ba8c896de0 Exception <a 'sun/nio/fs/WindowsException'{0x000000070db0fa50}> (0x000000070db0fa50) 
thrown [s\src\hotspot\share\prims\jni.cpp, line 517]
Event: 94.721 Thread 0x000001ba8c7f76d0 Exception <a 'sun/nio/fs/WindowsException'{0x000000070d8253c8}> (0x000000070d8253c8) 
thrown [s\src\hotspot\share\prims\jni.cpp, line 517]
Event: 94.721 Thread 0x000001ba8c7f76d0 Exception <a 'sun/nio/fs/WindowsException'{0x000000070d825678}> (0x000000070d825678) 
thrown [s\src\hotspot\share\prims\jni.cpp, line 517]
Event: 95.812 Thread 0x000001ba8c7f76d0 Exception <a 'java/lang/NoSuchMethodError'{0x000000070d5cbf58}: 'java.lang.Object java.lang.invoke.DirectMethodHandle$Holder.invokeVirtual(java.lang.Object, java.lang.Object, int)'> (0x000000070d5cbf58) 
thrown [s\src\hotspot\share\interpreter\linkResolver.cpp, line 771]
Event: 96.233 Thread 0x000001ba8c7f76d0 Implicit null exception at 0x000001baf58d1aed to 0x000001baf58d1b40
Event: 96.234 Thread 0x000001ba8c7f76d0 Implicit null exception at 0x000001baf58aecb0 to 0x000001baf58aecc8
Event: 96.681 Thread 0x000001ba8c897780 Exception <a 'sun/nio/fs/WindowsException'{0x0000000710bcdf80}> (0x0000000710bcdf80) 
thrown [s\src\hotspot\share\prims\jni.cpp, line 517]
Event: 96.682 Thread 0x000001ba8c897780 Exception <a 'sun/nio/fs/WindowsException'{0x0000000710bcee10}> (0x0000000710bcee10) 
thrown [s\src\hotspot\share\prims\jni.cpp, line 517]
Event: 97.597 Thread 0x000001ba8c7f7ba0 Exception <a 'sun/nio/fs/WindowsException'{0x000000070d9acd30}> (0x000000070d9acd30) 
thrown [s\src\hotspot\share\prims\jni.cpp, line 517]
Event: 98.009 Thread 0x000001ba8c7f7ba0 Exception <a 'java/lang/NoSuchMethodError'{0x0000000710986c60}: 'int java.lang.invoke.DirectMethodHandle$Holder.invokeSpecial(java.lang.Object, java.lang.Object, int)'> (0x0000000710986c60) 
thrown [s\src\hotspot\share\interpreter\linkResolver.cpp, line 771]
Event: 98.276 Thread 0x000001ba8c7f7ba0 Exception <a 'java/lang/NoSuchMethodError'{0x0000000712935d70}: 'java.lang.Object java.lang.invoke.DirectMethodHandle$Holder.invokeStaticInit(java.lang.Object, java.lang.Object, java.lang.Object, java.lang.Object, java.lang.Object, java.lang.Object, java.lang.Object, java.lang.Object, java.lang.Object, java.lang.Object, java.lang.Object, java.lang.Object, java.lang.Object, java.lang.Object, java.lang.Object, java.lang.Object, java.lang.Object, java.lang.Object, int, java.lang.Object, java.lang.Object)'> (0
Event: 98.420 Thread 0x000001ba8c7f76d0 Exception <a 'java/lang/NoSuchMethodError'{0x0000000710ed7c48}: static [Ljava/lang/Object;.<clinit>()V> (0x0000000710ed7c48) 
thrown [s\src\hotspot\share\prims\jni.cpp, line 1108]
Event: 102.177 Thread 0x000001ba8b51b210 Exception <a 'java/lang/NoSuchMethodError'{0x0000000717bfcd80}: 'long java.lang.invoke.DirectMethodHandle$Holder.invokeStatic(java.lang.Object, java.lang.Object, java.lang.Object)'> (0x0000000717bfcd80) 
thrown [s\src\hotspot\share\interpreter\linkResolver.cpp, line 771]
Event: 102.276 Thread 0x000001ba8b519a00 Exception <a 'java/lang/IncompatibleClassChangeError'{0x000000071820b858}: Found class java.lang.Object, but interface was expected> (0x000000071820b858) 
thrown [s\src\hotspot\share\interpreter\linkResolver.cpp, line 838]
Event: 102.278 Thread 0x000001ba8b51bbb0 Exception <a 'java/lang/NoSuchMethodError'{0x000000071820e4d0}: 'long java.lang.invoke.DirectMethodHandle$Holder.invokeStatic(java.lang.Object, java.lang.Object, java.lang.Object)'> (0x000000071820e4d0) 
thrown [s\src\hotspot\share\interpreter\linkResolver.cpp, line 771]
Event: 102.279 Thread 0x000001ba8b51ca20 Exception <a 'java/lang/NoSuchMethodError'{0x0000000718217e78}: 'long java.lang.invoke.DirectMethodHandle$Holder.invokeStatic(java.lang.Object, java.lang.Object, java.lang.Object)'> (0x0000000718217e78) 
thrown [s\src\hotspot\share\interpreter\linkResolver.cpp, line 771]
Event: 102.298 Thread 0x000001ba8b519a00 Exception <a 'java/lang/IncompatibleClassChangeError'{0x000000071832be00}: Found class java.lang.Object, but interface was expected> (0x000000071832be00) 
thrown [s\src\hotspot\share\interpreter\linkResolver.cpp, line 838]
Event: 102.299 Thread 0x000001ba8b51bbb0 Exception <a 'java/lang/IncompatibleClassChangeError'{0x0000000718327d68}: Found class java.lang.Object, but interface was expected> (0x0000000718327d68) 
thrown [s\src\hotspot\share\interpreter\linkResolver.cpp, line 838]
Event: 102.301 Thread 0x000001ba8b519a00 Exception <a 'java/lang/IncompatibleClassChangeError'{0x000000071834e618}: Found class java.lang.Object, but interface was expected> (0x000000071834e618) 
thrown [s\src\hotspot\share\interpreter\linkResolver.cpp, line 838]
Event: 102.301 Thread 0x000001ba8b51bbb0 Exception <a 'java/lang/IncompatibleClassChangeError'{0x00000007183387d8}: Found class java.lang.Object, but interface was expected> (0x00000007183387d8) 
thrown [s\src\hotspot\share\interpreter\linkResolver.cpp, line 838]

VM Operations (20 events):
Event: 98.809 Executing VM operation: G1CollectForAllocation done
Event: 99.134 Executing VM operation: HandshakeAllThreads
Event: 99.134 Executing VM operation: HandshakeAllThreads done
Event: 99.349 Executing VM operation: HandshakeAllThreads
Event: 99.354 Executing VM operation: HandshakeAllThreads done
Event: 100.187 Executing VM operation: G1CollectForAllocation
Event: 100.226 Executing VM operation: G1CollectForAllocation done
Event: 100.679 Executing VM operation: G1Concurrent
Event: 100.711 Executing VM operation: G1Concurrent done
Event: 100.913 Executing VM operation: G1Concurrent
Event: 100.963 Executing VM operation: G1Concurrent done
Event: 101.638 Executing VM operation: HandshakeAllThreads
Event: 101.865 Executing VM operation: HandshakeAllThreads done
Event: 102.177 Executing VM operation: G1CollectForAllocation
Event: 102.276 Executing VM operation: G1CollectForAllocation done
Event: 102.314 Executing VM operation: HandshakeAllThreads
Event: 102.317 Executing VM operation: HandshakeAllThreads done
Event: 103.317 Executing VM operation: Cleanup
Event: 103.390 Executing VM operation: Cleanup done
Event: 103.399 Executing VM operation: G1CollectForAllocation

Events (20 events):
Event: 101.892 Thread 0x000001ba88d1bb40 flushing nmethod 0x000001baef18b090
Event: 101.892 Thread 0x000001ba88d1bb40 flushing nmethod 0x000001baef18c010
Event: 101.892 Thread 0x000001ba88d1bb40 flushing nmethod 0x000001baef19c090
Event: 101.892 Thread 0x000001ba88d1bb40 flushing nmethod 0x000001baef19dc10
Event: 101.892 Thread 0x000001ba88d1bb40 flushing nmethod 0x000001baef19f310
Event: 101.892 Thread 0x000001ba88d1bb40 flushing nmethod 0x000001baef19ff90
Event: 101.892 Thread 0x000001ba88d1bb40 flushing nmethod 0x000001baef1a0590
Event: 101.892 Thread 0x000001ba88d1bb40 flushing nmethod 0x000001baef1a1710
Event: 101.892 Thread 0x000001ba88d1bb40 flushing nmethod 0x000001baef1a2590
Event: 101.893 Thread 0x000001ba88d1bb40 flushing nmethod 0x000001baef1b4d10
Event: 101.893 Thread 0x000001ba88d1bb40 flushing nmethod 0x000001baef1ba890
Event: 101.893 Thread 0x000001ba88d1bb40 flushing nmethod 0x000001baef1bb210
Event: 101.893 Thread 0x000001ba88d1bb40 flushing nmethod 0x000001baef1bf210
Event: 102.166 loading class java/nio/ShortBuffer
Event: 102.166 loading class java/nio/ShortBuffer done
Event: 102.166 loading class java/nio/HeapShortBuffer
Event: 102.166 loading class java/nio/HeapShortBuffer done
Event: 102.499 Thread 0x000001ba8bd79eb0 Thread added: 0x000001ba8bd79eb0
Event: 102.796 Thread 0x000001ba8bd79eb0 Thread exited: 0x000001ba8bd79eb0
Event: 102.884 Thread 0x000001ba8bd7eaa0 Thread added: 0x000001ba8bd7eaa0


Dynamic libraries:
0x00007ff78f930000 - 0x00007ff78f93a000 	C:\Program Files\Android\Android Studio\jbr\bin\java.exe
0x00007ff8cc610000 - 0x00007ff8cc808000 	C:\Windows\SYSTEM32\ntdll.dll
0x00007ff8cbd20000 - 0x00007ff8cbddf000 	C:\Windows\System32\KERNEL32.DLL
0x00007ff8ca0b0000 - 0x00007ff8ca382000 	C:\Windows\System32\KERNELBASE.dll
0x00007ff8ca420000 - 0x00007ff8ca520000 	C:\Windows\System32\ucrtbase.dll
0x00007ff8c4d70000 - 0x00007ff8c4d87000 	C:\Program Files\Android\Android Studio\jbr\bin\jli.dll
0x00007ff8cafb0000 - 0x00007ff8cb14d000 	C:\Windows\System32\USER32.dll
0x00007ff8ca630000 - 0x00007ff8ca652000 	C:\Windows\System32\win32u.dll
0x00007ff8cc1f0000 - 0x00007ff8cc21b000 	C:\Windows\System32\GDI32.dll
0x00007ff8ca520000 - 0x00007ff8ca62f000 	C:\Windows\System32\gdi32full.dll
0x00007ff8ca010000 - 0x00007ff8ca0ad000 	C:\Windows\System32\msvcp_win.dll
0x00007ff8c36f0000 - 0x00007ff8c370b000 	C:\Program Files\Android\Android Studio\jbr\bin\VCRUNTIME140.dll
0x00007ff8b8fd0000 - 0x00007ff8b926a000 	C:\Windows\WinSxS\amd64_microsoft.windows.common-controls_6595b64144ccf1df_6.0.19041.1110_none_60b5254171f9507e\COMCTL32.dll
0x00007ff8cbb00000 - 0x00007ff8cbb9e000 	C:\Windows\System32\msvcrt.dll
0x00007ff8cc360000 - 0x00007ff8cc392000 	C:\Windows\System32\IMM32.DLL
0x00007ff8c4d60000 - 0x00007ff8c4d6c000 	C:\Program Files\Android\Android Studio\jbr\bin\vcruntime140_1.dll
0x00007ff8c3660000 - 0x00007ff8c36ed000 	C:\Program Files\Android\Android Studio\jbr\bin\msvcp140.dll
0x00007ff88a070000 - 0x00007ff88acde000 	C:\Program Files\Android\Android Studio\jbr\bin\server\jvm.dll
0x00007ff8cc140000 - 0x00007ff8cc1ee000 	C:\Windows\System32\ADVAPI32.dll
0x00007ff8cb840000 - 0x00007ff8cb8dc000 	C:\Windows\System32\sechost.dll
0x00007ff8cc3d0000 - 0x00007ff8cc4f5000 	C:\Windows\System32\RPCRT4.dll
0x00007ff8b1ae0000 - 0x00007ff8b1ae9000 	C:\Windows\SYSTEM32\WSOCK32.dll
0x00007ff8cbcb0000 - 0x00007ff8cbd1b000 	C:\Windows\System32\WS2_32.dll
0x00007ff8b38b0000 - 0x00007ff8b38d7000 	C:\Windows\SYSTEM32\WINMM.dll
0x00007ff8c8460000 - 0x00007ff8c846a000 	C:\Windows\SYSTEM32\VERSION.dll
0x00007ff8c85b0000 - 0x00007ff8c85c2000 	C:\Windows\SYSTEM32\kernel.appcore.dll
0x00007ff8c3650000 - 0x00007ff8c365a000 	C:\Program Files\Android\Android Studio\jbr\bin\jimage.dll
0x00007ff8b13e0000 - 0x00007ff8b15c4000 	C:\Windows\SYSTEM32\DBGHELP.DLL
0x00007ff8b1210000 - 0x00007ff8b123c000 	C:\Windows\SYSTEM32\dbgcore.DLL
0x00007ff8ca390000 - 0x00007ff8ca412000 	C:\Windows\System32\bcryptPrimitives.dll
0x00007ff8c3140000 - 0x00007ff8c3165000 	C:\Program Files\Android\Android Studio\jbr\bin\java.dll
0x00007ff8c3120000 - 0x00007ff8c3138000 	C:\Program Files\Android\Android Studio\jbr\bin\zip.dll
0x00007ff8ca6c0000 - 0x00007ff8cae03000 	C:\Windows\System32\SHELL32.dll
0x00007ff8c7c10000 - 0x00007ff8c83a2000 	C:\Windows\SYSTEM32\windows.storage.dll
0x00007ff8cbde0000 - 0x00007ff8cc134000 	C:\Windows\System32\combase.dll
0x00007ff8c9690000 - 0x00007ff8c96c0000 	C:\Windows\SYSTEM32\Wldp.dll
0x00007ff8cbc00000 - 0x00007ff8cbcad000 	C:\Windows\System32\SHCORE.dll
0x00007ff8cc220000 - 0x00007ff8cc275000 	C:\Windows\System32\shlwapi.dll
0x00007ff8c9c50000 - 0x00007ff8c9c6f000 	C:\Windows\SYSTEM32\profapi.dll
0x00007ff8c3100000 - 0x00007ff8c3119000 	C:\Program Files\Android\Android Studio\jbr\bin\net.dll
0x00007ff8ba800000 - 0x00007ff8ba90c000 	C:\Windows\SYSTEM32\WINHTTP.dll
0x00007ff8c93f0000 - 0x00007ff8c945a000 	C:\Windows\system32\mswsock.dll
0x00007ff8c2180000 - 0x00007ff8c2196000 	C:\Program Files\Android\Android Studio\jbr\bin\nio.dll
0x00007ff8c3640000 - 0x00007ff8c3650000 	C:\Program Files\Android\Android Studio\jbr\bin\verify.dll
0x00007ff8c2150000 - 0x00007ff8c2177000 	C:\Users\Phrankie\.gradle\native\e1d6ef7f7dcc3fd88c89a11ec53ec762bb8ba0a96d01ffa2cd45eb1d1d8dd5c5\windows-amd64\native-platform.dll
0x00007ff88c180000 - 0x00007ff88c2c4000 	C:\Users\Phrankie\.gradle\native\0d407fdbe67a94daf76414ababcb853783967236a71b16ec16e742cd7a986fd3\windows-amd64\native-platform-file-events.dll
0x00007ff8c30f0000 - 0x00007ff8c30f9000 	C:\Program Files\Android\Android Studio\jbr\bin\management.dll
0x00007ff8c2940000 - 0x00007ff8c294b000 	C:\Program Files\Android\Android Studio\jbr\bin\management_ext.dll
0x00007ff8cc3c0000 - 0x00007ff8cc3c8000 	C:\Windows\System32\PSAPI.DLL
0x00007ff8c95e0000 - 0x00007ff8c95f8000 	C:\Windows\SYSTEM32\CRYPTSP.dll
0x00007ff8c8d10000 - 0x00007ff8c8d44000 	C:\Windows\system32\rsaenh.dll
0x00007ff8c9e70000 - 0x00007ff8c9e97000 	C:\Windows\System32\bcrypt.dll
0x00007ff8c9c10000 - 0x00007ff8c9c3e000 	C:\Windows\SYSTEM32\USERENV.dll
0x00007ff8c9600000 - 0x00007ff8c960c000 	C:\Windows\SYSTEM32\CRYPTBASE.dll
0x00007ff8c90e0000 - 0x00007ff8c911b000 	C:\Windows\SYSTEM32\IPHLPAPI.DLL
0x00007ff8cb150000 - 0x00007ff8cb158000 	C:\Windows\System32\NSI.dll
0x00007ff8c1720000 - 0x00007ff8c1737000 	C:\Windows\SYSTEM32\dhcpcsvc6.DLL
0x00007ff8c1e70000 - 0x00007ff8c1e8d000 	C:\Windows\SYSTEM32\dhcpcsvc.DLL
0x00007ff8c9120000 - 0x00007ff8c91ea000 	C:\Windows\SYSTEM32\DNSAPI.dll
0x00007ff8c30e0000 - 0x00007ff8c30e7000 	C:\Windows\system32\wshunix.dll
0x00007ff8c4aa0000 - 0x00007ff8c4abe000 	C:\Users\Phrankie\AppData\Local\Temp\native-platform17955144827294833611dir\native-platform.dll
0x00007ff8c84e0000 - 0x00007ff8c84e7000 	C:\Program Files\Android\Android Studio\jbr\bin\rmi.dll

dbghelp: loaded successfully - version: 4.0.5 - missing functions: none
symbol engine: initialized successfully - sym options: 0x614 - pdb path: .;C:\Program Files\Android\Android Studio\jbr\bin;C:\Windows\SYSTEM32;C:\Windows\WinSxS\amd64_microsoft.windows.common-controls_6595b64144ccf1df_6.0.19041.1110_none_60b5254171f9507e;C:\Program Files\Android\Android Studio\jbr\bin\server;C:\Users\Phrankie\.gradle\native\e1d6ef7f7dcc3fd88c89a11ec53ec762bb8ba0a96d01ffa2cd45eb1d1d8dd5c5\windows-amd64;C:\Users\Phrankie\.gradle\native\0d407fdbe67a94daf76414ababcb853783967236a71b16ec16e742cd7a986fd3\windows-amd64;C:\Users\Phrankie\AppData\Local\Temp\native-platform17955144827294833611dir

VM Arguments:
jvm_args: --add-opens=java.base/java.util=ALL-UNNAMED --add-opens=java.base/java.lang=ALL-UNNAMED --add-opens=java.base/java.lang.invoke=ALL-UNNAMED --add-opens=java.base/java.util=ALL-UNNAMED --add-opens=java.prefs/java.util.prefs=ALL-UNNAMED --add-opens=java.prefs/java.util.prefs=ALL-UNNAMED --add-opens=java.base/java.nio.charset=ALL-UNNAMED --add-opens=java.base/java.net=ALL-UNNAMED --add-opens=java.base/java.util.concurrent.atomic=ALL-UNNAMED -Xmx4G -Dfile.encoding=windows-1252 -Duser.country=US -Duser.language=en -Duser.variant 
java_command: org.gradle.launcher.daemon.bootstrap.GradleDaemon 7.5
java_class_path (initial): C:\Users\Phrankie\.gradle\wrapper\dists\gradle-7.5-all\6qsw290k5lz422uaf8jf6m7co\gradle-7.5\lib\gradle-launcher-7.5.jar
Launcher Type: SUN_STANDARD

[Global flags]
     intx CICompilerCount                          = 3                                         {product} {ergonomic}
     uint ConcGCThreads                            = 1                                         {product} {ergonomic}
     uint G1ConcRefinementThreads                  = 4                                         {product} {ergonomic}
   size_t G1HeapRegionSize                         = 2097152                                   {product} {ergonomic}
    uintx GCDrainStackTargetSize                   = 64                                        {product} {ergonomic}
   size_t InitialHeapSize                          = 113246208                                 {product} {ergonomic}
   size_t MarkStackSize                            = 4194304                                   {product} {ergonomic}
   size_t MaxHeapSize                              = 4294967296                                {product} {command line}
   size_t MaxNewSize                               = 2575302656                                {product} {ergonomic}
   size_t MinHeapDeltaBytes                        = 2097152                                   {product} {ergonomic}
   size_t MinHeapSize                              = 8388608                                   {product} {ergonomic}
    uintx NonNMethodCodeHeapSize                   = 5832780                                {pd product} {ergonomic}
    uintx NonProfiledCodeHeapSize                  = 122912730                              {pd product} {ergonomic}
    uintx ProfiledCodeHeapSize                     = 122912730                              {pd product} {ergonomic}
    uintx ReservedCodeCacheSize                    = 251658240                              {pd product} {ergonomic}
     bool SegmentedCodeCache                       = true                                      {product} {ergonomic}
   size_t SoftMaxHeapSize                          = 4294967296                             {manageable} {ergonomic}
     bool UseCompressedClassPointers               = true                           {product lp64_product} {ergonomic}
     bool UseCompressedOops                        = true                           {product lp64_product} {ergonomic}
     bool UseG1GC                                  = true                                      {product} {ergonomic}
     bool UseLargePagesIndividualAllocation        = false                                  {pd product} {ergonomic}

Logging:
Log output configuration:
 #0: stdout all=warning uptime,level,tags
 #1: stderr all=off uptime,level,tags

Environment Variables:
JAVA_HOME=C:\Program Files\Android\Android Studio\jbr
CLASSPATH=C:\devalopments\apps\loc-main\android\\gradle\wrapper\gradle-wrapper.jar
PATH=C:\Program Files\Android\Android Studio\jbr\bin;C:\Program Files\Eclipse Adoptium\jdk-21.0.2.13-hotspot\bin;C:\Python312\Scripts\;C:\Python312\;C:\Windows\system32;C:\Windows;C:\Windows\System32\Wbem;C:\Windows\System32\WindowsPowerShell\v1.0\;C:\Program Files (x86)\NVIDIA Corporation\PhysX\Common;C:\Program Files\Git\cmd;C:\Program Files (x86)\Windows Kits\10\Windows Performance Toolkit\;C:\Users\Phrankie\AppData\Local\Pub\Cache\bin;C:\Program Files\nodejs\;C:\ProgramData\chocolatey\bin;C:\Users\Phrankie\AppData\Local\Microsoft\WindowsApps;C:\devalopments\flutter\bin;C:\Users\Phrankie\AppData\Local\Programs\Microsoft VS Code\bin;C:\Users\Phrankie\AppData\Roaming\npm;C:\devalopments\flutter\bin\mingit\cmd;C:\devalopments\flutter\bin\mingit\cmd
USERNAME=Phrankie
OS=Windows_NT
PROCESSOR_IDENTIFIER=Intel64 Family 6 Model 60 Stepping 3, GenuineIntel
TMP=C:\Users\Phrankie\AppData\Local\Temp
TEMP=C:\Users\Phrankie\AppData\Local\Temp


JNI global refs:
JNI global refs: 27, weak refs: 18

JNI global refs memory usage: 843, weak refs: 841


---------------  S Y S T E M  ---------------

OS:
 Windows 10 , 64 bit Build 19041 (10.0.19041.2251)
OS uptime: 0 days 0:10 hours

CPU: total 4 (initial active 4) (2 cores per cpu, 2 threads per core) family 6 model 60 stepping 3 microcode 0x27, cx8, cmov, fxsr, ht, mmx, sse, sse2, sse3, ssse3, sse4.1, sse4.2, popcnt, lzcnt, tsc, tscinvbit, avx, avx2, aes, erms, clmul, bmi1, bmi2, fma, vzeroupper, clflush

Memory: 4k page, system-wide physical 6817M (741M free)
TotalPageFile size 6817M (AvailPageFile size 265M)
current process WorkingSet (physical memory assigned to process): 648M, peak: 648M
current process commit charge ("private bytes"): 743M, peak: 1054M

vm_info: OpenJDK 64-Bit Server VM (17.0.6+0-b2043.56-10027231) for windows-amd64 JRE (17.0.6+0-b2043.56-10027231), built on Apr 28 2023 00:43:19 by "androidbuild" with MS VC++ 16.10 / 16.11 (VS2019)

END.
