#
# There is insufficient memory for the Java Runtime Environment to continue.
# Native memory allocation (mmap) failed to map 65536 bytes for Failed to commit metaspace.
# Possible reasons:
#   The system is out of physical RAM or swap space
#   The process is running with CompressedOops enabled, and the Java Heap may be blocking the growth of the native heap
# Possible solutions:
#   Reduce memory load on the system
#   Increase physical memory or swap space
#   Check if swap backing store is full
#   Decrease Java heap size (-Xmx/-Xms)
#   Decrease number of Java threads
#   Decrease Java thread stack sizes (-Xss)
#   Set larger code cache with -XX:ReservedCodeCacheSize=
#   JVM is running with Unscaled Compressed Oops mode in which the Java heap is
#     placed in the first 4GB address space. The Java Heap base address is the
#     maximum limit for the native heap growth. Please use -XX:HeapBaseMinAddress
#     to set the Java Heap base and to place the Java Heap above 4GB virtual address.
# This output file may be truncated or incomplete.
#
#  Out of Memory Error (virtualSpaceNode.cpp:110), pid=8572, tid=7632
#
# JRE version: OpenJDK Runtime Environment (17.0.6) (build 17.0.6+0-b2043.56-10027231)
# Java VM: OpenJDK 64-Bit Server VM (17.0.6+0-b2043.56-10027231, mixed mode, tiered, compressed oops, compressed class ptrs, g1 gc, windows-amd64)
# No core dump will be written. Minidumps are not enabled by default on client versions of Windows
#

---------------  S U M M A R Y ------------

Command Line: -Dorg.gradle.appname=gradlew org.gradle.wrapper.GradleWrapperMain -q -Ptarget-platform=android-arm64 -Ptarget=D:\programes\loc-main\lib\main.dart -Pbase-application-name=android.app.Application -Pdart-defines=RkxVVFRFUl9XRUJfQVVUT19ERVRFQ1Q9dHJ1ZQ==,RkxVVFRFUl9XRUJfQ0FOVkFTS0lUX1VSTD1odHRwczovL3d3dy5nc3RhdGljLmNvbS9mbHV0dGVyLWNhbnZhc2tpdC9mNDBlOTc2YmVkZmY1N2U2OWUxYjNkODlhN2MyYTNjNjE3YTAzZGFkLw== -Pdart-obfuscation=false -Ptrack-widget-creation=true -Ptree-shake-icons=false -Pfilesystem-scheme=org-dartlang-root assembleDebug

Host: Intel(R) Core(TM) i5-4210M CPU @ 2.60GHz, 4 cores, 6G,  Windows 10 , 64 bit Build 19041 (10.0.19041.2251)
Time: Mon Mar  4 17:20:13 2024 Egypt Standard Time elapsed time: 6.435076 seconds (0d 0h 0m 6s)

---------------  T H R E A D  ---------------

Current thread (0x000001ab4b8db5f0):  JavaThread "main" [_thread_in_vm, id=7632, stack(0x0000006701f00000,0x0000006702000000)]

Stack: [0x0000006701f00000,0x0000006702000000]
Native frames: (J=compiled Java code, j=interpreted, Vv=VM code, C=native code)
V  [jvm.dll+0x683c9a]
V  [jvm.dll+0x8427a4]
V  [jvm.dll+0x843f9e]
V  [jvm.dll+0x844603]
V  [jvm.dll+0x249b75]
V  [jvm.dll+0x83e7fb]
V  [jvm.dll+0x628006]
V  [jvm.dll+0x1c194e]
V  [jvm.dll+0x62a941]
V  [jvm.dll+0x6289a6]
V  [jvm.dll+0x246f6c]
V  [jvm.dll+0x6dabdd]
V  [jvm.dll+0x6db60f]
V  [jvm.dll+0x375330]
V  [jvm.dll+0x3744a2]
V  [jvm.dll+0x374448]
V  [jvm.dll+0x3843ba]
C  0x000001ab562fb5a5

Java frames: (J=compiled Java code, j=interpreted, Vv=VM code)
j  org.gradle.internal.logging.text.AbstractStyledTextOutput.withStyle(Lorg/gradle/internal/logging/text/StyledTextOutput$Style;)Lorg/gradle/internal/logging/text/StyledTextOutput;+0
j  org.gradle.internal.buildevents.BuildExceptionReporter.lambda$fillInFailureResolution$0(Lorg/gradle/internal/logging/text/BufferingStyledTextOutput;Lorg/gradle/internal/logging/text/StyledTextOutput;)V+11
j  org.gradle.internal.buildevents.BuildExceptionReporter$$Lambda$70+0x00000001001d79d0.accept(Ljava/lang/Object;)V+8
j  org.gradle.internal.buildevents.BuildExceptionReporter$ContextImpl.appendResolution(Ljava/util/function/Consumer;)V+49
j  org.gradle.internal.buildevents.BuildExceptionReporter.fillInFailureResolution(Lorg/gradle/internal/buildevents/BuildExceptionReporter$FailureDetails;)V+55
j  org.gradle.internal.buildevents.BuildExceptionReporter.constructFailureDetails(Ljava/lang/String;Ljava/lang/Throwable;)Lorg/gradle/internal/buildevents/BuildExceptionReporter$FailureDetails;+33
j  org.gradle.internal.buildevents.BuildExceptionReporter.renderSingleBuildException(Ljava/lang/Throwable;)V+19
j  org.gradle.internal.buildevents.BuildExceptionReporter.execute(Ljava/lang/Throwable;)V+20
j  org.gradle.internal.buildevents.BuildExceptionReporter.execute(Ljava/lang/Object;)V+5
j  org.gradle.launcher.cli.ExceptionReportingAction.execute(Lorg/gradle/launcher/bootstrap/ExecutionListener;)V+89
j  org.gradle.launcher.cli.ExceptionReportingAction.execute(Ljava/lang/Object;)V+5
j  org.gradle.launcher.cli.DefaultCommandLineActionFactory$WithLogging.execute(Lorg/gradle/launcher/bootstrap/ExecutionListener;)V+299
j  org.gradle.launcher.Main.doAction([Ljava/lang/String;Lorg/gradle/launcher/bootstrap/ExecutionListener;)V+14
j  org.gradle.launcher.bootstrap.EntryPoint.run([Ljava/lang/String;)V+12
v  ~StubRoutines::call_stub
j  jdk.internal.reflect.NativeMethodAccessorImpl.invoke0(Ljava/lang/reflect/Method;Ljava/lang/Object;[Ljava/lang/Object;)Ljava/lang/Object;+0 java.base@17.0.6
j  jdk.internal.reflect.NativeMethodAccessorImpl.invoke(Ljava/lang/Object;[Ljava/lang/Object;)Ljava/lang/Object;+133 java.base@17.0.6
j  jdk.internal.reflect.DelegatingMethodAccessorImpl.invoke(Ljava/lang/Object;[Ljava/lang/Object;)Ljava/lang/Object;+6 java.base@17.0.6
j  java.lang.reflect.Method.invoke(Ljava/lang/Object;[Ljava/lang/Object;)Ljava/lang/Object;+59 java.base@17.0.6
j  org.gradle.launcher.bootstrap.ProcessBootstrap.runNoExit(Ljava/lang/String;[Ljava/lang/String;)V+159
j  org.gradle.launcher.bootstrap.ProcessBootstrap.run(Ljava/lang/String;[Ljava/lang/String;)V+2
v  ~StubRoutines::call_stub
j  jdk.internal.reflect.NativeMethodAccessorImpl.invoke0(Ljava/lang/reflect/Method;Ljava/lang/Object;[Ljava/lang/Object;)Ljava/lang/Object;+0 java.base@17.0.6
j  jdk.internal.reflect.NativeMethodAccessorImpl.invoke(Ljava/lang/Object;[Ljava/lang/Object;)Ljava/lang/Object;+133 java.base@17.0.6
j  jdk.internal.reflect.DelegatingMethodAccessorImpl.invoke(Ljava/lang/Object;[Ljava/lang/Object;)Ljava/lang/Object;+6 java.base@17.0.6
j  java.lang.reflect.Method.invoke(Ljava/lang/Object;[Ljava/lang/Object;)Ljava/lang/Object;+59 java.base@17.0.6
j  org.gradle.launcher.GradleMain.main([Ljava/lang/String;)V+100
v  ~StubRoutines::call_stub
j  jdk.internal.reflect.NativeMethodAccessorImpl.invoke0(Ljava/lang/reflect/Method;Ljava/lang/Object;[Ljava/lang/Object;)Ljava/lang/Object;+0 java.base@17.0.6
j  jdk.internal.reflect.NativeMethodAccessorImpl.invoke(Ljava/lang/Object;[Ljava/lang/Object;)Ljava/lang/Object;+133 java.base@17.0.6
j  jdk.internal.reflect.DelegatingMethodAccessorImpl.invoke(Ljava/lang/Object;[Ljava/lang/Object;)Ljava/lang/Object;+6 java.base@17.0.6
j  java.lang.reflect.Method.invoke(Ljava/lang/Object;[Ljava/lang/Object;)Ljava/lang/Object;+59 java.base@17.0.6
j  org.gradle.wrapper.BootstrapMainStarter.start([Ljava/lang/String;Ljava/io/File;)V+82
j  org.gradle.wrapper.WrapperExecutor.execute([Ljava/lang/String;Lorg/gradle/wrapper/Install;Lorg/gradle/wrapper/BootstrapMainStarter;)V+14
j  org.gradle.wrapper.GradleWrapperMain.main([Ljava/lang/String;)V+190
v  ~StubRoutines::call_stub

---------------  P R O C E S S  ---------------

Threads class SMR info:
_java_thread_list=0x000001ab66444e90, length=13, elements={
0x000001ab4b8db5f0, 0x000001ab64254610, 0x000001ab642554d0, 0x000001ab6425b400,
0x000001ab6425ccd0, 0x000001ab6425d590, 0x000001ab6425de50, 0x000001ab64c2c110,
0x000001ab64c2c620, 0x000001ab64c33f10, 0x000001ab64db0340, 0x000001ab64db8c80,
0x000001ab654c1990
}

Java Threads: ( => current thread )
=>0x000001ab4b8db5f0 JavaThread "main" [_thread_in_vm, id=7632, stack(0x0000006701f00000,0x0000006702000000)]
  0x000001ab64254610 JavaThread "Reference Handler" daemon [_thread_blocked, id=8884, stack(0x0000006702600000,0x0000006702700000)]
  0x000001ab642554d0 JavaThread "Finalizer" daemon [_thread_blocked, id=8500, stack(0x0000006702700000,0x0000006702800000)]
  0x000001ab6425b400 JavaThread "Signal Dispatcher" daemon [_thread_blocked, id=8960, stack(0x0000006702800000,0x0000006702900000)]
  0x000001ab6425ccd0 JavaThread "Attach Listener" daemon [_thread_blocked, id=3888, stack(0x0000006702900000,0x0000006702a00000)]
  0x000001ab6425d590 JavaThread "Service Thread" daemon [_thread_blocked, id=8332, stack(0x0000006702a00000,0x0000006702b00000)]
  0x000001ab6425de50 JavaThread "Monitor Deflation Thread" daemon [_thread_blocked, id=1028, stack(0x0000006702b00000,0x0000006702c00000)]
  0x000001ab64c2c110 JavaThread "C2 CompilerThread0" daemon [_thread_blocked, id=5992, stack(0x0000006702c00000,0x0000006702d00000)]
  0x000001ab64c2c620 JavaThread "C1 CompilerThread0" daemon [_thread_blocked, id=8400, stack(0x0000006702d00000,0x0000006702e00000)]
  0x000001ab64c33f10 JavaThread "Sweeper thread" daemon [_thread_blocked, id=7576, stack(0x0000006702e00000,0x0000006702f00000)]
  0x000001ab64db0340 JavaThread "Notification Thread" daemon [_thread_blocked, id=7260, stack(0x0000006702f00000,0x0000006703000000)]
  0x000001ab64db8c80 JavaThread "Common-Cleaner" daemon [_thread_blocked, id=3424, stack(0x0000006703100000,0x0000006703200000)]
  0x000001ab654c1990 JavaThread "pool-1-thread-1" [_thread_blocked, id=6176, stack(0x0000006703600000,0x0000006703700000)]

Other Threads:
  0x000001ab64231bd0 VMThread "VM Thread" [stack: 0x0000006702500000,0x0000006702600000] [id=980]
  0x000001ab64db0810 WatcherThread [stack: 0x0000006703000000,0x0000006703100000] [id=4708]
  0x000001ab4b92dfc0 GCTaskThread "GC Thread#0" [stack: 0x0000006702000000,0x0000006702100000] [id=8868]
  0x000001ab65072560 GCTaskThread "GC Thread#1" [stack: 0x0000006703200000,0x0000006703300000] [id=8512]
  0x000001ab651e0ee0 GCTaskThread "GC Thread#2" [stack: 0x0000006703300000,0x0000006703400000] [id=8976]
  0x000001ab6513b220 GCTaskThread "GC Thread#3" [stack: 0x0000006703400000,0x0000006703500000] [id=5412]
  0x000001ab4b93c350 ConcurrentGCThread "G1 Main Marker" [stack: 0x0000006702100000,0x0000006702200000] [id=4836]
  0x000001ab4b93cc70 ConcurrentGCThread "G1 Conc#0" [stack: 0x0000006702200000,0x0000006702300000] [id=8688]
  0x000001ab4b9a7f20 ConcurrentGCThread "G1 Refine#0" [stack: 0x0000006702300000,0x0000006702400000] [id=1932]
  0x000001ab4b9a8850 ConcurrentGCThread "G1 Service" [stack: 0x0000006702400000,0x0000006702500000] [id=8536]

Threads with active compile tasks:

VM state: not at safepoint (normal execution)

VM Mutex/Monitor currently owned by a thread:  ([mutex/lock_event])
[0x000001ab49779010] Metaspace_lock - owner thread: 0x000001ab4b8db5f0

Heap address: 0x0000000095600000, size: 1706 MB, Compressed Oops mode: 32-bit

CDS archive(s) not mapped
Compressed class space mapped at: 0x0000000100000000-0x0000000140000000, reserved size: 1073741824
Narrow klass base: 0x0000000000000000, Narrow klass shift: 3, Narrow klass range: 0x140000000

GC Precious Log:
 CPUs: 4 total, 4 available
 Memory: 6817M
 Large Page Support: Disabled
 NUMA Support: Disabled
 Compressed Oops: Enabled (32-bit)
 Heap Region Size: 1M
 Heap Min Capacity: 8M
 Heap Initial Capacity: 108M
 Heap Max Capacity: 1706M
 Pre-touch: Disabled
 Parallel Workers: 4
 Concurrent Workers: 1
 Concurrent Refinement Workers: 4
 Periodic GC: Disabled

Heap:
 garbage-first heap   total 110592K, used 16968K [0x0000000095600000, 0x0000000100000000)
  region size 1024K, 11 young (11264K), 3 survivors (3072K)
 Metaspace       used 16178K, committed 16320K, reserved 1064960K
  class space    used 1899K, committed 1984K, reserved 1048576K

Heap Regions: E=young(eden), S=young(survivor), O=old, HS=humongous(starts), HC=humongous(continues), CS=collection set, F=free, OA=open archive, CA=closed archive, TAMS=top-at-mark-start (previous, next)
|   0|0x0000000095600000, 0x0000000095700000, 0x0000000095700000|100%|HS|  |TAMS 0x0000000095600000, 0x0000000095600000| Complete 
|   1|0x0000000095700000, 0x0000000095800000, 0x0000000095800000|100%|HC|  |TAMS 0x0000000095700000, 0x0000000095700000| Complete 
|   2|0x0000000095800000, 0x0000000095900000, 0x0000000095900000|100%|HC|  |TAMS 0x0000000095800000, 0x0000000095800000| Complete 
|   3|0x0000000095900000, 0x0000000095a00000, 0x0000000095a00000|100%| O|  |TAMS 0x0000000095900000, 0x0000000095900000| Untracked 
|   4|0x0000000095a00000, 0x0000000095b00000, 0x0000000095b00000|100%| O|  |TAMS 0x0000000095a00000, 0x0000000095a00000| Untracked 
|   5|0x0000000095b00000, 0x0000000095c00000, 0x0000000095c00000|100%| O|  |TAMS 0x0000000095b00000, 0x0000000095b00000| Untracked 
|   6|0x0000000095c00000, 0x0000000095c92200, 0x0000000095d00000| 57%| O|  |TAMS 0x0000000095c00000, 0x0000000095c00000| Untracked 
|   7|0x0000000095d00000, 0x0000000095d00000, 0x0000000095e00000|  0%| F|  |TAMS 0x0000000095d00000, 0x0000000095d00000| Untracked 
|   8|0x0000000095e00000, 0x0000000095e00000, 0x0000000095f00000|  0%| F|  |TAMS 0x0000000095e00000, 0x0000000095e00000| Untracked 
|   9|0x0000000095f00000, 0x0000000095f00000, 0x0000000096000000|  0%| F|  |TAMS 0x0000000095f00000, 0x0000000095f00000| Untracked 
|  10|0x0000000096000000, 0x0000000096000000, 0x0000000096100000|  0%| F|  |TAMS 0x0000000096000000, 0x0000000096000000| Untracked 
|  11|0x0000000096100000, 0x0000000096100000, 0x0000000096200000|  0%| F|  |TAMS 0x0000000096100000, 0x0000000096100000| Untracked 
|  12|0x0000000096200000, 0x0000000096200000, 0x0000000096300000|  0%| F|  |TAMS 0x0000000096200000, 0x0000000096200000| Untracked 
|  13|0x0000000096300000, 0x0000000096300000, 0x0000000096400000|  0%| F|  |TAMS 0x0000000096300000, 0x0000000096300000| Untracked 
|  14|0x0000000096400000, 0x0000000096400000, 0x0000000096500000|  0%| F|  |TAMS 0x0000000096400000, 0x0000000096400000| Untracked 
|  15|0x0000000096500000, 0x0000000096500000, 0x0000000096600000|  0%| F|  |TAMS 0x0000000096500000, 0x0000000096500000| Untracked 
|  16|0x0000000096600000, 0x0000000096600000, 0x0000000096700000|  0%| F|  |TAMS 0x0000000096600000, 0x0000000096600000| Untracked 
|  17|0x0000000096700000, 0x0000000096700000, 0x0000000096800000|  0%| F|  |TAMS 0x0000000096700000, 0x0000000096700000| Untracked 
|  18|0x0000000096800000, 0x0000000096800000, 0x0000000096900000|  0%| F|  |TAMS 0x0000000096800000, 0x0000000096800000| Untracked 
|  19|0x0000000096900000, 0x0000000096900000, 0x0000000096a00000|  0%| F|  |TAMS 0x0000000096900000, 0x0000000096900000| Untracked 
|  20|0x0000000096a00000, 0x0000000096a00000, 0x0000000096b00000|  0%| F|  |TAMS 0x0000000096a00000, 0x0000000096a00000| Untracked 
|  21|0x0000000096b00000, 0x0000000096b00000, 0x0000000096c00000|  0%| F|  |TAMS 0x0000000096b00000, 0x0000000096b00000| Untracked 
|  22|0x0000000096c00000, 0x0000000096c00000, 0x0000000096d00000|  0%| F|  |TAMS 0x0000000096c00000, 0x0000000096c00000| Untracked 
|  23|0x0000000096d00000, 0x0000000096d00000, 0x0000000096e00000|  0%| F|  |TAMS 0x0000000096d00000, 0x0000000096d00000| Untracked 
|  24|0x0000000096e00000, 0x0000000096e00000, 0x0000000096f00000|  0%| F|  |TAMS 0x0000000096e00000, 0x0000000096e00000| Untracked 
|  25|0x0000000096f00000, 0x0000000096f00000, 0x0000000097000000|  0%| F|  |TAMS 0x0000000096f00000, 0x0000000096f00000| Untracked 
|  26|0x0000000097000000, 0x0000000097000000, 0x0000000097100000|  0%| F|  |TAMS 0x0000000097000000, 0x0000000097000000| Untracked 
|  27|0x0000000097100000, 0x0000000097100000, 0x0000000097200000|  0%| F|  |TAMS 0x0000000097100000, 0x0000000097100000| Untracked 
|  28|0x0000000097200000, 0x0000000097200000, 0x0000000097300000|  0%| F|  |TAMS 0x0000000097200000, 0x0000000097200000| Untracked 
|  29|0x0000000097300000, 0x0000000097300000, 0x0000000097400000|  0%| F|  |TAMS 0x0000000097300000, 0x0000000097300000| Untracked 
|  30|0x0000000097400000, 0x0000000097400000, 0x0000000097500000|  0%| F|  |TAMS 0x0000000097400000, 0x0000000097400000| Untracked 
|  31|0x0000000097500000, 0x0000000097500000, 0x0000000097600000|  0%| F|  |TAMS 0x0000000097500000, 0x0000000097500000| Untracked 
|  32|0x0000000097600000, 0x0000000097600000, 0x0000000097700000|  0%| F|  |TAMS 0x0000000097600000, 0x0000000097600000| Untracked 
|  33|0x0000000097700000, 0x0000000097700000, 0x0000000097800000|  0%| F|  |TAMS 0x0000000097700000, 0x0000000097700000| Untracked 
|  34|0x0000000097800000, 0x0000000097800000, 0x0000000097900000|  0%| F|  |TAMS 0x0000000097800000, 0x0000000097800000| Untracked 
|  35|0x0000000097900000, 0x0000000097900000, 0x0000000097a00000|  0%| F|  |TAMS 0x0000000097900000, 0x0000000097900000| Untracked 
|  36|0x0000000097a00000, 0x0000000097a00000, 0x0000000097b00000|  0%| F|  |TAMS 0x0000000097a00000, 0x0000000097a00000| Untracked 
|  37|0x0000000097b00000, 0x0000000097b00000, 0x0000000097c00000|  0%| F|  |TAMS 0x0000000097b00000, 0x0000000097b00000| Untracked 
|  38|0x0000000097c00000, 0x0000000097c00000, 0x0000000097d00000|  0%| F|  |TAMS 0x0000000097c00000, 0x0000000097c00000| Untracked 
|  39|0x0000000097d00000, 0x0000000097d00000, 0x0000000097e00000|  0%| F|  |TAMS 0x0000000097d00000, 0x0000000097d00000| Untracked 
|  40|0x0000000097e00000, 0x0000000097e00000, 0x0000000097f00000|  0%| F|  |TAMS 0x0000000097e00000, 0x0000000097e00000| Untracked 
|  41|0x0000000097f00000, 0x0000000097f00000, 0x0000000098000000|  0%| F|  |TAMS 0x0000000097f00000, 0x0000000097f00000| Untracked 
|  42|0x0000000098000000, 0x0000000098000000, 0x0000000098100000|  0%| F|  |TAMS 0x0000000098000000, 0x0000000098000000| Untracked 
|  43|0x0000000098100000, 0x0000000098100000, 0x0000000098200000|  0%| F|  |TAMS 0x0000000098100000, 0x0000000098100000| Untracked 
|  44|0x0000000098200000, 0x0000000098200000, 0x0000000098300000|  0%| F|  |TAMS 0x0000000098200000, 0x0000000098200000| Untracked 
|  45|0x0000000098300000, 0x0000000098300000, 0x0000000098400000|  0%| F|  |TAMS 0x0000000098300000, 0x0000000098300000| Untracked 
|  46|0x0000000098400000, 0x0000000098400000, 0x0000000098500000|  0%| F|  |TAMS 0x0000000098400000, 0x0000000098400000| Untracked 
|  47|0x0000000098500000, 0x0000000098500000, 0x0000000098600000|  0%| F|  |TAMS 0x0000000098500000, 0x0000000098500000| Untracked 
|  48|0x0000000098600000, 0x0000000098600000, 0x0000000098700000|  0%| F|  |TAMS 0x0000000098600000, 0x0000000098600000| Untracked 
|  49|0x0000000098700000, 0x0000000098700000, 0x0000000098800000|  0%| F|  |TAMS 0x0000000098700000, 0x0000000098700000| Untracked 
|  50|0x0000000098800000, 0x0000000098800000, 0x0000000098900000|  0%| F|  |TAMS 0x0000000098800000, 0x0000000098800000| Untracked 
|  51|0x0000000098900000, 0x0000000098900000, 0x0000000098a00000|  0%| F|  |TAMS 0x0000000098900000, 0x0000000098900000| Untracked 
|  52|0x0000000098a00000, 0x0000000098a00000, 0x0000000098b00000|  0%| F|  |TAMS 0x0000000098a00000, 0x0000000098a00000| Untracked 
|  53|0x0000000098b00000, 0x0000000098b00000, 0x0000000098c00000|  0%| F|  |TAMS 0x0000000098b00000, 0x0000000098b00000| Untracked 
|  54|0x0000000098c00000, 0x0000000098c00000, 0x0000000098d00000|  0%| F|  |TAMS 0x0000000098c00000, 0x0000000098c00000| Untracked 
|  55|0x0000000098d00000, 0x0000000098d00000, 0x0000000098e00000|  0%| F|  |TAMS 0x0000000098d00000, 0x0000000098d00000| Untracked 
|  56|0x0000000098e00000, 0x0000000098e00000, 0x0000000098f00000|  0%| F|  |TAMS 0x0000000098e00000, 0x0000000098e00000| Untracked 
|  57|0x0000000098f00000, 0x0000000098f00000, 0x0000000099000000|  0%| F|  |TAMS 0x0000000098f00000, 0x0000000098f00000| Untracked 
|  58|0x0000000099000000, 0x0000000099000000, 0x0000000099100000|  0%| F|  |TAMS 0x0000000099000000, 0x0000000099000000| Untracked 
|  59|0x0000000099100000, 0x0000000099100000, 0x0000000099200000|  0%| F|  |TAMS 0x0000000099100000, 0x0000000099100000| Untracked 
|  60|0x0000000099200000, 0x0000000099200000, 0x0000000099300000|  0%| F|  |TAMS 0x0000000099200000, 0x0000000099200000| Untracked 
|  61|0x0000000099300000, 0x0000000099300000, 0x0000000099400000|  0%| F|  |TAMS 0x0000000099300000, 0x0000000099300000| Untracked 
|  62|0x0000000099400000, 0x0000000099400000, 0x0000000099500000|  0%| F|  |TAMS 0x0000000099400000, 0x0000000099400000| Untracked 
|  63|0x0000000099500000, 0x0000000099500000, 0x0000000099600000|  0%| F|  |TAMS 0x0000000099500000, 0x0000000099500000| Untracked 
|  64|0x0000000099600000, 0x0000000099600000, 0x0000000099700000|  0%| F|  |TAMS 0x0000000099600000, 0x0000000099600000| Untracked 
|  65|0x0000000099700000, 0x0000000099700000, 0x0000000099800000|  0%| F|  |TAMS 0x0000000099700000, 0x0000000099700000| Untracked 
|  66|0x0000000099800000, 0x0000000099800000, 0x0000000099900000|  0%| F|  |TAMS 0x0000000099800000, 0x0000000099800000| Untracked 
|  67|0x0000000099900000, 0x0000000099900000, 0x0000000099a00000|  0%| F|  |TAMS 0x0000000099900000, 0x0000000099900000| Untracked 
|  68|0x0000000099a00000, 0x0000000099a00000, 0x0000000099b00000|  0%| F|  |TAMS 0x0000000099a00000, 0x0000000099a00000| Untracked 
|  69|0x0000000099b00000, 0x0000000099b00000, 0x0000000099c00000|  0%| F|  |TAMS 0x0000000099b00000, 0x0000000099b00000| Untracked 
|  70|0x0000000099c00000, 0x0000000099c00000, 0x0000000099d00000|  0%| F|  |TAMS 0x0000000099c00000, 0x0000000099c00000| Untracked 
|  71|0x0000000099d00000, 0x0000000099d00000, 0x0000000099e00000|  0%| F|  |TAMS 0x0000000099d00000, 0x0000000099d00000| Untracked 
|  72|0x0000000099e00000, 0x0000000099e00000, 0x0000000099f00000|  0%| F|  |TAMS 0x0000000099e00000, 0x0000000099e00000| Untracked 
|  73|0x0000000099f00000, 0x0000000099f00000, 0x000000009a000000|  0%| F|  |TAMS 0x0000000099f00000, 0x0000000099f00000| Untracked 
|  74|0x000000009a000000, 0x000000009a000000, 0x000000009a100000|  0%| F|  |TAMS 0x000000009a000000, 0x000000009a000000| Untracked 
|  75|0x000000009a100000, 0x000000009a100000, 0x000000009a200000|  0%| F|  |TAMS 0x000000009a100000, 0x000000009a100000| Untracked 
|  76|0x000000009a200000, 0x000000009a200000, 0x000000009a300000|  0%| F|  |TAMS 0x000000009a200000, 0x000000009a200000| Untracked 
|  77|0x000000009a300000, 0x000000009a300000, 0x000000009a400000|  0%| F|  |TAMS 0x000000009a300000, 0x000000009a300000| Untracked 
|  78|0x000000009a400000, 0x000000009a400000, 0x000000009a500000|  0%| F|  |TAMS 0x000000009a400000, 0x000000009a400000| Untracked 
|  79|0x000000009a500000, 0x000000009a500000, 0x000000009a600000|  0%| F|  |TAMS 0x000000009a500000, 0x000000009a500000| Untracked 
|  80|0x000000009a600000, 0x000000009a600000, 0x000000009a700000|  0%| F|  |TAMS 0x000000009a600000, 0x000000009a600000| Untracked 
|  81|0x000000009a700000, 0x000000009a700000, 0x000000009a800000|  0%| F|  |TAMS 0x000000009a700000, 0x000000009a700000| Untracked 
|  82|0x000000009a800000, 0x000000009a800000, 0x000000009a900000|  0%| F|  |TAMS 0x000000009a800000, 0x000000009a800000| Untracked 
|  83|0x000000009a900000, 0x000000009a900000, 0x000000009aa00000|  0%| F|  |TAMS 0x000000009a900000, 0x000000009a900000| Untracked 
|  84|0x000000009aa00000, 0x000000009aa00000, 0x000000009ab00000|  0%| F|  |TAMS 0x000000009aa00000, 0x000000009aa00000| Untracked 
|  85|0x000000009ab00000, 0x000000009ab00000, 0x000000009ac00000|  0%| F|  |TAMS 0x000000009ab00000, 0x000000009ab00000| Untracked 
|  86|0x000000009ac00000, 0x000000009ac00000, 0x000000009ad00000|  0%| F|  |TAMS 0x000000009ac00000, 0x000000009ac00000| Untracked 
|  87|0x000000009ad00000, 0x000000009ae00000, 0x000000009ae00000|100%| S|CS|TAMS 0x000000009ad00000, 0x000000009ad00000| Complete 
|  88|0x000000009ae00000, 0x000000009af00000, 0x000000009af00000|100%| S|CS|TAMS 0x000000009ae00000, 0x000000009ae00000| Complete 
|  89|0x000000009af00000, 0x000000009b000000, 0x000000009b000000|100%| S|CS|TAMS 0x000000009af00000, 0x000000009af00000| Complete 
|  90|0x000000009b000000, 0x000000009b000000, 0x000000009b100000|  0%| F|  |TAMS 0x000000009b000000, 0x000000009b000000| Untracked 
|  91|0x000000009b100000, 0x000000009b100000, 0x000000009b200000|  0%| F|  |TAMS 0x000000009b100000, 0x000000009b100000| Untracked 
|  92|0x000000009b200000, 0x000000009b200000, 0x000000009b300000|  0%| F|  |TAMS 0x000000009b200000, 0x000000009b200000| Untracked 
|  93|0x000000009b300000, 0x000000009b300000, 0x000000009b400000|  0%| F|  |TAMS 0x000000009b300000, 0x000000009b300000| Untracked 
|  94|0x000000009b400000, 0x000000009b400000, 0x000000009b500000|  0%| F|  |TAMS 0x000000009b400000, 0x000000009b400000| Untracked 
|  95|0x000000009b500000, 0x000000009b500000, 0x000000009b600000|  0%| F|  |TAMS 0x000000009b500000, 0x000000009b500000| Untracked 
|  96|0x000000009b600000, 0x000000009b600000, 0x000000009b700000|  0%| F|  |TAMS 0x000000009b600000, 0x000000009b600000| Untracked 
|  97|0x000000009b700000, 0x000000009b700000, 0x000000009b800000|  0%| F|  |TAMS 0x000000009b700000, 0x000000009b700000| Untracked 
|  98|0x000000009b800000, 0x000000009b800000, 0x000000009b900000|  0%| F|  |TAMS 0x000000009b800000, 0x000000009b800000| Untracked 
|  99|0x000000009b900000, 0x000000009b900000, 0x000000009ba00000|  0%| F|  |TAMS 0x000000009b900000, 0x000000009b900000| Untracked 
| 100|0x000000009ba00000, 0x000000009bb00000, 0x000000009bb00000|100%| E|  |TAMS 0x000000009ba00000, 0x000000009ba00000| Complete 
| 101|0x000000009bb00000, 0x000000009bc00000, 0x000000009bc00000|100%| E|CS|TAMS 0x000000009bb00000, 0x000000009bb00000| Complete 
| 102|0x000000009bc00000, 0x000000009bd00000, 0x000000009bd00000|100%| E|CS|TAMS 0x000000009bc00000, 0x000000009bc00000| Complete 
| 103|0x000000009bd00000, 0x000000009be00000, 0x000000009be00000|100%| E|CS|TAMS 0x000000009bd00000, 0x000000009bd00000| Complete 
| 104|0x000000009be00000, 0x000000009bf00000, 0x000000009bf00000|100%| E|CS|TAMS 0x000000009be00000, 0x000000009be00000| Complete 
| 105|0x000000009bf00000, 0x000000009c000000, 0x000000009c000000|100%| E|CS|TAMS 0x000000009bf00000, 0x000000009bf00000| Complete 
| 106|0x000000009c000000, 0x000000009c100000, 0x000000009c100000|100%| E|CS|TAMS 0x000000009c000000, 0x000000009c000000| Complete 
| 107|0x000000009c100000, 0x000000009c200000, 0x000000009c200000|100%| E|CS|TAMS 0x000000009c100000, 0x000000009c100000| Complete 

Card table byte_map: [0x000001ab5e110000,0x000001ab5e470000] _byte_map_base: 0x000001ab5dc65000

Marking Bits (Prev, Next): (CMBitMap*) 0x000001ab4b92e4e0, (CMBitMap*) 0x000001ab4b92e520
 Prev Bits: [0x000001ab5e7d0000, 0x000001ab60278000)
 Next Bits: [0x000001ab60280000, 0x000001ab61d28000)

Polling page: 0x000001ab49850000

Metaspace:

Usage:
  Non-class:     13.94 MB used.
      Class:      1.85 MB used.
       Both:     15.80 MB used.

Virtual space:
  Non-class space:       16.00 MB reserved,      14.00 MB ( 88%) committed,  2 nodes.
      Class space:        1.00 GB reserved,       1.94 MB ( <1%) committed,  1 nodes.
             Both:        1.02 GB reserved,      15.94 MB (  2%) committed. 

Chunk freelists:
   Non-Class:  1.98 MB
       Class:  2.03 MB
        Both:  4.02 MB

MaxMetaspaceSize: unlimited
CompressedClassSpaceSize: 1.00 GB
Initial GC threshold: 21.00 MB
Current GC threshold: 21.00 MB
CDS: off
MetaspaceReclaimPolicy: balanced
 - commit_granule_bytes: 65536.
 - commit_granule_words: 8192.
 - virtual_space_node_default_size: 1048576.
 - enlarge_chunks_in_place: 1.
 - new_chunks_are_fully_committed: 0.
 - uncommit_free_chunks: 1.
 - use_allocation_guard: 0.
 - handle_deallocations: 1.


Internal statistics:

num_allocs_failed_limit: 0.
num_arena_births: 80.
num_arena_deaths: 0.
num_vsnodes_births: 3.
num_vsnodes_deaths: 0.
num_space_committed: 255.
num_space_uncommitted: 0.
num_chunks_returned_to_freelist: 0.
num_chunks_taken_from_freelist: 310.
num_chunk_merges: 0.
num_chunk_splits: 200.
num_chunks_enlarged: 162.
num_purges: 0.
num_inconsistent_stats: 0.

CodeHeap 'non-profiled nmethods': size=120000Kb used=482Kb max_used=482Kb free=119517Kb
 bounds [0x000001ab56880000, 0x000001ab56af0000, 0x000001ab5ddb0000]
CodeHeap 'profiled nmethods': size=120000Kb used=2249Kb max_used=2249Kb free=117750Kb
 bounds [0x000001ab4edb0000, 0x000001ab4f020000, 0x000001ab562e0000]
CodeHeap 'non-nmethods': size=5760Kb used=1162Kb max_used=1180Kb free=4597Kb
 bounds [0x000001ab562e0000, 0x000001ab56550000, 0x000001ab56880000]
 total_blobs=1657 nmethods=1198 adapters=372
 compilation: enabled
              stopped_count=0, restarted_count=0
 full_count=0

Compilation events (20 events):
Event: 6.415 Thread 0x000001ab64c2c620 1186       3       org.gradle.internal.logging.text.AbstractLineChoppingStyledTextOutput$1::execute (140 bytes)
Event: 6.416 Thread 0x000001ab64c2c620 nmethod 1186 0x000001ab4efdc210 code [0x000001ab4efdc560, 0x000001ab4efdd878]
Event: 6.416 Thread 0x000001ab64c2c620 1191       3       org.gradle.internal.logging.text.AbstractLineChoppingStyledTextOutput$2::execute (77 bytes)
Event: 6.417 Thread 0x000001ab64c2c620 nmethod 1191 0x000001ab4efde090 code [0x000001ab4efde340, 0x000001ab4efdf008]
Event: 6.417 Thread 0x000001ab64c2c620 1187       3       org.gradle.internal.logging.text.AbstractLineChoppingStyledTextOutput$SeenFromEol::all (18 bytes)
Event: 6.417 Thread 0x000001ab64c2c620 nmethod 1187 0x000001ab4efdf590 code [0x000001ab4efdf720, 0x000001ab4efdf898]
Event: 6.417 Thread 0x000001ab64c2c620 1188       3       org.gradle.internal.logging.text.AbstractLineChoppingStyledTextOutput$SeenFromEol::none (13 bytes)
Event: 6.418 Thread 0x000001ab64c2c620 nmethod 1188 0x000001ab4efdf990 code [0x000001ab4efdfb20, 0x000001ab4efdfc98]
Event: 6.418 Thread 0x000001ab64c2c620 1192       3       org.gradle.internal.logging.text.AbstractLineChoppingStyledTextOutput::access$900 (4 bytes)
Event: 6.418 Thread 0x000001ab64c2c620 nmethod 1192 0x000001ab4efdfd10 code [0x000001ab4efdfea0, 0x000001ab4efdff98]
Event: 6.418 Thread 0x000001ab64c2c620 1193       3       org.gradle.internal.logging.text.AbstractLineChoppingStyledTextOutput$StateContext::next (11 bytes)
Event: 6.418 Thread 0x000001ab64c2c620 nmethod 1193 0x000001ab4efe0010 code [0x000001ab4efe01a0, 0x000001ab4efe02b8]
Event: 6.418 Thread 0x000001ab64c2c620 1194       3       java.nio.ByteBuffer::arrayOffset (35 bytes)
Event: 6.419 Thread 0x000001ab64c2c620 nmethod 1194 0x000001ab4efe0390 code [0x000001ab4efe0560, 0x000001ab4efe0838]
Event: 6.421 Thread 0x000001ab64c2c620 1196       3       java.nio.charset.CoderResult::isUnderflow (13 bytes)
Event: 6.421 Thread 0x000001ab64c2c620 nmethod 1196 0x000001ab4efe0990 code [0x000001ab4efe0b20, 0x000001ab4efe0c98]
Event: 6.421 Thread 0x000001ab64c2c620 1197       3       java.nio.ByteBuffer::array (35 bytes)
Event: 6.422 Thread 0x000001ab64c2c620 nmethod 1197 0x000001ab4efe0d10 code [0x000001ab4efe0ee0, 0x000001ab4efe11b8]
Event: 6.423 Thread 0x000001ab64c2c620 1198       3       java.nio.Buffer::<init> (105 bytes)
Event: 6.425 Thread 0x000001ab64c2c620 nmethod 1198 0x000001ab4efe1310 code [0x000001ab4efe15c0, 0x000001ab4efe2118]

GC Heap History (4 events):
Event: 1.663 GC heap before
{Heap before GC invocations=0 (full 0):
 garbage-first heap   total 110592K, used 15360K [0x0000000095600000, 0x0000000100000000)
  region size 1024K, 13 young (13312K), 0 survivors (0K)
 Metaspace       used 8376K, committed 8512K, reserved 1056768K
  class space    used 735K, committed 768K, reserved 1048576K
}
Event: 1.668 GC heap after
{Heap after GC invocations=1 (full 0):
 garbage-first heap   total 110592K, used 3396K [0x0000000095600000, 0x0000000100000000)
  region size 1024K, 2 young (2048K), 2 survivors (2048K)
 Metaspace       used 8376K, committed 8512K, reserved 1056768K
  class space    used 735K, committed 768K, reserved 1048576K
}
Event: 2.615 GC heap before
{Heap before GC invocations=1 (full 0):
 garbage-first heap   total 110592K, used 21828K [0x0000000095600000, 0x0000000100000000)
  region size 1024K, 18 young (18432K), 2 survivors (2048K)
 Metaspace       used 13247K, committed 13440K, reserved 1064960K
  class space    used 1505K, committed 1600K, reserved 1048576K
}
Event: 2.620 GC heap after
{Heap after GC invocations=2 (full 0):
 garbage-first heap   total 110592K, used 9800K [0x0000000095600000, 0x0000000100000000)
  region size 1024K, 3 young (3072K), 3 survivors (3072K)
 Metaspace       used 13247K, committed 13440K, reserved 1064960K
  class space    used 1505K, committed 1600K, reserved 1048576K
}

Dll operation events (2 events):
Event: 0.005 Loaded shared library C:\Program Files\Android\Android Studio\jbr\bin\java.dll
Event: 0.300 Loaded shared library C:\Program Files\Android\Android Studio\jbr\bin\verify.dll

Deoptimization events (20 events):
Event: 2.665 Thread 0x000001ab4b8db5f0 DEOPT PACKING pc=0x000001ab568dae48 sp=0x0000006701ffafe0
Event: 2.665 Thread 0x000001ab4b8db5f0 DEOPT UNPACKING pc=0x000001ab563369a3 sp=0x0000006701ffaf80 mode 2
Event: 2.666 Thread 0x000001ab4b8db5f0 Uncommon trap: trap_request=0xffffffc6 fr.pc=0x000001ab568dae48 relative=0x0000000000000568
Event: 2.666 Thread 0x000001ab4b8db5f0 Uncommon trap: reason=bimorphic_or_optimized_type_check action=maybe_recompile pc=0x000001ab568dae48 method=java.util.concurrent.ConcurrentHashMap.get(Ljava/lang/Object;)Ljava/lang/Object; @ 149 c2
Event: 2.666 Thread 0x000001ab4b8db5f0 DEOPT PACKING pc=0x000001ab568dae48 sp=0x0000006701ffafe0
Event: 2.666 Thread 0x000001ab4b8db5f0 DEOPT UNPACKING pc=0x000001ab563369a3 sp=0x0000006701ffaf80 mode 2
Event: 2.666 Thread 0x000001ab4b8db5f0 Uncommon trap: trap_request=0xffffffc6 fr.pc=0x000001ab568dae48 relative=0x0000000000000568
Event: 2.666 Thread 0x000001ab4b8db5f0 Uncommon trap: reason=bimorphic_or_optimized_type_check action=maybe_recompile pc=0x000001ab568dae48 method=java.util.concurrent.ConcurrentHashMap.get(Ljava/lang/Object;)Ljava/lang/Object; @ 149 c2
Event: 2.666 Thread 0x000001ab4b8db5f0 DEOPT PACKING pc=0x000001ab568dae48 sp=0x0000006701ffafe0
Event: 2.666 Thread 0x000001ab4b8db5f0 DEOPT UNPACKING pc=0x000001ab563369a3 sp=0x0000006701ffaf80 mode 2
Event: 2.707 Thread 0x000001ab4b8db5f0 DEOPT PACKING pc=0x000001ab4eea3438 sp=0x0000006701ff6c30
Event: 2.707 Thread 0x000001ab4b8db5f0 DEOPT UNPACKING pc=0x000001ab56337143 sp=0x0000006701ff6148 mode 0
Event: 3.668 Thread 0x000001ab4b8db5f0 Uncommon trap: trap_request=0xffffff45 fr.pc=0x000001ab568b5560 relative=0x0000000000000620
Event: 3.668 Thread 0x000001ab4b8db5f0 Uncommon trap: reason=unstable_if action=reinterpret pc=0x000001ab568b5560 method=java.lang.AbstractStringBuilder.append(Ljava/lang/String;)Ljava/lang/AbstractStringBuilder; @ 1 c2
Event: 3.668 Thread 0x000001ab4b8db5f0 DEOPT PACKING pc=0x000001ab568b5560 sp=0x0000006701ffc570
Event: 3.668 Thread 0x000001ab4b8db5f0 DEOPT UNPACKING pc=0x000001ab563369a3 sp=0x0000006701ffc4f0 mode 2
Event: 3.669 Thread 0x000001ab4b8db5f0 Uncommon trap: trap_request=0xffffff45 fr.pc=0x000001ab568b61f0 relative=0x0000000000000630
Event: 3.669 Thread 0x000001ab4b8db5f0 Uncommon trap: reason=unstable_if action=reinterpret pc=0x000001ab568b61f0 method=java.lang.AbstractStringBuilder.append(Ljava/lang/String;)Ljava/lang/AbstractStringBuilder; @ 1 c2
Event: 3.669 Thread 0x000001ab4b8db5f0 DEOPT PACKING pc=0x000001ab568b61f0 sp=0x0000006701ffc510
Event: 3.669 Thread 0x000001ab4b8db5f0 DEOPT UNPACKING pc=0x000001ab563369a3 sp=0x0000006701ffc4f8 mode 2

Classes unloaded (0 events):
No events

Classes redefined (0 events):
No events

Internal exceptions (20 events):
Event: 6.421 Thread 0x000001ab4b8db5f0 Exception <a 'java/io/IOException'{0x000000009ba96ea8}> (0x000000009ba96ea8) 
thrown [s\src\hotspot\share\prims\jni.cpp, line 517]
Event: 6.421 Thread 0x000001ab4b8db5f0 Exception <a 'java/io/IOException'{0x000000009ba97708}> (0x000000009ba97708) 
thrown [s\src\hotspot\share\prims\jni.cpp, line 517]
Event: 6.422 Thread 0x000001ab4b8db5f0 Exception <a 'java/io/IOException'{0x000000009ba98170}> (0x000000009ba98170) 
thrown [s\src\hotspot\share\prims\jni.cpp, line 517]
Event: 6.422 Thread 0x000001ab4b8db5f0 Exception <a 'java/io/IOException'{0x000000009ba989d0}> (0x000000009ba989d0) 
thrown [s\src\hotspot\share\prims\jni.cpp, line 517]
Event: 6.422 Thread 0x000001ab4b8db5f0 Exception <a 'java/io/IOException'{0x000000009ba99280}> (0x000000009ba99280) 
thrown [s\src\hotspot\share\prims\jni.cpp, line 517]
Event: 6.422 Thread 0x000001ab4b8db5f0 Exception <a 'java/io/IOException'{0x000000009ba99ae0}> (0x000000009ba99ae0) 
thrown [s\src\hotspot\share\prims\jni.cpp, line 517]
Event: 6.422 Thread 0x000001ab4b8db5f0 Exception <a 'java/io/IOException'{0x000000009ba9ae00}> (0x000000009ba9ae00) 
thrown [s\src\hotspot\share\prims\jni.cpp, line 517]
Event: 6.422 Thread 0x000001ab4b8db5f0 Exception <a 'java/io/IOException'{0x000000009ba9b660}> (0x000000009ba9b660) 
thrown [s\src\hotspot\share\prims\jni.cpp, line 517]
Event: 6.422 Thread 0x000001ab4b8db5f0 Exception <a 'java/io/IOException'{0x000000009ba9bf10}> (0x000000009ba9bf10) 
thrown [s\src\hotspot\share\prims\jni.cpp, line 517]
Event: 6.422 Thread 0x000001ab4b8db5f0 Exception <a 'java/io/IOException'{0x000000009ba9c770}> (0x000000009ba9c770) 
thrown [s\src\hotspot\share\prims\jni.cpp, line 517]
Event: 6.422 Thread 0x000001ab4b8db5f0 Exception <a 'java/io/IOException'{0x000000009ba9d0b0}> (0x000000009ba9d0b0) 
thrown [s\src\hotspot\share\prims\jni.cpp, line 517]
Event: 6.422 Thread 0x000001ab4b8db5f0 Exception <a 'java/io/IOException'{0x000000009ba9d910}> (0x000000009ba9d910) 
thrown [s\src\hotspot\share\prims\jni.cpp, line 517]
Event: 6.422 Thread 0x000001ab4b8db5f0 Exception <a 'java/io/IOException'{0x000000009ba9e1c0}> (0x000000009ba9e1c0) 
thrown [s\src\hotspot\share\prims\jni.cpp, line 517]
Event: 6.422 Thread 0x000001ab4b8db5f0 Exception <a 'java/io/IOException'{0x000000009ba9ea20}> (0x000000009ba9ea20) 
thrown [s\src\hotspot\share\prims\jni.cpp, line 517]
Event: 6.423 Thread 0x000001ab4b8db5f0 Exception <a 'java/io/IOException'{0x000000009ba9f330}> (0x000000009ba9f330) 
thrown [s\src\hotspot\share\prims\jni.cpp, line 517]
Event: 6.424 Thread 0x000001ab4b8db5f0 Exception <a 'java/io/IOException'{0x000000009ba9fb90}> (0x000000009ba9fb90) 
thrown [s\src\hotspot\share\prims\jni.cpp, line 517]
Event: 6.427 Thread 0x000001ab4b8db5f0 Exception <a 'java/io/IOException'{0x000000009baa0538}> (0x000000009baa0538) 
thrown [s\src\hotspot\share\prims\jni.cpp, line 517]
Event: 6.427 Thread 0x000001ab4b8db5f0 Exception <a 'java/io/IOException'{0x000000009baa0d98}> (0x000000009baa0d98) 
thrown [s\src\hotspot\share\prims\jni.cpp, line 517]
Event: 6.427 Thread 0x000001ab4b8db5f0 Exception <a 'java/io/IOException'{0x000000009baa16a8}> (0x000000009baa16a8) 
thrown [s\src\hotspot\share\prims\jni.cpp, line 517]
Event: 6.427 Thread 0x000001ab4b8db5f0 Exception <a 'java/io/IOException'{0x000000009baa1f08}> (0x000000009baa1f08) 
thrown [s\src\hotspot\share\prims\jni.cpp, line 517]

VM Operations (20 events):
Event: 1.300 Executing VM operation: Cleanup
Event: 1.317 Executing VM operation: Cleanup done
Event: 1.662 Executing VM operation: G1CollectForAllocation
Event: 1.668 Executing VM operation: G1CollectForAllocation done
Event: 1.886 Executing VM operation: HandshakeAllThreads
Event: 1.886 Executing VM operation: HandshakeAllThreads done
Event: 2.118 Executing VM operation: HandshakeAllThreads
Event: 2.125 Executing VM operation: HandshakeAllThreads done
Event: 2.614 Executing VM operation: G1CollectForAllocation
Event: 2.620 Executing VM operation: G1CollectForAllocation done
Event: 2.673 Executing VM operation: HandshakeAllThreads
Event: 2.673 Executing VM operation: HandshakeAllThreads done
Event: 3.185 Executing VM operation: HandshakeAllThreads
Event: 3.185 Executing VM operation: HandshakeAllThreads done
Event: 4.190 Executing VM operation: Cleanup
Event: 4.190 Executing VM operation: Cleanup done
Event: 6.429 Executing VM operation: HandshakeAllThreads
Event: 6.429 Executing VM operation: HandshakeAllThreads done
Event: 6.429 Executing VM operation: Cleanup
Event: 6.429 Executing VM operation: Cleanup done

Events (20 events):
Event: 4.289 loading class jdk/internal/reflect/ClassFileAssembler done
Event: 4.289 loading class jdk/internal/reflect/UTF8
Event: 4.289 loading class jdk/internal/reflect/UTF8 done
Event: 4.291 loading class jdk/internal/reflect/Label
Event: 4.291 loading class jdk/internal/reflect/Label done
Event: 4.292 loading class jdk/internal/reflect/Label$PatchInfo
Event: 4.292 loading class jdk/internal/reflect/Label$PatchInfo done
Event: 4.292 loading class jdk/internal/reflect/MethodAccessorGenerator$1
Event: 4.293 loading class jdk/internal/reflect/MethodAccessorGenerator$1 done
Event: 4.293 loading class jdk/internal/reflect/ClassDefiner
Event: 4.294 loading class jdk/internal/reflect/ClassDefiner done
Event: 4.294 loading class jdk/internal/reflect/ClassDefiner$1
Event: 4.294 loading class jdk/internal/reflect/ClassDefiner$1 done
Event: 6.390 loading class sun/net/ConnectionResetException
Event: 6.390 loading class sun/net/ConnectionResetException done
Event: 6.404 loading class java/util/concurrent/locks/AbstractQueuedSynchronizer$ExclusiveNode
Event: 6.405 loading class java/util/concurrent/locks/AbstractQueuedSynchronizer$ExclusiveNode done
Event: 6.405 Thread 0x000001ab662b5640 Thread exited: 0x000001ab662b5640
Event: 6.407 loading class java/util/concurrent/ConcurrentLinkedQueue$Itr
Event: 6.407 loading class java/util/concurrent/ConcurrentLinkedQueue$Itr done


Dynamic libraries:
0x00007ff6bab70000 - 0x00007ff6bab7a000 	C:\Program Files\Android\Android Studio\jbr\bin\java.exe
0x00007ffe71510000 - 0x00007ffe71708000 	C:\Windows\SYSTEM32\ntdll.dll
0x00007ffe6fe20000 - 0x00007ffe6fedf000 	C:\Windows\System32\KERNEL32.DLL
0x00007ffe6edc0000 - 0x00007ffe6f092000 	C:\Windows\System32\KERNELBASE.dll
0x00007ffe6f2d0000 - 0x00007ffe6f3d0000 	C:\Windows\System32\ucrtbase.dll
0x00007ffe65790000 - 0x00007ffe657a7000 	C:\Program Files\Android\Android Studio\jbr\bin\jli.dll
0x00007ffe706b0000 - 0x00007ffe7084d000 	C:\Windows\System32\USER32.dll
0x00007ffe6eca0000 - 0x00007ffe6ecc2000 	C:\Windows\System32\win32u.dll
0x00007ffe708b0000 - 0x00007ffe708db000 	C:\Windows\System32\GDI32.dll
0x00007ffe6f0a0000 - 0x00007ffe6f1af000 	C:\Windows\System32\gdi32full.dll
0x00007ffe6ed20000 - 0x00007ffe6edbd000 	C:\Windows\System32\msvcp_win.dll
0x00007ffe5dca0000 - 0x00007ffe5dcbb000 	C:\Program Files\Android\Android Studio\jbr\bin\VCRUNTIME140.dll
0x00007ffe5eaf0000 - 0x00007ffe5ed8a000 	C:\Windows\WinSxS\amd64_microsoft.windows.common-controls_6595b64144ccf1df_6.0.19041.1110_none_60b5254171f9507e\COMCTL32.dll
0x00007ffe71430000 - 0x00007ffe714ce000 	C:\Windows\System32\msvcrt.dll
0x00007ffe708e0000 - 0x00007ffe70912000 	C:\Windows\System32\IMM32.DLL
0x00007ffe69dc0000 - 0x00007ffe69dcc000 	C:\Program Files\Android\Android Studio\jbr\bin\vcruntime140_1.dll
0x00007ffe51170000 - 0x00007ffe511fd000 	C:\Program Files\Android\Android Studio\jbr\bin\msvcp140.dll
0x00007ffe31000000 - 0x00007ffe31c6e000 	C:\Program Files\Android\Android Studio\jbr\bin\server\jvm.dll
0x00007ffe70b50000 - 0x00007ffe70bfe000 	C:\Windows\System32\ADVAPI32.dll
0x00007ffe6f680000 - 0x00007ffe6f71c000 	C:\Windows\System32\sechost.dll
0x00007ffe711a0000 - 0x00007ffe712c5000 	C:\Windows\System32\RPCRT4.dll
0x00007ffe58a70000 - 0x00007ffe58a97000 	C:\Windows\SYSTEM32\WINMM.dll
0x00007ffe68720000 - 0x00007ffe68729000 	C:\Windows\SYSTEM32\WSOCK32.dll
0x00007ffe6fee0000 - 0x00007ffe6ff4b000 	C:\Windows\System32\WS2_32.dll
0x00007ffe5c910000 - 0x00007ffe5c91a000 	C:\Windows\SYSTEM32\VERSION.dll
0x00007ffe6cad0000 - 0x00007ffe6cae2000 	C:\Windows\SYSTEM32\kernel.appcore.dll
0x00007ffe68520000 - 0x00007ffe6852a000 	C:\Program Files\Android\Android Studio\jbr\bin\jimage.dll
0x00007ffe564c0000 - 0x00007ffe566a4000 	C:\Windows\SYSTEM32\DBGHELP.DLL
0x00007ffe56490000 - 0x00007ffe564bc000 	C:\Windows\SYSTEM32\dbgcore.DLL
0x00007ffe6ec10000 - 0x00007ffe6ec92000 	C:\Windows\System32\bcryptPrimitives.dll
0x00007ffe56d50000 - 0x00007ffe56d75000 	C:\Program Files\Android\Android Studio\jbr\bin\java.dll
0x00007ffe5d870000 - 0x00007ffe5d888000 	C:\Program Files\Android\Android Studio\jbr\bin\zip.dll
0x00007ffe6ff60000 - 0x00007ffe706a3000 	C:\Windows\System32\SHELL32.dll
0x00007ffe6ccd0000 - 0x00007ffe6d462000 	C:\Windows\SYSTEM32\windows.storage.dll
0x00007ffe70cb0000 - 0x00007ffe71004000 	C:\Windows\System32\combase.dll
0x00007ffe6e590000 - 0x00007ffe6e5c0000 	C:\Windows\SYSTEM32\Wldp.dll
0x00007ffe6f570000 - 0x00007ffe6f61d000 	C:\Windows\System32\SHCORE.dll
0x00007ffe71130000 - 0x00007ffe71185000 	C:\Windows\System32\shlwapi.dll
0x00007ffe6eb50000 - 0x00007ffe6eb6f000 	C:\Windows\SYSTEM32\profapi.dll
0x00007ffe586f0000 - 0x00007ffe58709000 	C:\Program Files\Android\Android Studio\jbr\bin\net.dll
0x00007ffe5f850000 - 0x00007ffe5f95c000 	C:\Windows\SYSTEM32\WINHTTP.dll
0x00007ffe6e2f0000 - 0x00007ffe6e35a000 	C:\Windows\system32\mswsock.dll
0x00007ffe56960000 - 0x00007ffe56976000 	C:\Program Files\Android\Android Studio\jbr\bin\nio.dll
0x00007ffe5eff0000 - 0x00007ffe5f000000 	C:\Program Files\Android\Android Studio\jbr\bin\verify.dll
0x00007ffe55f40000 - 0x00007ffe55f67000 	C:\Users\Phrankie\.gradle\native\e1d6ef7f7dcc3fd88c89a11ec53ec762bb8ba0a96d01ffa2cd45eb1d1d8dd5c5\windows-amd64\native-platform.dll
0x00007ffe5ef00000 - 0x00007ffe5ef09000 	C:\Program Files\Android\Android Studio\jbr\bin\management.dll
0x00007ffe5d570000 - 0x00007ffe5d57b000 	C:\Program Files\Android\Android Studio\jbr\bin\management_ext.dll
0x00007ffe6ff50000 - 0x00007ffe6ff58000 	C:\Windows\System32\PSAPI.DLL
0x00007ffe6e4e0000 - 0x00007ffe6e4f8000 	C:\Windows\SYSTEM32\CRYPTSP.dll
0x00007ffe6dc10000 - 0x00007ffe6dc44000 	C:\Windows\system32\rsaenh.dll
0x00007ffe6f530000 - 0x00007ffe6f557000 	C:\Windows\System32\bcrypt.dll
0x00007ffe6eb10000 - 0x00007ffe6eb3e000 	C:\Windows\SYSTEM32\USERENV.dll
0x00007ffe6e500000 - 0x00007ffe6e50c000 	C:\Windows\SYSTEM32\CRYPTBASE.dll
0x00007ffe6dfe0000 - 0x00007ffe6e01b000 	C:\Windows\SYSTEM32\IPHLPAPI.DLL
0x00007ffe71190000 - 0x00007ffe71198000 	C:\Windows\System32\NSI.dll
0x00007ffe65a50000 - 0x00007ffe65a67000 	C:\Windows\SYSTEM32\dhcpcsvc6.DLL
0x00007ffe65c80000 - 0x00007ffe65c9d000 	C:\Windows\SYSTEM32\dhcpcsvc.DLL
0x00007ffe6e020000 - 0x00007ffe6e0ea000 	C:\Windows\SYSTEM32\DNSAPI.dll
0x00007ffe5c940000 - 0x00007ffe5c947000 	C:\Windows\system32\wshunix.dll

dbghelp: loaded successfully - version: 4.0.5 - missing functions: none
symbol engine: initialized successfully - sym options: 0x614 - pdb path: .;C:\Program Files\Android\Android Studio\jbr\bin;C:\Windows\SYSTEM32;C:\Windows\WinSxS\amd64_microsoft.windows.common-controls_6595b64144ccf1df_6.0.19041.1110_none_60b5254171f9507e;C:\Program Files\Android\Android Studio\jbr\bin\server;C:\Users\Phrankie\.gradle\native\e1d6ef7f7dcc3fd88c89a11ec53ec762bb8ba0a96d01ffa2cd45eb1d1d8dd5c5\windows-amd64

VM Arguments:
jvm_args: -Dorg.gradle.appname=gradlew 
java_command: org.gradle.wrapper.GradleWrapperMain -q -Ptarget-platform=android-arm64 -Ptarget=D:\programes\loc-main\lib\main.dart -Pbase-application-name=android.app.Application -Pdart-defines=RkxVVFRFUl9XRUJfQVVUT19ERVRFQ1Q9dHJ1ZQ==,RkxVVFRFUl9XRUJfQ0FOVkFTS0lUX1VSTD1odHRwczovL3d3dy5nc3RhdGljLmNvbS9mbHV0dGVyLWNhbnZhc2tpdC9mNDBlOTc2YmVkZmY1N2U2OWUxYjNkODlhN2MyYTNjNjE3YTAzZGFkLw== -Pdart-obfuscation=false -Ptrack-widget-creation=true -Ptree-shake-icons=false -Pfilesystem-scheme=org-dartlang-root assembleDebug
java_class_path (initial): D:\programes\loc-main\android\\gradle\wrapper\gradle-wrapper.jar
Launcher Type: SUN_STANDARD

[Global flags]
     intx CICompilerCount                          = 3                                         {product} {ergonomic}
     uint ConcGCThreads                            = 1                                         {product} {ergonomic}
     uint G1ConcRefinementThreads                  = 4                                         {product} {ergonomic}
   size_t G1HeapRegionSize                         = 1048576                                   {product} {ergonomic}
    uintx GCDrainStackTargetSize                   = 64                                        {product} {ergonomic}
   size_t InitialHeapSize                          = 113246208                                 {product} {ergonomic}
   size_t MarkStackSize                            = 4194304                                   {product} {ergonomic}
   size_t MaxHeapSize                              = 1788870656                                {product} {ergonomic}
   size_t MaxNewSize                               = 1072693248                                {product} {ergonomic}
   size_t MinHeapDeltaBytes                        = 1048576                                   {product} {ergonomic}
   size_t MinHeapSize                              = 8388608                                   {product} {ergonomic}
    uintx NonNMethodCodeHeapSize                   = 5832780                                {pd product} {ergonomic}
    uintx NonProfiledCodeHeapSize                  = 122912730                              {pd product} {ergonomic}
    uintx ProfiledCodeHeapSize                     = 122912730                              {pd product} {ergonomic}
    uintx ReservedCodeCacheSize                    = 251658240                              {pd product} {ergonomic}
     bool SegmentedCodeCache                       = true                                      {product} {ergonomic}
   size_t SoftMaxHeapSize                          = 1788870656                             {manageable} {ergonomic}
     bool UseCompressedClassPointers               = true                           {product lp64_product} {ergonomic}
     bool UseCompressedOops                        = true                           {product lp64_product} {ergonomic}
     bool UseG1GC                                  = true                                      {product} {ergonomic}
     bool UseLargePagesIndividualAllocation        = false                                  {pd product} {ergonomic}

Logging:
Log output configuration:
 #0: stdout all=warning uptime,level,tags
 #1: stderr all=off uptime,level,tags

Environment Variables:
JAVA_HOME=C:\Program Files\Android\Android Studio\jbr
CLASSPATH=D:\programes\loc-main\android\\gradle\wrapper\gradle-wrapper.jar
PATH=C:\Program Files\Android\Android Studio\jbr\bin;C:\Program Files\Eclipse Adoptium\jdk-21.0.2.13-hotspot\bin;C:\Python312\Scripts\;C:\Python312\;C:\Windows\system32;C:\Windows;C:\Windows\System32\Wbem;C:\Windows\System32\WindowsPowerShell\v1.0\;C:\Program Files (x86)\NVIDIA Corporation\PhysX\Common;C:\Program Files\Git\cmd;C:\Program Files (x86)\Windows Kits\10\Windows Performance Toolkit\;C:\Users\Phrankie\AppData\Local\Pub\Cache\bin;C:\Program Files\nodejs\;C:\ProgramData\chocolatey\bin;C:\Users\Phrankie\AppData\Local\Microsoft\WindowsApps;C:\devalopments\flutter\bin;C:\Users\Phrankie\AppData\Local\Programs\Microsoft VS Code\bin;C:\Users\Phrankie\AppData\Local\Pub\Cache\bin;C:\Users\Phrankie\AppData\Roaming\npm;C:\devalopments\flutter\bin\mingit\cmd;C:\devalopments\flutter\bin\mingit\cmd
USERNAME=Phrankie
OS=Windows_NT
PROCESSOR_IDENTIFIER=Intel64 Family 6 Model 60 Stepping 3, GenuineIntel
TMP=C:\Users\Phrankie\AppData\Local\Temp
TEMP=C:\Users\Phrankie\AppData\Local\Temp


JNI global refs:
JNI global refs: 18, weak refs: 0

JNI global refs memory usage: 843, weak refs: 841


---------------  S Y S T E M  ---------------

OS:
 Windows 10 , 64 bit Build 19041 (10.0.19041.2251)
OS uptime: 0 days 0:23 hours

CPU: total 4 (initial active 4) (2 cores per cpu, 2 threads per core) family 6 model 60 stepping 3 microcode 0x27, cx8, cmov, fxsr, ht, mmx, sse, sse2, sse3, ssse3, sse4.1, sse4.2, popcnt, lzcnt, tsc, tscinvbit, avx, avx2, aes, erms, clmul, bmi1, bmi2, fma, vzeroupper, clflush

Memory: 4k page, system-wide physical 6817M (729M free)
TotalPageFile size 6817M (AvailPageFile size 73M)
current process WorkingSet (physical memory assigned to process): 86M, peak: 90M
current process commit charge ("private bytes"): 200M, peak: 202M

vm_info: OpenJDK 64-Bit Server VM (17.0.6+0-b2043.56-10027231) for windows-amd64 JRE (17.0.6+0-b2043.56-10027231), built on Apr 28 2023 00:43:19 by "androidbuild" with MS VC++ 16.10 / 16.11 (VS2019)

END.
