#
# There is insufficient memory for the Java Runtime Environment to continue.
# Native memory allocation (mmap) failed to map 589299712 bytes for G1 virtual space
# Possible reasons:
#   The system is out of physical RAM or swap space
#   The process is running with CompressedOops enabled, and the Java Heap may be blocking the growth of the native heap
# Possible solutions:
#   Reduce memory load on the system
#   Increase physical memory or swap space
#   Check if swap backing store is full
#   Decrease Java heap size (-Xmx/-Xms)
#   Decrease number of Java threads
#   Decrease Java thread stack sizes (-Xss)
#   Set larger code cache with -XX:ReservedCodeCacheSize=
#   JVM is running with Zero Based Compressed Oops mode in which the Java heap is
#     placed in the first 32GB address space. The Java Heap base address is the
#     maximum limit for the native heap growth. Please use -XX:HeapBaseMinAddress
#     to set the Java Heap base and to place the Java Heap above 32GB virtual address.
# This output file may be truncated or incomplete.
#
#  Out of Memory Error (os_windows.cpp:3769), pid=8268, tid=7604
#
# JRE version: OpenJDK Runtime Environment (17.0.6) (build 17.0.6+0-b2043.56-10027231)
# Java VM: OpenJDK 64-Bit Server VM (17.0.6+0-b2043.56-10027231, mixed mode, tiered, compressed oops, compressed class ptrs, g1 gc, windows-amd64)
# No core dump will be written. Minidumps are not enabled by default on client versions of Windows
#

---------------  S U M M A R Y ------------

Command Line: --add-opens=java.base/java.util=ALL-UNNAMED --add-opens=java.base/java.lang=ALL-UNNAMED --add-opens=java.base/java.lang.invoke=ALL-UNNAMED --add-opens=java.base/java.util=ALL-UNNAMED --add-opens=java.prefs/java.util.prefs=ALL-UNNAMED --add-opens=java.prefs/java.util.prefs=ALL-UNNAMED --add-opens=java.base/java.nio.charset=ALL-UNNAMED --add-opens=java.base/java.net=ALL-UNNAMED --add-opens=java.base/java.util.concurrent.atomic=ALL-UNNAMED -Xmx4G -Dfile.encoding=windows-1252 -Duser.country=US -Duser.language=en -Duser.variant org.gradle.launcher.daemon.bootstrap.GradleDaemon 7.5

Host: Intel(R) Core(TM) i5-4210M CPU @ 2.60GHz, 4 cores, 6G,  Windows 10 , 64 bit Build 19041 (10.0.19041.2251)
Time: Mon Mar  4 18:08:03 2024 Egypt Standard Time elapsed time: 40.891008 seconds (0d 0h 0m 40s)

---------------  T H R E A D  ---------------

Current thread (0x000001f4fe5646c0):  VMThread "VM Thread" [stack: 0x0000006e72e00000,0x0000006e72f00000] [id=7604]

Stack: [0x0000006e72e00000,0x0000006e72f00000]
Native frames: (J=compiled Java code, j=interpreted, Vv=VM code, C=native code)
V  [jvm.dll+0x683c9a]
V  [jvm.dll+0x8427a4]
V  [jvm.dll+0x843f9e]
V  [jvm.dll+0x844603]
V  [jvm.dll+0x249b75]
V  [jvm.dll+0x680b69]
V  [jvm.dll+0x67505a]
V  [jvm.dll+0x309acb]
V  [jvm.dll+0x310f86]
V  [jvm.dll+0x3608ee]
V  [jvm.dll+0x360b1f]
V  [jvm.dll+0x2dfbf8]
V  [jvm.dll+0x2ddec4]
V  [jvm.dll+0x2dd4cc]
V  [jvm.dll+0x321f3b]
V  [jvm.dll+0x848ccb]
V  [jvm.dll+0x849a04]
V  [jvm.dll+0x849f1d]
V  [jvm.dll+0x84a2f4]
V  [jvm.dll+0x84a3c0]
V  [jvm.dll+0x7f274a]
V  [jvm.dll+0x682ad5]
C  [ucrtbase.dll+0x21bb2]
C  [KERNEL32.DLL+0x174b4]
C  [ntdll.dll+0x526a1]

VM_Operation (0x0000006e793feb60): G1CollectForAllocation, mode: safepoint, requested by thread 0x000001f490dac260


---------------  P R O C E S S  ---------------

Threads class SMR info:
_java_thread_list=0x000001f48f87e0f0, length=99, elements={
0x000001f4ef3ff340, 0x000001f4fe5b0260, 0x000001f4fe5b1090, 0x000001f4fe5fd910,
0x000001f4fe5fe2c0, 0x000001f4ff0171c0, 0x000001f4ff017a80, 0x000001f4ff018a80,
0x000001f4ff01a0c0, 0x000001f4ff028770, 0x000001f4ff1acf70, 0x000001f4ff1b1860,
0x000001f4ff78ab50, 0x000001f4ff787660, 0x000001f4ff78a1b0, 0x000001f4ff787190,
0x000001f4ff78a680, 0x000001f4ff787b30, 0x000001f4ff788000, 0x000001f4ff7884d0,
0x000001f4ff7889a0, 0x000001f4ff788e70, 0x000001f4ff789340, 0x000001f4ff789ce0,
0x000001f4910dfcd0, 0x000001f4910dd180, 0x000001f4910dee60, 0x000001f4910da630,
0x000001f4910ddb20, 0x000001f4910d9c90, 0x000001f4910dd650, 0x000001f4910ddff0,
0x000001f4910db970, 0x000001f4910d8e20, 0x000001f4910df330, 0x000001f4910dab00,
0x000001f4910dbe40, 0x000001f4910de990, 0x000001f4910d92f0, 0x000001f4910dc310,
0x000001f4910d97c0, 0x000001f494196320, 0x000001f494194170, 0x000001f494197b30,
0x000001f49419b020, 0x000001f494197660, 0x000001f494198000, 0x000001f494199ce0,
0x000001f494194b10, 0x000001f4941984d0, 0x000001f494194640, 0x000001f494196cc0,
0x000001f4941937d0, 0x000001f4941954b0, 0x000001f494195980, 0x000001f494197190,
0x000001f494198e70, 0x000001f494199340, 0x000001f494199810, 0x000001f49419a1b0,
0x000001f49419a680, 0x000001f49419ab50, 0x000001f4ff7e5000, 0x000001f4ff7e71b0,
0x000001f4ff7ea1d0, 0x000001f4ff7e6340, 0x000001f4ff7eb510, 0x000001f4ff7e9d00,
0x000001f4ff7e89c0, 0x000001f4ff7e6810, 0x000001f4ff7eab70, 0x000001f4ff7e7680,
0x000001f4ff7e7b50, 0x000001f4ff7eb9e0, 0x000001f4ff7e84f0, 0x000001f4ff7e4660,
0x000001f4ff7e59a0, 0x000001f4ff7eb040, 0x000001f4ff7ea6a0, 0x000001f4ff7e8020,
0x000001f4ff7e4b30, 0x000001f4ff7e8e90, 0x000001f4ff7e9360, 0x000001f4ff7e6ce0,
0x000001f4ff7e9830, 0x000001f4ff7ebeb0, 0x000001f4927e83e0, 0x000001f4927e70a0,
0x000001f4927eaf30, 0x000001f4927eb400, 0x000001f4927eb8d0, 0x000001f4927e5890,
0x000001f495d99880, 0x000001f490db1430, 0x000001f490dad0d0, 0x000001f490dac730,
0x000001f490dac260, 0x000001f490daa0b0, 0x000001f490dabd90
}

Java Threads: ( => current thread )
  0x000001f4ef3ff340 JavaThread "main" [_thread_blocked, id=8492, stack(0x0000006e72800000,0x0000006e72900000)]
  0x000001f4fe5b0260 JavaThread "Reference Handler" daemon [_thread_blocked, id=5020, stack(0x0000006e72f00000,0x0000006e73000000)]
  0x000001f4fe5b1090 JavaThread "Finalizer" daemon [_thread_blocked, id=7104, stack(0x0000006e73000000,0x0000006e73100000)]
  0x000001f4fe5fd910 JavaThread "Signal Dispatcher" daemon [_thread_blocked, id=6904, stack(0x0000006e73100000,0x0000006e73200000)]
  0x000001f4fe5fe2c0 JavaThread "Attach Listener" daemon [_thread_blocked, id=5568, stack(0x0000006e73200000,0x0000006e73300000)]
  0x000001f4ff0171c0 JavaThread "Service Thread" daemon [_thread_blocked, id=8868, stack(0x0000006e73300000,0x0000006e73400000)]
  0x000001f4ff017a80 JavaThread "Monitor Deflation Thread" daemon [_thread_blocked, id=2144, stack(0x0000006e73400000,0x0000006e73500000)]
  0x000001f4ff018a80 JavaThread "C2 CompilerThread0" daemon [_thread_blocked, id=4608, stack(0x0000006e73500000,0x0000006e73600000)]
  0x000001f4ff01a0c0 JavaThread "C1 CompilerThread0" daemon [_thread_blocked, id=4432, stack(0x0000006e73600000,0x0000006e73700000)]
  0x000001f4ff028770 JavaThread "Sweeper thread" daemon [_thread_blocked, id=7520, stack(0x0000006e73700000,0x0000006e73800000)]
  0x000001f4ff1acf70 JavaThread "Common-Cleaner" daemon [_thread_blocked, id=2444, stack(0x0000006e73800000,0x0000006e73900000)]
  0x000001f4ff1b1860 JavaThread "Notification Thread" daemon [_thread_blocked, id=7220, stack(0x0000006e73900000,0x0000006e73a00000)]
  0x000001f4ff78ab50 JavaThread "Daemon health stats" [_thread_blocked, id=8696, stack(0x0000006e73f00000,0x0000006e74000000)]
  0x000001f4ff787660 JavaThread "Incoming local TCP Connector on port 51796" [_thread_in_native, id=3696, stack(0x0000006e73b00000,0x0000006e73c00000)]
  0x000001f4ff78a1b0 JavaThread "Daemon periodic checks" [_thread_blocked, id=2200, stack(0x0000006e74000000,0x0000006e74100000)]
  0x000001f4ff787190 JavaThread "Daemon" [_thread_blocked, id=3960, stack(0x0000006e74100000,0x0000006e74200000)]
  0x000001f4ff78a680 JavaThread "Handler for socket connection from /127.0.0.1:51796 to /127.0.0.1:51797" [_thread_in_native, id=5296, stack(0x0000006e74200000,0x0000006e74300000)]
  0x000001f4ff787b30 JavaThread "Cancel handler" [_thread_blocked, id=3580, stack(0x0000006e74300000,0x0000006e74400000)]
  0x000001f4ff788000 JavaThread "Daemon worker" [_thread_blocked, id=4576, stack(0x0000006e74400000,0x0000006e74500000)]
  0x000001f4ff7884d0 JavaThread "Asynchronous log dispatcher for DefaultDaemonConnection: socket connection from /127.0.0.1:51796 to /127.0.0.1:51797" [_thread_blocked, id=6604, stack(0x0000006e74500000,0x0000006e74600000)]
  0x000001f4ff7889a0 JavaThread "Stdin handler" [_thread_blocked, id=6600, stack(0x0000006e74600000,0x0000006e74700000)]
  0x000001f4ff788e70 JavaThread "Daemon client event forwarder" [_thread_blocked, id=4604, stack(0x0000006e74700000,0x0000006e74800000)]
  0x000001f4ff789340 JavaThread "Cache worker for journal cache (C:\Users\Phrankie\.gradle\caches\journal-1)" [_thread_blocked, id=4612, stack(0x0000006e74800000,0x0000006e74900000)]
  0x000001f4ff789ce0 JavaThread "File lock request listener" [_thread_in_native, id=3628, stack(0x0000006e74900000,0x0000006e74a00000)]
  0x000001f4910dfcd0 JavaThread "Cache worker for file hash cache (C:\Users\Phrankie\.gradle\caches\7.5\fileHashes)" [_thread_blocked, id=1084, stack(0x0000006e74a00000,0x0000006e74b00000)]
  0x000001f4910dd180 JavaThread "File watcher server" daemon [_thread_blocked, id=5532, stack(0x0000006e74c00000,0x0000006e74d00000)]
  0x000001f4910dee60 JavaThread "File watcher consumer" daemon [_thread_blocked, id=5700, stack(0x0000006e74d00000,0x0000006e74e00000)]
  0x000001f4910da630 JavaThread "Cache worker for checksums cache (C:\devalopments\apps\loc-main\android\.gradle\7.5\checksums)" [_thread_blocked, id=760, stack(0x0000006e74e00000,0x0000006e74f00000)]
  0x000001f4910ddb20 JavaThread "Cache worker for cache directory md-rule (C:\Users\Phrankie\.gradle\caches\7.5\md-rule)" [_thread_blocked, id=4144, stack(0x0000006e74f00000,0x0000006e75000000)]
  0x000001f4910d9c90 JavaThread "Cache worker for file content cache (C:\Users\Phrankie\.gradle\caches\7.5\fileContent)" [_thread_blocked, id=8072, stack(0x0000006e75000000,0x0000006e75100000)]
  0x000001f4910dd650 JavaThread "Cache worker for file hash cache (C:\devalopments\apps\loc-main\android\.gradle\7.5\fileHashes)" [_thread_blocked, id=7272, stack(0x0000006e75100000,0x0000006e75200000)]
  0x000001f4910ddff0 JavaThread "Cache worker for cache directory md-supplier (C:\Users\Phrankie\.gradle\caches\7.5\md-supplier)" [_thread_blocked, id=7640, stack(0x0000006e75200000,0x0000006e75300000)]
  0x000001f4910db970 JavaThread "Cache worker for execution history cache (C:\Users\Phrankie\.gradle\caches\7.5\executionHistory)" [_thread_blocked, id=2296, stack(0x0000006e75300000,0x0000006e75400000)]
  0x000001f4910d8e20 JavaThread "jar transforms" [_thread_blocked, id=5028, stack(0x0000006e75400000,0x0000006e75500000)]
  0x000001f4910df330 JavaThread "Cache worker for kotlin-dsl (C:\Users\Phrankie\.gradle\caches\7.5\kotlin-dsl)" [_thread_blocked, id=8836, stack(0x0000006e75500000,0x0000006e75600000)]
  0x000001f4910dab00 JavaThread "jar transforms Thread 2" [_thread_blocked, id=7712, stack(0x0000006e75600000,0x0000006e75700000)]
  0x000001f4910dbe40 JavaThread "Cache worker for dependencies-accessors (C:\devalopments\apps\loc-main\android\.gradle\7.5\dependencies-accessors)" [_thread_blocked, id=5600, stack(0x0000006e75700000,0x0000006e75800000)]
  0x000001f4910de990 JavaThread "Cache worker for Build Output Cleanup Cache (C:\devalopments\flutter\packages\flutter_tools\gradle\.gradle\buildOutputCleanup)" [_thread_blocked, id=7292, stack(0x0000006e75800000,0x0000006e75900000)]
  0x000001f4910d92f0 JavaThread "jar transforms Thread 3" [_thread_blocked, id=5592, stack(0x0000006e75900000,0x0000006e75a00000)]
  0x000001f4910dc310 JavaThread "Memory manager" [_thread_blocked, id=7864, stack(0x0000006e75a00000,0x0000006e75b00000)]
  0x000001f4910d97c0 JavaThread "jar transforms Thread 4" [_thread_blocked, id=8692, stack(0x0000006e75b00000,0x0000006e75c00000)]
  0x000001f494196320 JavaThread "included builds" [_thread_blocked, id=496, stack(0x0000006e75c00000,0x0000006e75d00000)]
  0x000001f494194170 JavaThread "Execution worker" [_thread_blocked, id=9212, stack(0x0000006e75d00000,0x0000006e75e00000)]
  0x000001f494197b30 JavaThread "Execution worker Thread 2" [_thread_blocked, id=8412, stack(0x0000006e75e00000,0x0000006e75f00000)]
  0x000001f49419b020 JavaThread "Execution worker Thread 3" [_thread_blocked, id=2160, stack(0x0000006e75f00000,0x0000006e76000000)]
  0x000001f494197660 JavaThread "Cache worker for execution history cache (C:\devalopments\flutter\packages\flutter_tools\gradle\.gradle\7.5\executionHistory)" [_thread_blocked, id=8724, stack(0x0000006e76000000,0x0000006e76100000)]
  0x000001f494198000 JavaThread "Unconstrained build operations" [_thread_blocked, id=5464, stack(0x0000006e76100000,0x0000006e76200000)]
  0x000001f494199ce0 JavaThread "Unconstrained build operations Thread 2" [_thread_blocked, id=1164, stack(0x0000006e76200000,0x0000006e76300000)]
  0x000001f494194b10 JavaThread "Unconstrained build operations Thread 3" [_thread_blocked, id=6136, stack(0x0000006e76300000,0x0000006e76400000)]
  0x000001f4941984d0 JavaThread "Unconstrained build operations Thread 4" [_thread_blocked, id=296, stack(0x0000006e76400000,0x0000006e76500000)]
  0x000001f494194640 JavaThread "Unconstrained build operations Thread 5" [_thread_blocked, id=6300, stack(0x0000006e76500000,0x0000006e76600000)]
  0x000001f494196cc0 JavaThread "Unconstrained build operations Thread 6" [_thread_blocked, id=420, stack(0x0000006e76600000,0x0000006e76700000)]
  0x000001f4941937d0 JavaThread "Unconstrained build operations Thread 7" [_thread_blocked, id=232, stack(0x0000006e76700000,0x0000006e76800000)]
  0x000001f4941954b0 JavaThread "Unconstrained build operations Thread 8" [_thread_blocked, id=6216, stack(0x0000006e76800000,0x0000006e76900000)]
  0x000001f494195980 JavaThread "Unconstrained build operations Thread 9" [_thread_blocked, id=6804, stack(0x0000006e76900000,0x0000006e76a00000)]
  0x000001f494197190 JavaThread "Unconstrained build operations Thread 10" [_thread_blocked, id=4436, stack(0x0000006e76a00000,0x0000006e76b00000)]
  0x000001f494198e70 JavaThread "Unconstrained build operations Thread 11" [_thread_blocked, id=6776, stack(0x0000006e76b00000,0x0000006e76c00000)]
  0x000001f494199340 JavaThread "Unconstrained build operations Thread 12" [_thread_blocked, id=8276, stack(0x0000006e76c00000,0x0000006e76d00000)]
  0x000001f494199810 JavaThread "Unconstrained build operations Thread 13" [_thread_blocked, id=8500, stack(0x0000006e76d00000,0x0000006e76e00000)]
  0x000001f49419a1b0 JavaThread "Unconstrained build operations Thread 14" [_thread_blocked, id=8392, stack(0x0000006e76e00000,0x0000006e76f00000)]
  0x000001f49419a680 JavaThread "Unconstrained build operations Thread 15" [_thread_blocked, id=5540, stack(0x0000006e76f00000,0x0000006e77000000)]
  0x000001f49419ab50 JavaThread "Unconstrained build operations Thread 16" [_thread_blocked, id=2984, stack(0x0000006e77000000,0x0000006e77100000)]
  0x000001f4ff7e5000 JavaThread "Unconstrained build operations Thread 17" [_thread_blocked, id=5588, stack(0x0000006e77100000,0x0000006e77200000)]
  0x000001f4ff7e71b0 JavaThread "Unconstrained build operations Thread 18" [_thread_blocked, id=5360, stack(0x0000006e77200000,0x0000006e77300000)]
  0x000001f4ff7ea1d0 JavaThread "Unconstrained build operations Thread 19" [_thread_blocked, id=3632, stack(0x0000006e77300000,0x0000006e77400000)]
  0x000001f4ff7e6340 JavaThread "Unconstrained build operations Thread 20" [_thread_blocked, id=7088, stack(0x0000006e77400000,0x0000006e77500000)]
  0x000001f4ff7eb510 JavaThread "Unconstrained build operations Thread 21" [_thread_blocked, id=5356, stack(0x0000006e77500000,0x0000006e77600000)]
  0x000001f4ff7e9d00 JavaThread "Unconstrained build operations Thread 22" [_thread_blocked, id=9084, stack(0x0000006e77600000,0x0000006e77700000)]
  0x000001f4ff7e89c0 JavaThread "Unconstrained build operations Thread 23" [_thread_blocked, id=9108, stack(0x0000006e77700000,0x0000006e77800000)]
  0x000001f4ff7e6810 JavaThread "Unconstrained build operations Thread 24" [_thread_blocked, id=6684, stack(0x0000006e77800000,0x0000006e77900000)]
  0x000001f4ff7eab70 JavaThread "Unconstrained build operations Thread 25" [_thread_blocked, id=7988, stack(0x0000006e77900000,0x0000006e77a00000)]
  0x000001f4ff7e7680 JavaThread "Unconstrained build operations Thread 26" [_thread_blocked, id=1076, stack(0x0000006e77a00000,0x0000006e77b00000)]
  0x000001f4ff7e7b50 JavaThread "Unconstrained build operations Thread 27" [_thread_blocked, id=1128, stack(0x0000006e77b00000,0x0000006e77c00000)]
  0x000001f4ff7eb9e0 JavaThread "Unconstrained build operations Thread 28" [_thread_blocked, id=6596, stack(0x0000006e77c00000,0x0000006e77d00000)]
  0x000001f4ff7e84f0 JavaThread "Unconstrained build operations Thread 29" [_thread_blocked, id=7152, stack(0x0000006e77d00000,0x0000006e77e00000)]
  0x000001f4ff7e4660 JavaThread "Unconstrained build operations Thread 30" [_thread_blocked, id=4860, stack(0x0000006e77e00000,0x0000006e77f00000)]
  0x000001f4ff7e59a0 JavaThread "Unconstrained build operations Thread 31" [_thread_blocked, id=7284, stack(0x0000006e77f00000,0x0000006e78000000)]
  0x000001f4ff7eb040 JavaThread "Unconstrained build operations Thread 32" [_thread_blocked, id=4592, stack(0x0000006e78000000,0x0000006e78100000)]
  0x000001f4ff7ea6a0 JavaThread "Unconstrained build operations Thread 33" [_thread_blocked, id=2328, stack(0x0000006e78100000,0x0000006e78200000)]
  0x000001f4ff7e8020 JavaThread "Unconstrained build operations Thread 34" [_thread_blocked, id=3208, stack(0x0000006e78200000,0x0000006e78300000)]
  0x000001f4ff7e4b30 JavaThread "Unconstrained build operations Thread 35" [_thread_blocked, id=6928, stack(0x0000006e78300000,0x0000006e78400000)]
  0x000001f4ff7e8e90 JavaThread "Unconstrained build operations Thread 36" [_thread_blocked, id=3540, stack(0x0000006e78400000,0x0000006e78500000)]
  0x000001f4ff7e9360 JavaThread "Unconstrained build operations Thread 37" [_thread_blocked, id=2524, stack(0x0000006e78500000,0x0000006e78600000)]
  0x000001f4ff7e6ce0 JavaThread "Unconstrained build operations Thread 38" [_thread_blocked, id=3616, stack(0x0000006e78600000,0x0000006e78700000)]
  0x000001f4ff7e9830 JavaThread "Unconstrained build operations Thread 39" [_thread_blocked, id=7824, stack(0x0000006e78700000,0x0000006e78800000)]
  0x000001f4ff7ebeb0 JavaThread "Unconstrained build operations Thread 40" [_thread_blocked, id=6860, stack(0x0000006e78800000,0x0000006e78900000)]
  0x000001f4927e83e0 JavaThread "Cache worker for Build Output Cleanup Cache (C:\devalopments\apps\loc-main\android\.gradle\buildOutputCleanup)" [_thread_blocked, id=4544, stack(0x0000006e78900000,0x0000006e78a00000)]
  0x000001f4927e70a0 JavaThread "pool-3-thread-1" [_thread_blocked, id=7100, stack(0x0000006e78a00000,0x0000006e78b00000)]
  0x000001f4927eaf30 JavaThread "build event listener" [_thread_blocked, id=2772, stack(0x0000006e78b00000,0x0000006e78c00000)]
  0x000001f4927eb400 JavaThread "Cache worker for execution history cache (C:\devalopments\apps\loc-main\android\.gradle\7.5\executionHistory)" [_thread_blocked, id=6968, stack(0x0000006e78c00000,0x0000006e78d00000)]
  0x000001f4927eb8d0 JavaThread "WorkerExecutor Queue" [_thread_blocked, id=5664, stack(0x0000006e72500000,0x0000006e72600000)]
  0x000001f4927e5890 JavaThread "WorkerExecutor Queue Thread 2" [_thread_blocked, id=1264, stack(0x0000006e78d00000,0x0000006e78e00000)]
  0x000001f495d99880 JavaThread "C2 CompilerThread1" daemon [_thread_blocked, id=6532, stack(0x0000006e78f00000,0x0000006e79000000)]
  0x000001f490db1430 JavaThread "WorkerExecutor Queue Thread 3" [_thread_blocked, id=7984, stack(0x0000006e79000000,0x0000006e79100000)]
  0x000001f490dad0d0 JavaThread "WorkerExecutor Queue Thread 4" [_thread_blocked, id=5480, stack(0x0000006e79100000,0x0000006e79200000)]
  0x000001f490dac730 JavaThread "ForkJoinPool-1-worker-1" daemon [_thread_blocked, id=6864, stack(0x0000006e79200000,0x0000006e79300000)]
  0x000001f490dac260 JavaThread "ForkJoinPool-1-worker-2" daemon [_thread_blocked, id=8176, stack(0x0000006e79300000,0x0000006e79400000)]
  0x000001f490daa0b0 JavaThread "ForkJoinPool-1-worker-3" daemon [_thread_blocked, id=7444, stack(0x0000006e79400000,0x0000006e79500000)]
  0x000001f490dabd90 JavaThread "ForkJoinPool-1-worker-4" daemon [_thread_blocked, id=2724, stack(0x0000006e79500000,0x0000006e79600000)]

Other Threads:
=>0x000001f4fe5646c0 VMThread "VM Thread" [stack: 0x0000006e72e00000,0x0000006e72f00000] [id=7604]
  0x000001f4ff1aac40 WatcherThread [stack: 0x0000006e73a00000,0x0000006e73b00000] [id=5608]
  0x000001f4ef46eb60 GCTaskThread "GC Thread#0" [stack: 0x0000006e72900000,0x0000006e72a00000] [id=7276]
  0x000001f4ff797ca0 GCTaskThread "GC Thread#1" [stack: 0x0000006e73c00000,0x0000006e73d00000] [id=3952]
  0x000001f4ff3fec60 GCTaskThread "GC Thread#2" [stack: 0x0000006e73d00000,0x0000006e73e00000] [id=4572]
  0x000001f4ff4a7e30 GCTaskThread "GC Thread#3" [stack: 0x0000006e73e00000,0x0000006e73f00000] [id=5644]
  0x000001f4ef47f940 ConcurrentGCThread "G1 Main Marker" [stack: 0x0000006e72a00000,0x0000006e72b00000] [id=7240]
  0x000001f4ef480990 ConcurrentGCThread "G1 Conc#0" [stack: 0x0000006e72b00000,0x0000006e72c00000] [id=3712]
  0x000001f4ef4bc030 ConcurrentGCThread "G1 Refine#0" [stack: 0x0000006e72c00000,0x0000006e72d00000] [id=9184]
  0x000001f498a43780 ConcurrentGCThread "G1 Refine#1" [stack: 0x0000006e79600000,0x0000006e79700000] [id=1000]
  0x000001f498a42640 ConcurrentGCThread "G1 Refine#2" [stack: 0x0000006e79700000,0x0000006e79800000] [id=9052]
  0x000001f498a42920 ConcurrentGCThread "G1 Refine#3" [stack: 0x0000006e79800000,0x0000006e79900000] [id=2040]
  0x000001f4ef4bcb00 ConcurrentGCThread "G1 Service" [stack: 0x0000006e72d00000,0x0000006e72e00000] [id=7004]

Threads with active compile tasks:
C2 CompilerThread0    40926 17143       4       com.android.tools.r8.code.y1::a (4129 bytes)
C2 CompilerThread1    40926 17170 %     4       com.android.tools.r8.dex.i::a @ 310 (1036 bytes)

VM state: at safepoint (normal execution)

VM Mutex/Monitor currently owned by a thread:  ([mutex/lock_event])
[0x000001f4ef3fa870] Threads_lock - owner thread: 0x000001f4fe5646c0
[0x000001f4ef3fb680] Heap_lock - owner thread: 0x000001f490dac260

Heap address: 0x0000000700000000, size: 4096 MB, Compressed Oops mode: Zero based, Oop shift amount: 3

CDS archive(s) not mapped
Compressed class space mapped at: 0x0000000800000000-0x0000000840000000, reserved size: 1073741824
Narrow klass base: 0x0000000800000000, Narrow klass shift: 0, Narrow klass range: 0x40000000

GC Precious Log:
 CPUs: 4 total, 4 available
 Memory: 6817M
 Large Page Support: Disabled
 NUMA Support: Disabled
 Compressed Oops: Enabled (Zero based)
 Heap Region Size: 2M
 Heap Min Capacity: 8M
 Heap Initial Capacity: 108M
 Heap Max Capacity: 4G
 Pre-touch: Disabled
 Parallel Workers: 4
 Concurrent Workers: 1
 Concurrent Refinement Workers: 4
 Periodic GC: Disabled

Heap:
 garbage-first heap   total 407552K, used 278528K [0x0000000700000000, 0x0000000800000000)
  region size 2048K, 5 young (10240K), 5 survivors (10240K)
 Metaspace       used 116063K, committed 117120K, reserved 1155072K
  class space    used 15925K, committed 16384K, reserved 1048576K

Heap Regions: E=young(eden), S=young(survivor), O=old, HS=humongous(starts), HC=humongous(continues), CS=collection set, F=free, OA=open archive, CA=closed archive, TAMS=top-at-mark-start (previous, next)
|   0|0x0000000700000000, 0x0000000700200000, 0x0000000700200000|100%|HS|  |TAMS 0x0000000700200000, 0x0000000700200000| Complete 
|   1|0x0000000700200000, 0x0000000700400000, 0x0000000700400000|100%|HC|  |TAMS 0x0000000700400000, 0x0000000700400000| Complete 
|   2|0x0000000700400000, 0x0000000700600000, 0x0000000700600000|100%| O|  |TAMS 0x0000000700600000, 0x0000000700600000| Untracked 
|   3|0x0000000700600000, 0x0000000700800000, 0x0000000700800000|100%| O|  |TAMS 0x0000000700800000, 0x0000000700800000| Untracked 
|   4|0x0000000700800000, 0x0000000700a00000, 0x0000000700a00000|100%|HS|  |TAMS 0x0000000700a00000, 0x0000000700a00000| Complete 
|   5|0x0000000700a00000, 0x0000000700c00000, 0x0000000700c00000|100%| O|  |TAMS 0x0000000700c00000, 0x0000000700c00000| Untracked 
|   6|0x0000000700c00000, 0x0000000700e00000, 0x0000000700e00000|100%| O|  |TAMS 0x0000000700e00000, 0x0000000700e00000| Untracked 
|   7|0x0000000700e00000, 0x0000000701000000, 0x0000000701000000|100%| O|  |TAMS 0x0000000701000000, 0x0000000701000000| Untracked 
|   8|0x0000000701000000, 0x0000000701200000, 0x0000000701200000|100%| O|  |TAMS 0x0000000701200000, 0x0000000701200000| Untracked 
|   9|0x0000000701200000, 0x0000000701400000, 0x0000000701400000|100%| O|  |TAMS 0x0000000701400000, 0x0000000701400000| Untracked 
|  10|0x0000000701400000, 0x0000000701600000, 0x0000000701600000|100%| O|  |TAMS 0x0000000701600000, 0x0000000701600000| Untracked 
|  11|0x0000000701600000, 0x0000000701800000, 0x0000000701800000|100%| O|  |TAMS 0x0000000701800000, 0x0000000701800000| Untracked 
|  12|0x0000000701800000, 0x0000000701a00000, 0x0000000701a00000|100%| O|  |TAMS 0x0000000701a00000, 0x0000000701a00000| Untracked 
|  13|0x0000000701a00000, 0x0000000701c00000, 0x0000000701c00000|100%| O|  |TAMS 0x0000000701c00000, 0x0000000701c00000| Untracked 
|  14|0x0000000701c00000, 0x0000000701e00000, 0x0000000701e00000|100%| O|  |TAMS 0x0000000701e00000, 0x0000000701e00000| Untracked 
|  15|0x0000000701e00000, 0x0000000702000000, 0x0000000702000000|100%| O|  |TAMS 0x0000000702000000, 0x0000000702000000| Untracked 
|  16|0x0000000702000000, 0x0000000702200000, 0x0000000702200000|100%| O|  |TAMS 0x0000000702200000, 0x0000000702200000| Untracked 
|  17|0x0000000702200000, 0x0000000702400000, 0x0000000702400000|100%| O|  |TAMS 0x0000000702400000, 0x0000000702400000| Untracked 
|  18|0x0000000702400000, 0x0000000702600000, 0x0000000702600000|100%| O|  |TAMS 0x0000000702600000, 0x0000000702600000| Untracked 
|  19|0x0000000702600000, 0x0000000702800000, 0x0000000702800000|100%| O|  |TAMS 0x0000000702800000, 0x0000000702800000| Untracked 
|  20|0x0000000702800000, 0x0000000702a00000, 0x0000000702a00000|100%| O|  |TAMS 0x0000000702a00000, 0x0000000702a00000| Untracked 
|  21|0x0000000702a00000, 0x0000000702c00000, 0x0000000702c00000|100%| O|  |TAMS 0x0000000702c00000, 0x0000000702c00000| Untracked 
|  22|0x0000000702c00000, 0x0000000702e00000, 0x0000000702e00000|100%| O|  |TAMS 0x0000000702e00000, 0x0000000702e00000| Untracked 
|  23|0x0000000702e00000, 0x0000000703000000, 0x0000000703000000|100%| O|  |TAMS 0x0000000703000000, 0x0000000703000000| Untracked 
|  24|0x0000000703000000, 0x0000000703200000, 0x0000000703200000|100%| O|  |TAMS 0x0000000703200000, 0x0000000703200000| Untracked 
|  25|0x0000000703200000, 0x0000000703400000, 0x0000000703400000|100%|HS|  |TAMS 0x0000000703400000, 0x0000000703400000| Complete 
|  26|0x0000000703400000, 0x0000000703600000, 0x0000000703600000|100%|HC|  |TAMS 0x0000000703600000, 0x0000000703600000| Complete 
|  27|0x0000000703600000, 0x0000000703800000, 0x0000000703800000|100%| O|  |TAMS 0x0000000703800000, 0x0000000703800000| Untracked 
|  28|0x0000000703800000, 0x0000000703a00000, 0x0000000703a00000|100%| O|  |TAMS 0x0000000703a00000, 0x0000000703a00000| Untracked 
|  29|0x0000000703a00000, 0x0000000703c00000, 0x0000000703c00000|100%| O|  |TAMS 0x0000000703c00000, 0x0000000703c00000| Untracked 
|  30|0x0000000703c00000, 0x0000000703e00000, 0x0000000703e00000|100%| O|  |TAMS 0x0000000703e00000, 0x0000000703e00000| Untracked 
|  31|0x0000000703e00000, 0x0000000704000000, 0x0000000704000000|100%| O|  |TAMS 0x0000000704000000, 0x0000000704000000| Untracked 
|  32|0x0000000704000000, 0x0000000704200000, 0x0000000704200000|100%| O|  |TAMS 0x0000000704200000, 0x0000000704200000| Untracked 
|  33|0x0000000704200000, 0x0000000704400000, 0x0000000704400000|100%| O|  |TAMS 0x0000000704400000, 0x0000000704400000| Untracked 
|  34|0x0000000704400000, 0x0000000704600000, 0x0000000704600000|100%| O|  |TAMS 0x0000000704600000, 0x0000000704600000| Untracked 
|  35|0x0000000704600000, 0x0000000704800000, 0x0000000704800000|100%| O|  |TAMS 0x0000000704800000, 0x0000000704800000| Untracked 
|  36|0x0000000704800000, 0x0000000704a00000, 0x0000000704a00000|100%| O|  |TAMS 0x0000000704a00000, 0x0000000704a00000| Untracked 
|  37|0x0000000704a00000, 0x0000000704c00000, 0x0000000704c00000|100%| O|  |TAMS 0x0000000704c00000, 0x0000000704c00000| Untracked 
|  38|0x0000000704c00000, 0x0000000704e00000, 0x0000000704e00000|100%| O|  |TAMS 0x0000000704e00000, 0x0000000704e00000| Untracked 
|  39|0x0000000704e00000, 0x0000000705000000, 0x0000000705000000|100%| O|  |TAMS 0x0000000705000000, 0x0000000705000000| Untracked 
|  40|0x0000000705000000, 0x0000000705200000, 0x0000000705200000|100%| O|  |TAMS 0x0000000705200000, 0x0000000705200000| Untracked 
|  41|0x0000000705200000, 0x0000000705400000, 0x0000000705400000|100%| O|  |TAMS 0x0000000705400000, 0x0000000705400000| Untracked 
|  42|0x0000000705400000, 0x0000000705600000, 0x0000000705600000|100%| O|  |TAMS 0x0000000705600000, 0x0000000705600000| Untracked 
|  43|0x0000000705600000, 0x0000000705800000, 0x0000000705800000|100%| O|  |TAMS 0x0000000705800000, 0x0000000705800000| Untracked 
|  44|0x0000000705800000, 0x0000000705a00000, 0x0000000705a00000|100%| O|  |TAMS 0x0000000705a00000, 0x0000000705a00000| Untracked 
|  45|0x0000000705a00000, 0x0000000705c00000, 0x0000000705c00000|100%| O|  |TAMS 0x0000000705c00000, 0x0000000705c00000| Untracked 
|  46|0x0000000705c00000, 0x0000000705e00000, 0x0000000705e00000|100%| O|  |TAMS 0x0000000705e00000, 0x0000000705e00000| Untracked 
|  47|0x0000000705e00000, 0x0000000706000000, 0x0000000706000000|100%| O|  |TAMS 0x0000000706000000, 0x0000000706000000| Untracked 
|  48|0x0000000706000000, 0x0000000706200000, 0x0000000706200000|100%| O|  |TAMS 0x0000000706200000, 0x0000000706200000| Untracked 
|  49|0x0000000706200000, 0x0000000706400000, 0x0000000706400000|100%| O|  |TAMS 0x0000000706200000, 0x0000000706200000| Untracked 
|  50|0x0000000706400000, 0x0000000706600000, 0x0000000706600000|100%| O|  |TAMS 0x0000000706600000, 0x0000000706600000| Untracked 
|  51|0x0000000706600000, 0x0000000706800000, 0x0000000706800000|100%| O|  |TAMS 0x0000000706600000, 0x0000000706600000| Untracked 
|  52|0x0000000706800000, 0x0000000706a00000, 0x0000000706a00000|100%| O|  |TAMS 0x0000000706a00000, 0x0000000706a00000| Untracked 
|  53|0x0000000706a00000, 0x0000000706c00000, 0x0000000706c00000|100%| O|  |TAMS 0x0000000706c00000, 0x0000000706c00000| Untracked 
|  54|0x0000000706c00000, 0x0000000706e00000, 0x0000000706e00000|100%| O|  |TAMS 0x0000000706e00000, 0x0000000706e00000| Untracked 
|  55|0x0000000706e00000, 0x0000000707000000, 0x0000000707000000|100%| O|  |TAMS 0x0000000707000000, 0x0000000707000000| Untracked 
|  56|0x0000000707000000, 0x0000000707200000, 0x0000000707200000|100%| O|  |TAMS 0x0000000707200000, 0x0000000707200000| Untracked 
|  57|0x0000000707200000, 0x0000000707400000, 0x0000000707400000|100%| O|  |TAMS 0x0000000707400000, 0x0000000707400000| Untracked 
|  58|0x0000000707400000, 0x0000000707600000, 0x0000000707600000|100%| O|  |TAMS 0x0000000707600000, 0x0000000707600000| Untracked 
|  59|0x0000000707600000, 0x0000000707800000, 0x0000000707800000|100%| O|  |TAMS 0x0000000707800000, 0x0000000707800000| Untracked 
|  60|0x0000000707800000, 0x0000000707a00000, 0x0000000707a00000|100%| O|  |TAMS 0x0000000707a00000, 0x0000000707a00000| Untracked 
|  61|0x0000000707a00000, 0x0000000707c00000, 0x0000000707c00000|100%| O|  |TAMS 0x0000000707c00000, 0x0000000707c00000| Untracked 
|  62|0x0000000707c00000, 0x0000000707e00000, 0x0000000707e00000|100%| O|  |TAMS 0x0000000707e00000, 0x0000000707e00000| Untracked 
|  63|0x0000000707e00000, 0x0000000708000000, 0x0000000708000000|100%| O|  |TAMS 0x0000000708000000, 0x0000000708000000| Untracked 
|  64|0x0000000708000000, 0x0000000708200000, 0x0000000708200000|100%| O|  |TAMS 0x0000000708200000, 0x0000000708200000| Untracked 
|  65|0x0000000708200000, 0x0000000708400000, 0x0000000708400000|100%|HS|  |TAMS 0x0000000708400000, 0x0000000708400000| Complete 
|  66|0x0000000708400000, 0x0000000708600000, 0x0000000708600000|100%|HS|  |TAMS 0x0000000708600000, 0x0000000708600000| Complete 
|  67|0x0000000708600000, 0x0000000708800000, 0x0000000708800000|100%|HS|  |TAMS 0x0000000708800000, 0x0000000708800000| Complete 
|  68|0x0000000708800000, 0x0000000708a00000, 0x0000000708a00000|100%|HS|  |TAMS 0x0000000708a00000, 0x0000000708a00000| Complete 
|  69|0x0000000708a00000, 0x0000000708c00000, 0x0000000708c00000|100%|HC|  |TAMS 0x0000000708c00000, 0x0000000708c00000| Complete 
|  70|0x0000000708c00000, 0x0000000708e00000, 0x0000000708e00000|100%|HS|  |TAMS 0x0000000708e00000, 0x0000000708e00000| Complete 
|  71|0x0000000708e00000, 0x0000000709000000, 0x0000000709000000|100%|HC|  |TAMS 0x0000000709000000, 0x0000000709000000| Complete 
|  72|0x0000000709000000, 0x0000000709200000, 0x0000000709200000|100%| O|  |TAMS 0x0000000709200000, 0x0000000709200000| Untracked 
|  73|0x0000000709200000, 0x0000000709400000, 0x0000000709400000|100%| O|  |TAMS 0x0000000709400000, 0x0000000709400000| Untracked 
|  74|0x0000000709400000, 0x0000000709600000, 0x0000000709600000|100%| O|  |TAMS 0x0000000709600000, 0x0000000709600000| Untracked 
|  75|0x0000000709600000, 0x0000000709800000, 0x0000000709800000|100%|HS|  |TAMS 0x0000000709800000, 0x0000000709800000| Complete 
|  76|0x0000000709800000, 0x0000000709a00000, 0x0000000709a00000|100%| O|  |TAMS 0x0000000709a00000, 0x0000000709a00000| Untracked 
|  77|0x0000000709a00000, 0x0000000709c00000, 0x0000000709c00000|100%| O|  |TAMS 0x0000000709c00000, 0x0000000709c00000| Untracked 
|  78|0x0000000709c00000, 0x0000000709e00000, 0x0000000709e00000|100%| O|  |TAMS 0x0000000709e00000, 0x0000000709e00000| Untracked 
|  79|0x0000000709e00000, 0x000000070a000000, 0x000000070a000000|100%| O|  |TAMS 0x000000070a000000, 0x000000070a000000| Untracked 
|  80|0x000000070a000000, 0x000000070a200000, 0x000000070a200000|100%| O|  |TAMS 0x000000070a200000, 0x000000070a200000| Untracked 
|  81|0x000000070a200000, 0x000000070a400000, 0x000000070a400000|100%| O|  |TAMS 0x000000070a400000, 0x000000070a400000| Untracked 
|  82|0x000000070a400000, 0x000000070a600000, 0x000000070a600000|100%| O|  |TAMS 0x000000070a600000, 0x000000070a600000| Untracked 
|  83|0x000000070a600000, 0x000000070a800000, 0x000000070a800000|100%| O|  |TAMS 0x000000070a800000, 0x000000070a800000| Untracked 
|  84|0x000000070a800000, 0x000000070aa00000, 0x000000070aa00000|100%|HS|  |TAMS 0x000000070aa00000, 0x000000070aa00000| Complete 
|  85|0x000000070aa00000, 0x000000070ac00000, 0x000000070ac00000|100%| O|  |TAMS 0x000000070aa00000, 0x000000070ac00000| Untracked 
|  86|0x000000070ac00000, 0x000000070ae00000, 0x000000070ae00000|100%|HS|  |TAMS 0x000000070ae00000, 0x000000070ae00000| Complete 
|  87|0x000000070ae00000, 0x000000070b000000, 0x000000070b000000|100%| O|  |TAMS 0x000000070b000000, 0x000000070b000000| Untracked 
|  88|0x000000070b000000, 0x000000070b200000, 0x000000070b200000|100%|HS|  |TAMS 0x000000070b200000, 0x000000070b200000| Complete 
|  89|0x000000070b200000, 0x000000070b400000, 0x000000070b400000|100%| O|  |TAMS 0x000000070b400000, 0x000000070b400000| Untracked 
|  90|0x000000070b400000, 0x000000070b600000, 0x000000070b600000|100%| O|  |TAMS 0x000000070b600000, 0x000000070b600000| Untracked 
|  91|0x000000070b600000, 0x000000070b800000, 0x000000070b800000|100%| O|  |TAMS 0x000000070b800000, 0x000000070b800000| Untracked 
|  92|0x000000070b800000, 0x000000070ba00000, 0x000000070ba00000|100%| O|  |TAMS 0x000000070ba00000, 0x000000070ba00000| Untracked 
|  93|0x000000070ba00000, 0x000000070bc00000, 0x000000070bc00000|100%| O|  |TAMS 0x000000070ba00000, 0x000000070bc00000| Untracked 
|  94|0x000000070bc00000, 0x000000070be00000, 0x000000070be00000|100%| O|  |TAMS 0x000000070bc00000, 0x000000070be00000| Untracked 
|  95|0x000000070be00000, 0x000000070c000000, 0x000000070c000000|100%|HS|  |TAMS 0x000000070c000000, 0x000000070c000000| Complete 
|  96|0x000000070c000000, 0x000000070c200000, 0x000000070c200000|100%|HC|  |TAMS 0x000000070c200000, 0x000000070c200000| Complete 
|  97|0x000000070c200000, 0x000000070c400000, 0x000000070c400000|100%| O|  |TAMS 0x000000070c400000, 0x000000070c400000| Untracked 
|  98|0x000000070c400000, 0x000000070c600000, 0x000000070c600000|100%| O|  |TAMS 0x000000070c600000, 0x000000070c600000| Untracked 
|  99|0x000000070c600000, 0x000000070c800000, 0x000000070c800000|100%| O|  |TAMS 0x000000070c800000, 0x000000070c800000| Untracked 
| 100|0x000000070c800000, 0x000000070ca00000, 0x000000070ca00000|100%|HS|  |TAMS 0x000000070ca00000, 0x000000070ca00000| Complete 
| 101|0x000000070ca00000, 0x000000070cc00000, 0x000000070cc00000|100%|HC|  |TAMS 0x000000070cc00000, 0x000000070cc00000| Complete 
| 102|0x000000070cc00000, 0x000000070ce00000, 0x000000070ce00000|100%| O|  |TAMS 0x000000070ce00000, 0x000000070ce00000| Untracked 
| 103|0x000000070ce00000, 0x000000070d000000, 0x000000070d000000|100%| O|  |TAMS 0x000000070cf6fa00, 0x000000070d000000| Untracked 
| 104|0x000000070d000000, 0x000000070d200000, 0x000000070d200000|100%| O|  |TAMS 0x000000070d000000, 0x000000070d200000| Untracked 
| 105|0x000000070d200000, 0x000000070d400000, 0x000000070d400000|100%| O|  |TAMS 0x000000070d200000, 0x000000070d400000| Untracked 
| 106|0x000000070d400000, 0x000000070d600000, 0x000000070d600000|100%| O|  |TAMS 0x000000070d400000, 0x000000070d600000| Untracked 
| 107|0x000000070d600000, 0x000000070d800000, 0x000000070d800000|100%|HS|  |TAMS 0x000000070d600000, 0x000000070d800000| Complete 
| 108|0x000000070d800000, 0x000000070da00000, 0x000000070da00000|100%| O|  |TAMS 0x000000070d800000, 0x000000070da00000| Untracked 
| 109|0x000000070da00000, 0x000000070dc00000, 0x000000070dc00000|100%| O|  |TAMS 0x000000070da00000, 0x000000070dc00000| Untracked 
| 110|0x000000070dc00000, 0x000000070de00000, 0x000000070de00000|100%| O|  |TAMS 0x000000070dc00000, 0x000000070de00000| Untracked 
| 111|0x000000070de00000, 0x000000070e000000, 0x000000070e000000|100%| O|  |TAMS 0x000000070de00000, 0x000000070e000000| Untracked 
| 112|0x000000070e000000, 0x000000070e200000, 0x000000070e200000|100%| O|  |TAMS 0x000000070e000000, 0x000000070e200000| Untracked 
| 113|0x000000070e200000, 0x000000070e400000, 0x000000070e400000|100%| O|  |TAMS 0x000000070e200000, 0x000000070e400000| Untracked 
| 114|0x000000070e400000, 0x000000070e600000, 0x000000070e600000|100%| O|  |TAMS 0x000000070e400000, 0x000000070e600000| Untracked 
| 115|0x000000070e600000, 0x000000070e800000, 0x000000070e800000|100%| O|  |TAMS 0x000000070e600000, 0x000000070e800000| Untracked 
| 116|0x000000070e800000, 0x000000070ea00000, 0x000000070ea00000|100%| O|  |TAMS 0x000000070e800000, 0x000000070ea00000| Untracked 
| 117|0x000000070ea00000, 0x000000070ec00000, 0x000000070ec00000|100%| O|  |TAMS 0x000000070ea00000, 0x000000070ec00000| Untracked 
| 118|0x000000070ec00000, 0x000000070ee00000, 0x000000070ee00000|100%| O|  |TAMS 0x000000070ec00000, 0x000000070ee00000| Untracked 
| 119|0x000000070ee00000, 0x000000070f000000, 0x000000070f000000|100%| O|  |TAMS 0x000000070ee00000, 0x000000070ee8ae00| Untracked 
| 120|0x000000070f000000, 0x000000070f200000, 0x000000070f200000|100%| O|  |TAMS 0x000000070f000000, 0x000000070f000000| Untracked 
| 121|0x000000070f200000, 0x000000070f400000, 0x000000070f400000|100%| O|  |TAMS 0x000000070f200000, 0x000000070f200000| Untracked 
| 122|0x000000070f400000, 0x000000070f600000, 0x000000070f600000|100%| O|  |TAMS 0x000000070f400000, 0x000000070f400000| Untracked 
| 123|0x000000070f600000, 0x000000070f800000, 0x000000070f800000|100%| O|  |TAMS 0x000000070f600000, 0x000000070f600000| Untracked 
| 124|0x000000070f800000, 0x000000070fa00000, 0x000000070fa00000|100%| O|  |TAMS 0x000000070f800000, 0x000000070f800000| Untracked 
| 125|0x000000070fa00000, 0x000000070fc00000, 0x000000070fc00000|100%| O|  |TAMS 0x000000070fa00000, 0x000000070fa00000| Untracked 
| 126|0x000000070fc00000, 0x000000070fe00000, 0x000000070fe00000|100%| O|  |TAMS 0x000000070fc00000, 0x000000070fc00000| Untracked 
| 127|0x000000070fe00000, 0x0000000710000000, 0x0000000710000000|100%| O|  |TAMS 0x000000070fe00000, 0x000000070fe00000| Untracked 
| 128|0x0000000710000000, 0x0000000710200000, 0x0000000710200000|100%| O|  |TAMS 0x0000000710000000, 0x0000000710000000| Untracked 
| 129|0x0000000710200000, 0x0000000710400000, 0x0000000710400000|100%| O|  |TAMS 0x0000000710200000, 0x0000000710200000| Untracked 
| 130|0x0000000710400000, 0x0000000710600000, 0x0000000710600000|100%| O|  |TAMS 0x0000000710400000, 0x0000000710400000| Untracked 
| 131|0x0000000710600000, 0x0000000710600000, 0x0000000710800000|  0%| F|  |TAMS 0x0000000710600000, 0x0000000710600000| Untracked 
| 132|0x0000000710800000, 0x0000000710800000, 0x0000000710a00000|  0%| F|  |TAMS 0x0000000710800000, 0x0000000710800000| Untracked 
| 133|0x0000000710a00000, 0x0000000710a00000, 0x0000000710c00000|  0%| F|  |TAMS 0x0000000710a00000, 0x0000000710a00000| Untracked 
| 134|0x0000000710c00000, 0x0000000710c00000, 0x0000000710e00000|  0%| F|  |TAMS 0x0000000710c00000, 0x0000000710c00000| Untracked 
| 135|0x0000000710e00000, 0x0000000710e00000, 0x0000000711000000|  0%| F|  |TAMS 0x0000000710e00000, 0x0000000710e00000| Untracked 
| 136|0x0000000711000000, 0x0000000711000000, 0x0000000711200000|  0%| F|  |TAMS 0x0000000711000000, 0x0000000711000000| Untracked 
| 137|0x0000000711200000, 0x0000000711200000, 0x0000000711400000|  0%| F|  |TAMS 0x0000000711200000, 0x0000000711200000| Untracked 
| 138|0x0000000711400000, 0x0000000711400000, 0x0000000711600000|  0%| F|  |TAMS 0x0000000711400000, 0x0000000711400000| Untracked 
| 139|0x0000000711600000, 0x0000000711600000, 0x0000000711800000|  0%| F|  |TAMS 0x0000000711600000, 0x0000000711600000| Untracked 
| 140|0x0000000711800000, 0x0000000711800000, 0x0000000711a00000|  0%| F|  |TAMS 0x0000000711800000, 0x0000000711800000| Untracked 
| 141|0x0000000711a00000, 0x0000000711a00000, 0x0000000711c00000|  0%| F|  |TAMS 0x0000000711a00000, 0x0000000711a00000| Untracked 
| 142|0x0000000711c00000, 0x0000000711c00000, 0x0000000711e00000|  0%| F|  |TAMS 0x0000000711c00000, 0x0000000711c00000| Untracked 
| 143|0x0000000711e00000, 0x0000000711e00000, 0x0000000712000000|  0%| F|  |TAMS 0x0000000711e00000, 0x0000000711e00000| Untracked 
| 144|0x0000000712000000, 0x0000000712000000, 0x0000000712200000|  0%| F|  |TAMS 0x0000000712000000, 0x0000000712000000| Untracked 
| 145|0x0000000712200000, 0x0000000712200000, 0x0000000712400000|  0%| F|  |TAMS 0x0000000712200000, 0x0000000712200000| Untracked 
| 146|0x0000000712400000, 0x0000000712400000, 0x0000000712600000|  0%| F|  |TAMS 0x0000000712400000, 0x0000000712400000| Untracked 
| 147|0x0000000712600000, 0x0000000712600000, 0x0000000712800000|  0%| F|  |TAMS 0x0000000712600000, 0x0000000712600000| Untracked 
| 148|0x0000000712800000, 0x0000000712800000, 0x0000000712a00000|  0%| F|  |TAMS 0x0000000712800000, 0x0000000712800000| Untracked 
| 149|0x0000000712a00000, 0x0000000712a00000, 0x0000000712c00000|  0%| F|  |TAMS 0x0000000712a00000, 0x0000000712a00000| Untracked 
| 150|0x0000000712c00000, 0x0000000712c00000, 0x0000000712e00000|  0%| F|  |TAMS 0x0000000712c00000, 0x0000000712c00000| Untracked 
| 151|0x0000000712e00000, 0x0000000712e00000, 0x0000000713000000|  0%| F|  |TAMS 0x0000000712e00000, 0x0000000712e00000| Untracked 
| 152|0x0000000713000000, 0x0000000713000000, 0x0000000713200000|  0%| F|  |TAMS 0x0000000713000000, 0x0000000713000000| Untracked 
| 153|0x0000000713200000, 0x0000000713200000, 0x0000000713400000|  0%| F|  |TAMS 0x0000000713200000, 0x0000000713200000| Untracked 
| 154|0x0000000713400000, 0x0000000713400000, 0x0000000713600000|  0%| F|  |TAMS 0x0000000713400000, 0x0000000713400000| Untracked 
| 155|0x0000000713600000, 0x0000000713600000, 0x0000000713800000|  0%| F|  |TAMS 0x0000000713600000, 0x0000000713600000| Untracked 
| 156|0x0000000713800000, 0x0000000713800000, 0x0000000713a00000|  0%| F|  |TAMS 0x0000000713800000, 0x0000000713800000| Untracked 
| 157|0x0000000713a00000, 0x0000000713c00000, 0x0000000713c00000|100%| S|CS|TAMS 0x0000000713a00000, 0x0000000713a00000| Complete 
| 158|0x0000000713c00000, 0x0000000713e00000, 0x0000000713e00000|100%| S|CS|TAMS 0x0000000713c00000, 0x0000000713c00000| Complete 
| 159|0x0000000713e00000, 0x0000000714000000, 0x0000000714000000|100%| S|CS|TAMS 0x0000000713e00000, 0x0000000713e00000| Complete 
| 160|0x0000000714000000, 0x0000000714200000, 0x0000000714200000|100%| S|CS|TAMS 0x0000000714000000, 0x0000000714000000| Complete 
| 161|0x0000000714200000, 0x0000000714400000, 0x0000000714400000|100%| S|CS|TAMS 0x0000000714200000, 0x0000000714200000| Complete 
| 162|0x0000000714400000, 0x0000000714400000, 0x0000000714600000|  0%| F|  |TAMS 0x0000000714400000, 0x0000000714400000| Untracked 
| 163|0x0000000714600000, 0x0000000714600000, 0x0000000714800000|  0%| F|  |TAMS 0x0000000714600000, 0x0000000714600000| Untracked 
| 164|0x0000000714800000, 0x0000000714800000, 0x0000000714a00000|  0%| F|  |TAMS 0x0000000714800000, 0x0000000714800000| Untracked 
| 165|0x0000000714a00000, 0x0000000714a00000, 0x0000000714c00000|  0%| F|  |TAMS 0x0000000714a00000, 0x0000000714a00000| Untracked 
| 166|0x0000000714c00000, 0x0000000714c00000, 0x0000000714e00000|  0%| F|  |TAMS 0x0000000714c00000, 0x0000000714c00000| Untracked 
| 167|0x0000000714e00000, 0x0000000714e00000, 0x0000000715000000|  0%| F|  |TAMS 0x0000000714e00000, 0x0000000714e00000| Untracked 
| 168|0x0000000715000000, 0x0000000715000000, 0x0000000715200000|  0%| F|  |TAMS 0x0000000715000000, 0x0000000715000000| Untracked 
| 169|0x0000000715200000, 0x0000000715200000, 0x0000000715400000|  0%| F|  |TAMS 0x0000000715200000, 0x0000000715200000| Untracked 
| 170|0x0000000715400000, 0x0000000715400000, 0x0000000715600000|  0%| F|  |TAMS 0x0000000715400000, 0x0000000715400000| Untracked 
| 171|0x0000000715600000, 0x0000000715600000, 0x0000000715800000|  0%| F|  |TAMS 0x0000000715600000, 0x0000000715600000| Untracked 
| 172|0x0000000715800000, 0x0000000715800000, 0x0000000715a00000|  0%| F|  |TAMS 0x0000000715800000, 0x0000000715800000| Untracked 
| 173|0x0000000715a00000, 0x0000000715a00000, 0x0000000715c00000|  0%| F|  |TAMS 0x0000000715a00000, 0x0000000715a00000| Untracked 
| 174|0x0000000715c00000, 0x0000000715c00000, 0x0000000715e00000|  0%| F|  |TAMS 0x0000000715c00000, 0x0000000715c00000| Untracked 
| 175|0x0000000715e00000, 0x0000000715e00000, 0x0000000716000000|  0%| F|  |TAMS 0x0000000715e00000, 0x0000000715e00000| Untracked 
| 176|0x0000000716000000, 0x0000000716000000, 0x0000000716200000|  0%| F|  |TAMS 0x0000000716000000, 0x0000000716000000| Untracked 
| 177|0x0000000716200000, 0x0000000716200000, 0x0000000716400000|  0%| F|  |TAMS 0x0000000716200000, 0x0000000716200000| Untracked 
| 178|0x0000000716400000, 0x0000000716400000, 0x0000000716600000|  0%| F|  |TAMS 0x0000000716400000, 0x0000000716400000| Untracked 
| 179|0x0000000716600000, 0x0000000716600000, 0x0000000716800000|  0%| F|  |TAMS 0x0000000716600000, 0x0000000716600000| Untracked 
| 180|0x0000000716800000, 0x0000000716800000, 0x0000000716a00000|  0%| F|  |TAMS 0x0000000716800000, 0x0000000716800000| Untracked 
| 181|0x0000000716a00000, 0x0000000716a00000, 0x0000000716c00000|  0%| F|  |TAMS 0x0000000716a00000, 0x0000000716a00000| Untracked 
| 182|0x0000000716c00000, 0x0000000716c00000, 0x0000000716e00000|  0%| F|  |TAMS 0x0000000716c00000, 0x0000000716c00000| Untracked 
| 183|0x0000000716e00000, 0x0000000716e00000, 0x0000000717000000|  0%| F|  |TAMS 0x0000000716e00000, 0x0000000716e00000| Untracked 
| 184|0x0000000717000000, 0x0000000717000000, 0x0000000717200000|  0%| F|  |TAMS 0x0000000717000000, 0x0000000717000000| Untracked 
| 185|0x0000000717200000, 0x0000000717200000, 0x0000000717400000|  0%| F|  |TAMS 0x0000000717200000, 0x0000000717200000| Untracked 
| 186|0x0000000717400000, 0x0000000717400000, 0x0000000717600000|  0%| F|  |TAMS 0x0000000717400000, 0x0000000717400000| Untracked 
| 187|0x0000000717600000, 0x0000000717600000, 0x0000000717800000|  0%| F|  |TAMS 0x0000000717600000, 0x0000000717600000| Untracked 
| 188|0x0000000717800000, 0x0000000717800000, 0x0000000717a00000|  0%| F|  |TAMS 0x0000000717800000, 0x0000000717800000| Untracked 
| 189|0x0000000717a00000, 0x0000000717a00000, 0x0000000717c00000|  0%| F|  |TAMS 0x0000000717a00000, 0x0000000717a00000| Untracked 
| 190|0x0000000717c00000, 0x0000000717c00000, 0x0000000717e00000|  0%| F|  |TAMS 0x0000000717c00000, 0x0000000717c00000| Untracked 
| 191|0x0000000717e00000, 0x0000000717e00000, 0x0000000718000000|  0%| F|  |TAMS 0x0000000717e00000, 0x0000000717e00000| Untracked 
| 192|0x0000000718000000, 0x0000000718000000, 0x0000000718200000|  0%| F|  |TAMS 0x0000000718000000, 0x0000000718000000| Untracked 
| 193|0x0000000718200000, 0x0000000718200000, 0x0000000718400000|  0%| F|  |TAMS 0x0000000718200000, 0x0000000718200000| Untracked 
| 194|0x0000000718400000, 0x0000000718400000, 0x0000000718600000|  0%| F|  |TAMS 0x0000000718400000, 0x0000000718400000| Untracked 
| 195|0x0000000718600000, 0x0000000718600000, 0x0000000718800000|  0%| F|  |TAMS 0x0000000718600000, 0x0000000718600000| Untracked 
| 196|0x0000000718800000, 0x0000000718800000, 0x0000000718a00000|  0%| F|  |TAMS 0x0000000718800000, 0x0000000718800000| Untracked 
| 197|0x0000000718a00000, 0x0000000718a00000, 0x0000000718c00000|  0%| F|  |TAMS 0x0000000718a00000, 0x0000000718a00000| Untracked 
| 198|0x0000000718c00000, 0x0000000718c00000, 0x0000000718e00000|  0%| F|  |TAMS 0x0000000718c00000, 0x0000000718c00000| Untracked 

Card table byte_map: [0x000001f4f30d0000,0x000001f4f38d0000] _byte_map_base: 0x000001f4ef8d0000

Marking Bits (Prev, Next): (CMBitMap*) 0x000001f4ef46f010, (CMBitMap*) 0x000001f4ef46f050
 Prev Bits: [0x000001f4f40d0000, 0x000001f4f80d0000)
 Next Bits: [0x000001f4f80d0000, 0x000001f4fc0d0000)

Polling page: 0x000001f4ed310000

Metaspace:

Usage:
  Non-class:     97.79 MB used.
      Class:     15.55 MB used.
       Both:    113.34 MB used.

Virtual space:
  Non-class space:      104.00 MB reserved,      98.38 MB ( 95%) committed,  13 nodes.
      Class space:        1.00 GB reserved,      16.00 MB (  2%) committed,  1 nodes.
             Both:        1.10 GB reserved,     114.38 MB ( 10%) committed. 

Chunk freelists:
   Non-Class:  1.67 MB
       Class:  16.00 KB
        Both:  1.69 MB

MaxMetaspaceSize: unlimited
CompressedClassSpaceSize: 1.00 GB
Initial GC threshold: 21.00 MB
Current GC threshold: 186.81 MB
CDS: off
MetaspaceReclaimPolicy: balanced
 - commit_granule_bytes: 65536.
 - commit_granule_words: 8192.
 - virtual_space_node_default_size: 1048576.
 - enlarge_chunks_in_place: 1.
 - new_chunks_are_fully_committed: 0.
 - uncommit_free_chunks: 1.
 - use_allocation_guard: 0.
 - handle_deallocations: 1.


Internal statistics:

num_allocs_failed_limit: 9.
num_arena_births: 1322.
num_arena_deaths: 6.
num_vsnodes_births: 14.
num_vsnodes_deaths: 0.
num_space_committed: 1830.
num_space_uncommitted: 0.
num_chunks_returned_to_freelist: 17.
num_chunks_taken_from_freelist: 5927.
num_chunk_merges: 9.
num_chunk_splits: 3836.
num_chunks_enlarged: 2479.
num_purges: 2.
num_inconsistent_stats: 0.

CodeHeap 'non-profiled nmethods': size=120000Kb used=8374Kb max_used=9350Kb free=111625Kb
 bounds [0x000001f487ad0000, 0x000001f488400000, 0x000001f48f000000]
CodeHeap 'profiled nmethods': size=120000Kb used=27817Kb max_used=28494Kb free=92182Kb
 bounds [0x000001f480000000, 0x000001f481be0000, 0x000001f487530000]
CodeHeap 'non-nmethods': size=5760Kb used=2446Kb max_used=2491Kb free=3313Kb
 bounds [0x000001f487530000, 0x000001f4877b0000, 0x000001f487ad0000]
 total_blobs=15334 nmethods=14351 adapters=893
 compilation: enabled
              stopped_count=0, restarted_count=0
 full_count=0

Compilation events (20 events):
Event: 40.676 Thread 0x000001f4ff01a0c0 17181       2       com.android.tools.r8.graph.n0::K0 (10 bytes)
Event: 40.676 Thread 0x000001f4ff01a0c0 nmethod 17181 0x000001f480135210 code [0x000001f4801353a0, 0x000001f480135528]
Event: 40.676 Thread 0x000001f4ff01a0c0 17182       2       com.android.tools.r8.graph.n0$a::a (7 bytes)
Event: 40.676 Thread 0x000001f4ff01a0c0 nmethod 17182 0x000001f48167f790 code [0x000001f48167f920, 0x000001f48167fa78]
Event: 40.676 Thread 0x000001f4ff01a0c0 17183       2       com.android.tools.r8.graph.n0$a::<init> (6 bytes)
Event: 40.676 Thread 0x000001f4ff01a0c0 nmethod 17183 0x000001f481683310 code [0x000001f4816834a0, 0x000001f4816835c8]
Event: 40.681 Thread 0x000001f4ff01a0c0 17184       2       com.android.tools.r8.graph.N$b$a::<init> (15 bytes)
Event: 40.682 Thread 0x000001f4ff01a0c0 nmethod 17184 0x000001f48168df10 code [0x000001f48168e0a0, 0x000001f48168e1f8]
Event: 40.685 Thread 0x000001f4ff01a0c0 17186       2       com.android.tools.r8.internal.cr::<init> (19 bytes)
Event: 40.685 Thread 0x000001f4ff01a0c0 nmethod 17186 0x000001f480311f90 code [0x000001f480312140, 0x000001f480312338]
Event: 40.685 Thread 0x000001f4ff01a0c0 17187       2       com.android.tools.r8.internal.z::<init> (5 bytes)
Event: 40.686 Thread 0x000001f4ff01a0c0 nmethod 17187 0x000001f4816cd110 code [0x000001f4816cd2a0, 0x000001f4816cd398]
Event: 40.813 Thread 0x000001f495d99880 nmethod 17112 0x000001f487f0db10 code [0x000001f487f0dfe0, 0x000001f487f15b60]
Event: 40.814 Thread 0x000001f495d99880 17170 %     4       com.android.tools.r8.dex.i::a @ 310 (1036 bytes)
Event: 40.817 Thread 0x000001f4ff01a0c0 17199       2       com.android.tools.r8.graph.N2::<init> (15 bytes)
Event: 40.817 Thread 0x000001f4ff01a0c0 nmethod 17199 0x000001f481696f90 code [0x000001f481697120, 0x000001f481697278]
Event: 40.821 Thread 0x000001f4ff01a0c0 17200       2       com.android.tools.r8.internal.qK::<init> (41 bytes)
Event: 40.821 Thread 0x000001f4ff01a0c0 nmethod 17200 0x000001f4801faa10 code [0x000001f4801faba0, 0x000001f4801fad38]
Event: 40.827 Thread 0x000001f4ff01a0c0 17201       2       com.android.tools.r8.graph.N2::a (19 bytes)
Event: 40.827 Thread 0x000001f4ff01a0c0 nmethod 17201 0x000001f48048fa10 code [0x000001f48048fbc0, 0x000001f48048fe08]

GC Heap History (20 events):
Event: 35.082 GC heap after
{Heap after GC invocations=39 (full 0):
 garbage-first heap   total 225280K, used 132648K [0x0000000700000000, 0x0000000800000000)
  region size 2048K, 4 young (8192K), 4 survivors (8192K)
 Metaspace       used 107485K, committed 108480K, reserved 1146880K
  class space    used 14595K, committed 15040K, reserved 1048576K
}
Event: 36.021 GC heap before
{Heap before GC invocations=39 (full 0):
 garbage-first heap   total 225280K, used 183848K [0x0000000700000000, 0x0000000800000000)
  region size 2048K, 30 young (61440K), 4 survivors (8192K)
 Metaspace       used 109089K, committed 110144K, reserved 1146880K
  class space    used 14806K, committed 15296K, reserved 1048576K
}
Event: 36.038 GC heap after
{Heap after GC invocations=40 (full 0):
 garbage-first heap   total 270336K, used 137689K [0x0000000700000000, 0x0000000800000000)
  region size 2048K, 3 young (6144K), 3 survivors (6144K)
 Metaspace       used 109089K, committed 110144K, reserved 1146880K
  class space    used 14806K, committed 15296K, reserved 1048576K
}
Event: 37.001 GC heap before
{Heap before GC invocations=40 (full 0):
 garbage-first heap   total 270336K, used 227801K [0x0000000700000000, 0x0000000800000000)
  region size 2048K, 41 young (83968K), 3 survivors (6144K)
 Metaspace       used 109634K, committed 110656K, reserved 1146880K
  class space    used 14859K, committed 15360K, reserved 1048576K
}
Event: 37.019 GC heap after
{Heap after GC invocations=41 (full 0):
 garbage-first heap   total 270336K, used 165220K [0x0000000700000000, 0x0000000800000000)
  region size 2048K, 6 young (12288K), 6 survivors (12288K)
 Metaspace       used 109634K, committed 110656K, reserved 1146880K
  class space    used 14859K, committed 15360K, reserved 1048576K
}
Event: 37.505 GC heap before
{Heap before GC invocations=41 (full 0):
 garbage-first heap   total 270336K, used 220516K [0x0000000700000000, 0x0000000800000000)
  region size 2048K, 32 young (65536K), 6 survivors (12288K)
 Metaspace       used 111311K, committed 112320K, reserved 1146880K
  class space    used 15093K, committed 15552K, reserved 1048576K
}
Event: 37.527 GC heap after
{Heap after GC invocations=42 (full 0):
 garbage-first heap   total 270336K, used 176901K [0x0000000700000000, 0x0000000800000000)
  region size 2048K, 4 young (8192K), 4 survivors (8192K)
 Metaspace       used 111311K, committed 112320K, reserved 1146880K
  class space    used 15093K, committed 15552K, reserved 1048576K
}
Event: 37.854 GC heap before
{Heap before GC invocations=42 (full 0):
 garbage-first heap   total 270336K, used 232197K [0x0000000700000000, 0x0000000800000000)
  region size 2048K, 26 young (53248K), 4 survivors (8192K)
 Metaspace       used 112880K, committed 113920K, reserved 1146880K
  class space    used 15331K, committed 15808K, reserved 1048576K
}
Event: 37.868 GC heap after
{Heap after GC invocations=43 (full 0):
 garbage-first heap   total 270336K, used 191347K [0x0000000700000000, 0x0000000800000000)
  region size 2048K, 4 young (8192K), 4 survivors (8192K)
 Metaspace       used 112880K, committed 113920K, reserved 1146880K
  class space    used 15331K, committed 15808K, reserved 1048576K
}
Event: 37.876 GC heap before
{Heap before GC invocations=43 (full 0):
 garbage-first heap   total 270336K, used 207731K [0x0000000700000000, 0x0000000800000000)
  region size 2048K, 8 young (16384K), 4 survivors (8192K)
 Metaspace       used 112895K, committed 113920K, reserved 1146880K
  class space    used 15334K, committed 15808K, reserved 1048576K
}
Event: 37.884 GC heap after
{Heap after GC invocations=44 (full 0):
 garbage-first heap   total 344064K, used 201823K [0x0000000700000000, 0x0000000800000000)
  region size 2048K, 2 young (4096K), 2 survivors (4096K)
 Metaspace       used 112895K, committed 113920K, reserved 1146880K
  class space    used 15334K, committed 15808K, reserved 1048576K
}
Event: 38.392 GC heap before
{Heap before GC invocations=44 (full 0):
 garbage-first heap   total 344064K, used 277599K [0x0000000700000000, 0x0000000800000000)
  region size 2048K, 36 young (73728K), 2 survivors (4096K)
 Metaspace       used 113574K, committed 114560K, reserved 1155072K
  class space    used 15428K, committed 15872K, reserved 1048576K
}
Event: 38.412 GC heap after
{Heap after GC invocations=45 (full 0):
 garbage-first heap   total 344064K, used 216510K [0x0000000700000000, 0x0000000800000000)
  region size 2048K, 5 young (10240K), 5 survivors (10240K)
 Metaspace       used 113574K, committed 114560K, reserved 1155072K
  class space    used 15428K, committed 15872K, reserved 1048576K
}
Event: 38.594 GC heap before
{Heap before GC invocations=45 (full 0):
 garbage-first heap   total 344064K, used 228798K [0x0000000700000000, 0x0000000800000000)
  region size 2048K, 12 young (24576K), 5 survivors (10240K)
 Metaspace       used 113581K, committed 114560K, reserved 1155072K
  class space    used 15429K, committed 15872K, reserved 1048576K
}
Event: 38.618 GC heap after
{Heap after GC invocations=46 (full 0):
 garbage-first heap   total 344064K, used 221278K [0x0000000700000000, 0x0000000800000000)
  region size 2048K, 3 young (6144K), 3 survivors (6144K)
 Metaspace       used 113581K, committed 114560K, reserved 1155072K
  class space    used 15429K, committed 15872K, reserved 1048576K
}
Event: 39.783 GC heap before
{Heap before GC invocations=47 (full 0):
 garbage-first heap   total 407552K, used 272478K [0x0000000700000000, 0x0000000800000000)
  region size 2048K, 27 young (55296K), 3 survivors (6144K)
 Metaspace       used 115954K, committed 116992K, reserved 1155072K
  class space    used 15925K, committed 16384K, reserved 1048576K
}
Event: 39.830 GC heap after
{Heap after GC invocations=48 (full 0):
 garbage-first heap   total 407552K, used 240619K [0x0000000700000000, 0x0000000800000000)
  region size 2048K, 4 young (8192K), 4 survivors (8192K)
 Metaspace       used 115954K, committed 116992K, reserved 1155072K
  class space    used 15925K, committed 16384K, reserved 1048576K
}
Event: 39.969 GC heap before
{Heap before GC invocations=48 (full 0):
 garbage-first heap   total 407552K, used 250859K [0x0000000700000000, 0x0000000800000000)
  region size 2048K, 9 young (18432K), 4 survivors (8192K)
 Metaspace       used 115992K, committed 117056K, reserved 1155072K
  class space    used 15925K, committed 16384K, reserved 1048576K
}
Event: 39.998 GC heap after
{Heap after GC invocations=49 (full 0):
 garbage-first heap   total 407552K, used 244267K [0x0000000700000000, 0x0000000800000000)
  region size 2048K, 2 young (4096K), 2 survivors (4096K)
 Metaspace       used 115992K, committed 117056K, reserved 1155072K
  class space    used 15925K, committed 16384K, reserved 1048576K
}
Event: 40.841 GC heap before
{Heap before GC invocations=49 (full 0):
 garbage-first heap   total 407552K, used 315947K [0x0000000700000000, 0x0000000800000000)
  region size 2048K, 37 young (75776K), 2 survivors (4096K)
 Metaspace       used 116063K, committed 117120K, reserved 1155072K
  class space    used 15925K, committed 16384K, reserved 1048576K
}

Dll operation events (2 events):
Event: 0.006 Loaded shared library C:\Program Files\Android\Android Studio\jbr\bin\java.dll
Event: 0.644 Loaded shared library C:\Program Files\Android\Android Studio\jbr\bin\verify.dll

Deoptimization events (20 events):
Event: 40.040 Thread 0x000001f490daa0b0 DEOPT PACKING pc=0x000001f4883ea454 sp=0x0000006e794fe910
Event: 40.040 Thread 0x000001f490daa0b0 DEOPT UNPACKING pc=0x000001f4875869a3 sp=0x0000006e794fe8f8 mode 2
Event: 40.061 Thread 0x000001f490dac260 Uncommon trap: trap_request=0xffffff45 fr.pc=0x000001f4883f0a20 relative=0x0000000000000ba0
Event: 40.061 Thread 0x000001f490dac260 Uncommon trap: reason=unstable_if action=reinterpret pc=0x000001f4883f0a20 method=java.lang.Math.max(JJ)J @ 3 c2
Event: 40.061 Thread 0x000001f490dac260 DEOPT PACKING pc=0x000001f4883f0a20 sp=0x0000006e793fed90
Event: 40.061 Thread 0x000001f490dac260 DEOPT UNPACKING pc=0x000001f4875869a3 sp=0x0000006e793fec78 mode 2
Event: 40.109 Thread 0x000001f490dac730 DEOPT PACKING pc=0x000001f481bb54f1 sp=0x0000006e792fe6c0
Event: 40.109 Thread 0x000001f490dac730 DEOPT UNPACKING pc=0x000001f487587143 sp=0x0000006e792fe2d0 mode 0
Event: 40.671 Thread 0x000001f490dac730 Uncommon trap: trap_request=0xffffffbe fr.pc=0x000001f487fe8588 relative=0x00000000000073e8
Event: 40.671 Thread 0x000001f490dac730 Uncommon trap: reason=profile_predicate action=maybe_recompile pc=0x000001f487fe8588 method=com.android.tools.r8.dex.i.a(I[Lcom/android/tools/r8/internal/vh;[Lcom/android/tools/r8/internal/wh;Z)[Lcom/android/tools/r8/graph/n0; @ 643 c2
Event: 40.671 Thread 0x000001f490dac730 DEOPT PACKING pc=0x000001f487fe8588 sp=0x0000006e792fef50
Event: 40.671 Thread 0x000001f490dac730 DEOPT UNPACKING pc=0x000001f4875869a3 sp=0x0000006e792fef50 mode 2
Event: 40.672 Thread 0x000001f490dac730 Uncommon trap: trap_request=0xffffff6e fr.pc=0x000001f487fe7ed8 relative=0x0000000000006d38
Event: 40.672 Thread 0x000001f490dac730 Uncommon trap: reason=loop_limit_check action=maybe_recompile pc=0x000001f487fe7ed8 method=com.android.tools.r8.internal.cr.b(II)I @ 18 c2
Event: 40.672 Thread 0x000001f490dac730 DEOPT PACKING pc=0x000001f487fe7ed8 sp=0x0000006e792fef50
Event: 40.672 Thread 0x000001f490dac730 DEOPT UNPACKING pc=0x000001f4875869a3 sp=0x0000006e792feec8 mode 2
Event: 40.676 Thread 0x000001f490dac260 Uncommon trap: trap_request=0xffffffbe fr.pc=0x000001f487fe8588 relative=0x00000000000073e8
Event: 40.676 Thread 0x000001f490dac260 Uncommon trap: reason=profile_predicate action=maybe_recompile pc=0x000001f487fe8588 method=com.android.tools.r8.dex.i.a(I[Lcom/android/tools/r8/internal/vh;[Lcom/android/tools/r8/internal/wh;Z)[Lcom/android/tools/r8/graph/n0; @ 643 c2
Event: 40.676 Thread 0x000001f490dac260 DEOPT PACKING pc=0x000001f487fe8588 sp=0x0000006e793ff040
Event: 40.676 Thread 0x000001f490dac260 DEOPT UNPACKING pc=0x000001f4875869a3 sp=0x0000006e793ff040 mode 2

Classes unloaded (3 events):
Event: 39.099 Thread 0x000001f4fe5646c0 Unloading class 0x0000000800e38c00 'java/lang/invoke/LambdaForm$DMH+0x0000000800e38c00'
Event: 39.099 Thread 0x000001f4fe5646c0 Unloading class 0x0000000800e38400 'java/lang/invoke/LambdaForm$DMH+0x0000000800e38400'
Event: 39.099 Thread 0x000001f4fe5646c0 Unloading class 0x0000000800e38800 'java/lang/invoke/LambdaForm$DMH+0x0000000800e38800'

Classes redefined (0 events):
No events

Internal exceptions (20 events):
Event: 34.104 Thread 0x000001f494197b30 Exception <a 'java/lang/NoSuchMethodError'{0x000000070caee388}: static Lcom/android/build/api/variant/BuildConfigField;.<clinit>()V> (0x000000070caee388) 
thrown [s\src\hotspot\share\prims\jni.cpp, line 1108]
Event: 34.283 Thread 0x000001f4ff7e6340 Implicit null exception at 0x000001f487f4a85c to 0x000001f487f4a8ec
Event: 35.570 Thread 0x000001f49419b020 Exception <a 'sun/nio/fs/WindowsException'{0x000000070c91a1b0}> (0x000000070c91a1b0) 
thrown [s\src\hotspot\share\prims\jni.cpp, line 517]
Event: 35.570 Thread 0x000001f49419b020 Exception <a 'sun/nio/fs/WindowsException'{0x000000070c91b010}> (0x000000070c91b010) 
thrown [s\src\hotspot\share\prims\jni.cpp, line 517]
Event: 35.583 Thread 0x000001f4927e5890 Exception <a 'sun/nio/fs/WindowsException'{0x000000070c62f150}> (0x000000070c62f150) 
thrown [s\src\hotspot\share\prims\jni.cpp, line 517]
Event: 36.646 Thread 0x000001f494194170 Exception <a 'sun/nio/fs/WindowsException'{0x000000070e1faaf0}> (0x000000070e1faaf0) 
thrown [s\src\hotspot\share\prims\jni.cpp, line 517]
Event: 36.646 Thread 0x000001f494194170 Exception <a 'sun/nio/fs/WindowsException'{0x000000070e1fb980}> (0x000000070e1fb980) 
thrown [s\src\hotspot\share\prims\jni.cpp, line 517]
Event: 36.958 Thread 0x000001f494196320 Exception <a 'java/lang/NoSuchMethodError'{0x000000070c3d9750}: static Ljava/lang/Object;.<clinit>()V> (0x000000070c3d9750) 
thrown [s\src\hotspot\share\prims\jni.cpp, line 1108]
Event: 37.278 Thread 0x000001f490db1430 Exception <a 'sun/nio/fs/WindowsException'{0x000000070ec714f8}> (0x000000070ec714f8) 
thrown [s\src\hotspot\share\prims\jni.cpp, line 517]
Event: 37.614 Thread 0x000001f490db1430 Exception <a 'java/lang/NoSuchMethodError'{0x000000070ff334a0}: 'int java.lang.invoke.DirectMethodHandle$Holder.invokeSpecial(java.lang.Object, java.lang.Object, int)'> (0x000000070ff334a0) 
thrown [s\src\hotspot\share\interpreter\linkResolver.cpp, line 771]
Event: 37.761 Thread 0x000001f4927e5890 Exception <a 'java/lang/NoSuchMethodError'{0x000000070f3c9288}: 'java.lang.Object java.lang.invoke.DirectMethodHandle$Holder.invokeVirtual(java.lang.Object, java.lang.Object, int)'> (0x000000070f3c9288) 
thrown [s\src\hotspot\share\interpreter\linkResolver.cpp, line 771]
Event: 37.768 Thread 0x000001f4927e5890 Exception <a 'java/lang/NoSuchMethodError'{0x000000070f3ea1a0}: 'void java.lang.invoke.DirectMethodHandle$Holder.invokeStatic(java.lang.Object, java.lang.Object, java.lang.Object, int)'> (0x000000070f3ea1a0) 
thrown [s\src\hotspot\share\interpreter\linkResolver.cpp, line 771]
Event: 37.789 Thread 0x000001f490db1430 Exception <a 'java/lang/NoSuchMethodError'{0x000000070ee92378}: 'java.lang.Object java.lang.invoke.DirectMethodHandle$Holder.invokeStaticInit(java.lang.Object, java.lang.Object, java.lang.Object, java.lang.Object, java.lang.Object, java.lang.Object, java.lang.Object, java.lang.Object, java.lang.Object, java.lang.Object, java.lang.Object, java.lang.Object, java.lang.Object, java.lang.Object, java.lang.Object, java.lang.Object, java.lang.Object, java.lang.Object, int, java.lang.Object, java.lang.Object)'> (0
Event: 37.921 Thread 0x000001f4927e5890 Implicit null exception at 0x000001f48835cced to 0x000001f48835cd40
Event: 37.921 Thread 0x000001f4927e5890 Implicit null exception at 0x000001f4883293b0 to 0x000001f4883293c8
Event: 38.671 Thread 0x000001f4927e5890 Exception <a 'java/lang/NoSuchMethodError'{0x0000000714cd2ec0}: static [Ljava/lang/Object;.<clinit>()V> (0x0000000714cd2ec0) 
thrown [s\src\hotspot\share\prims\jni.cpp, line 1108]
Event: 39.540 Thread 0x000001f490daa0b0 Exception <a 'java/lang/IncompatibleClassChangeError'{0x000000071798bd68}: Found class java.lang.Object, but interface was expected> (0x000000071798bd68) 
thrown [s\src\hotspot\share\interpreter\linkResolver.cpp, line 838]
Event: 39.540 Thread 0x000001f490dac730 Exception <a 'java/lang/NoSuchMethodError'{0x00000007179a30c0}: 'long java.lang.invoke.DirectMethodHandle$Holder.invokeStatic(java.lang.Object, java.lang.Object, java.lang.Object)'> (0x00000007179a30c0) 
thrown [s\src\hotspot\share\interpreter\linkResolver.cpp, line 771]
Event: 39.545 Thread 0x000001f490daa0b0 Exception <a 'java/lang/IncompatibleClassChangeError'{0x00000007179c12d8}: Found class java.lang.Object, but interface was expected> (0x00000007179c12d8) 
thrown [s\src\hotspot\share\interpreter\linkResolver.cpp, line 838]
Event: 39.549 Thread 0x000001f490daa0b0 Exception <a 'java/lang/IncompatibleClassChangeError'{0x00000007179c6ae0}: Found class java.lang.Object, but interface was expected> (0x00000007179c6ae0) 
thrown [s\src\hotspot\share\interpreter\linkResolver.cpp, line 838]

VM Operations (20 events):
Event: 38.414 Executing VM operation: G1CollectForAllocation done
Event: 38.594 Executing VM operation: G1TryInitiateConcMark
Event: 38.621 Executing VM operation: G1TryInitiateConcMark done
Event: 38.777 Executing VM operation: HandshakeAllThreads
Event: 38.779 Executing VM operation: HandshakeAllThreads done
Event: 39.089 Executing VM operation: G1Concurrent
Event: 39.135 Executing VM operation: G1Concurrent done
Event: 39.334 Executing VM operation: G1Concurrent
Event: 39.355 Executing VM operation: G1Concurrent done
Event: 39.559 Executing VM operation: HandshakeAllThreads
Event: 39.559 Executing VM operation: HandshakeAllThreads done
Event: 39.782 Executing VM operation: G1CollectForAllocation
Event: 39.838 Executing VM operation: G1CollectForAllocation done
Event: 39.969 Executing VM operation: G1CollectForAllocation
Event: 40.011 Executing VM operation: G1CollectForAllocation done
Event: 40.039 Executing VM operation: HandshakeAllThreads
Event: 40.069 Executing VM operation: HandshakeAllThreads done
Event: 40.106 Executing VM operation: HandshakeAllThreads
Event: 40.196 Executing VM operation: HandshakeAllThreads done
Event: 40.841 Executing VM operation: G1CollectForAllocation

Events (20 events):
Event: 40.221 Thread 0x000001f4ff028770 flushing nmethod 0x000001f4816b7d10
Event: 40.221 Thread 0x000001f4ff028770 flushing nmethod 0x000001f4816bd910
Event: 40.221 Thread 0x000001f4ff028770 flushing nmethod 0x000001f4816ce510
Event: 40.221 Thread 0x000001f4ff028770 flushing nmethod 0x000001f4816d0890
Event: 40.222 Thread 0x000001f4ff028770 flushing nmethod 0x000001f4816d3610
Event: 40.222 Thread 0x000001f4ff028770 flushing nmethod 0x000001f4816d4b90
Event: 40.222 Thread 0x000001f4ff028770 flushing nmethod 0x000001f481706010
Event: 40.222 Thread 0x000001f4ff028770 flushing nmethod 0x000001f481707710
Event: 40.222 Thread 0x000001f4ff028770 flushing nmethod 0x000001f481762410
Event: 40.222 Thread 0x000001f4ff028770 flushing nmethod 0x000001f481763310
Event: 40.222 Thread 0x000001f4ff028770 flushing nmethod 0x000001f4817a7810
Event: 40.222 Thread 0x000001f4ff028770 flushing nmethod 0x000001f4817a9210
Event: 40.223 Thread 0x000001f4ff028770 flushing nmethod 0x000001f48186c210
Event: 40.223 Thread 0x000001f4ff028770 flushing nmethod 0x000001f4818cb090
Event: 40.223 Thread 0x000001f4ff028770 flushing nmethod 0x000001f4818cbd10
Event: 40.223 Thread 0x000001f4ff028770 flushing nmethod 0x000001f4818cc210
Event: 40.223 Thread 0x000001f4ff028770 flushing nmethod 0x000001f4818d8090
Event: 40.224 Thread 0x000001f4ff028770 flushing nmethod 0x000001f481946b90
Event: 40.224 Thread 0x000001f4ff028770 flushing nmethod 0x000001f481948590
Event: 40.224 Thread 0x000001f4ff028770 flushing nmethod 0x000001f481953210


Dynamic libraries:
0x00007ff78f930000 - 0x00007ff78f93a000 	C:\Program Files\Android\Android Studio\jbr\bin\java.exe
0x00007ff8cc610000 - 0x00007ff8cc808000 	C:\Windows\SYSTEM32\ntdll.dll
0x00007ff8cbd20000 - 0x00007ff8cbddf000 	C:\Windows\System32\KERNEL32.DLL
0x00007ff8ca0b0000 - 0x00007ff8ca382000 	C:\Windows\System32\KERNELBASE.dll
0x00007ff8ca420000 - 0x00007ff8ca520000 	C:\Windows\System32\ucrtbase.dll
0x00007ff8c36f0000 - 0x00007ff8c370b000 	C:\Program Files\Android\Android Studio\jbr\bin\VCRUNTIME140.dll
0x00007ff8c4d70000 - 0x00007ff8c4d87000 	C:\Program Files\Android\Android Studio\jbr\bin\jli.dll
0x00007ff8cafb0000 - 0x00007ff8cb14d000 	C:\Windows\System32\USER32.dll
0x00007ff8ca630000 - 0x00007ff8ca652000 	C:\Windows\System32\win32u.dll
0x00007ff8b8fd0000 - 0x00007ff8b926a000 	C:\Windows\WinSxS\amd64_microsoft.windows.common-controls_6595b64144ccf1df_6.0.19041.1110_none_60b5254171f9507e\COMCTL32.dll
0x00007ff8cc1f0000 - 0x00007ff8cc21b000 	C:\Windows\System32\GDI32.dll
0x00007ff8cbb00000 - 0x00007ff8cbb9e000 	C:\Windows\System32\msvcrt.dll
0x00007ff8ca520000 - 0x00007ff8ca62f000 	C:\Windows\System32\gdi32full.dll
0x00007ff8ca010000 - 0x00007ff8ca0ad000 	C:\Windows\System32\msvcp_win.dll
0x00007ff8cc360000 - 0x00007ff8cc392000 	C:\Windows\System32\IMM32.DLL
0x00007ff8c4d60000 - 0x00007ff8c4d6c000 	C:\Program Files\Android\Android Studio\jbr\bin\vcruntime140_1.dll
0x00007ff8c3660000 - 0x00007ff8c36ed000 	C:\Program Files\Android\Android Studio\jbr\bin\msvcp140.dll
0x00007ff88a070000 - 0x00007ff88acde000 	C:\Program Files\Android\Android Studio\jbr\bin\server\jvm.dll
0x00007ff8cc140000 - 0x00007ff8cc1ee000 	C:\Windows\System32\ADVAPI32.dll
0x00007ff8cb840000 - 0x00007ff8cb8dc000 	C:\Windows\System32\sechost.dll
0x00007ff8cc3d0000 - 0x00007ff8cc4f5000 	C:\Windows\System32\RPCRT4.dll
0x00007ff8b1ae0000 - 0x00007ff8b1ae9000 	C:\Windows\SYSTEM32\WSOCK32.dll
0x00007ff8c8460000 - 0x00007ff8c846a000 	C:\Windows\SYSTEM32\VERSION.dll
0x00007ff8cbcb0000 - 0x00007ff8cbd1b000 	C:\Windows\System32\WS2_32.dll
0x00007ff8b38b0000 - 0x00007ff8b38d7000 	C:\Windows\SYSTEM32\WINMM.dll
0x00007ff8c85b0000 - 0x00007ff8c85c2000 	C:\Windows\SYSTEM32\kernel.appcore.dll
0x00007ff8c3650000 - 0x00007ff8c365a000 	C:\Program Files\Android\Android Studio\jbr\bin\jimage.dll
0x00007ff8b13e0000 - 0x00007ff8b15c4000 	C:\Windows\SYSTEM32\DBGHELP.DLL
0x00007ff8b1210000 - 0x00007ff8b123c000 	C:\Windows\SYSTEM32\dbgcore.DLL
0x00007ff8ca390000 - 0x00007ff8ca412000 	C:\Windows\System32\bcryptPrimitives.dll
0x00007ff8c3140000 - 0x00007ff8c3165000 	C:\Program Files\Android\Android Studio\jbr\bin\java.dll
0x00007ff8c3120000 - 0x00007ff8c3138000 	C:\Program Files\Android\Android Studio\jbr\bin\zip.dll
0x00007ff8ca6c0000 - 0x00007ff8cae03000 	C:\Windows\System32\SHELL32.dll
0x00007ff8c7c10000 - 0x00007ff8c83a2000 	C:\Windows\SYSTEM32\windows.storage.dll
0x00007ff8cbde0000 - 0x00007ff8cc134000 	C:\Windows\System32\combase.dll
0x00007ff8c9690000 - 0x00007ff8c96c0000 	C:\Windows\SYSTEM32\Wldp.dll
0x00007ff8cbc00000 - 0x00007ff8cbcad000 	C:\Windows\System32\SHCORE.dll
0x00007ff8cc220000 - 0x00007ff8cc275000 	C:\Windows\System32\shlwapi.dll
0x00007ff8c9c50000 - 0x00007ff8c9c6f000 	C:\Windows\SYSTEM32\profapi.dll
0x00007ff8c3100000 - 0x00007ff8c3119000 	C:\Program Files\Android\Android Studio\jbr\bin\net.dll
0x00007ff8ba800000 - 0x00007ff8ba90c000 	C:\Windows\SYSTEM32\WINHTTP.dll
0x00007ff8c93f0000 - 0x00007ff8c945a000 	C:\Windows\system32\mswsock.dll
0x00007ff8c2180000 - 0x00007ff8c2196000 	C:\Program Files\Android\Android Studio\jbr\bin\nio.dll
0x00007ff8c3640000 - 0x00007ff8c3650000 	C:\Program Files\Android\Android Studio\jbr\bin\verify.dll
0x00007ff8c5560000 - 0x00007ff8c5587000 	C:\Users\Phrankie\.gradle\native\e1d6ef7f7dcc3fd88c89a11ec53ec762bb8ba0a96d01ffa2cd45eb1d1d8dd5c5\windows-amd64\native-platform.dll
0x00007ff8c2e70000 - 0x00007ff8c2fb4000 	C:\Users\Phrankie\.gradle\native\0d407fdbe67a94daf76414ababcb853783967236a71b16ec16e742cd7a986fd3\windows-amd64\native-platform-file-events.dll
0x00007ff8c30f0000 - 0x00007ff8c30f9000 	C:\Program Files\Android\Android Studio\jbr\bin\management.dll
0x00007ff8c2940000 - 0x00007ff8c294b000 	C:\Program Files\Android\Android Studio\jbr\bin\management_ext.dll
0x00007ff8cc3c0000 - 0x00007ff8cc3c8000 	C:\Windows\System32\PSAPI.DLL
0x00007ff8c95e0000 - 0x00007ff8c95f8000 	C:\Windows\SYSTEM32\CRYPTSP.dll
0x00007ff8c8d10000 - 0x00007ff8c8d44000 	C:\Windows\system32\rsaenh.dll
0x00007ff8c9e70000 - 0x00007ff8c9e97000 	C:\Windows\System32\bcrypt.dll
0x00007ff8c9c10000 - 0x00007ff8c9c3e000 	C:\Windows\SYSTEM32\USERENV.dll
0x00007ff8c9600000 - 0x00007ff8c960c000 	C:\Windows\SYSTEM32\CRYPTBASE.dll
0x00007ff8c90e0000 - 0x00007ff8c911b000 	C:\Windows\SYSTEM32\IPHLPAPI.DLL
0x00007ff8cb150000 - 0x00007ff8cb158000 	C:\Windows\System32\NSI.dll
0x00007ff8c1720000 - 0x00007ff8c1737000 	C:\Windows\SYSTEM32\dhcpcsvc6.DLL
0x00007ff8c1e70000 - 0x00007ff8c1e8d000 	C:\Windows\SYSTEM32\dhcpcsvc.DLL
0x00007ff8c9120000 - 0x00007ff8c91ea000 	C:\Windows\SYSTEM32\DNSAPI.dll
0x00007ff8c5550000 - 0x00007ff8c5557000 	C:\Windows\system32\wshunix.dll

dbghelp: loaded successfully - version: 4.0.5 - missing functions: none
symbol engine: initialized successfully - sym options: 0x614 - pdb path: .;C:\Program Files\Android\Android Studio\jbr\bin;C:\Windows\SYSTEM32;C:\Windows\WinSxS\amd64_microsoft.windows.common-controls_6595b64144ccf1df_6.0.19041.1110_none_60b5254171f9507e;C:\Program Files\Android\Android Studio\jbr\bin\server;C:\Users\Phrankie\.gradle\native\e1d6ef7f7dcc3fd88c89a11ec53ec762bb8ba0a96d01ffa2cd45eb1d1d8dd5c5\windows-amd64;C:\Users\Phrankie\.gradle\native\0d407fdbe67a94daf76414ababcb853783967236a71b16ec16e742cd7a986fd3\windows-amd64

VM Arguments:
jvm_args: --add-opens=java.base/java.util=ALL-UNNAMED --add-opens=java.base/java.lang=ALL-UNNAMED --add-opens=java.base/java.lang.invoke=ALL-UNNAMED --add-opens=java.base/java.util=ALL-UNNAMED --add-opens=java.prefs/java.util.prefs=ALL-UNNAMED --add-opens=java.prefs/java.util.prefs=ALL-UNNAMED --add-opens=java.base/java.nio.charset=ALL-UNNAMED --add-opens=java.base/java.net=ALL-UNNAMED --add-opens=java.base/java.util.concurrent.atomic=ALL-UNNAMED -Xmx4G -Dfile.encoding=windows-1252 -Duser.country=US -Duser.language=en -Duser.variant 
java_command: org.gradle.launcher.daemon.bootstrap.GradleDaemon 7.5
java_class_path (initial): C:\Users\Phrankie\.gradle\wrapper\dists\gradle-7.5-all\6qsw290k5lz422uaf8jf6m7co\gradle-7.5\lib\gradle-launcher-7.5.jar
Launcher Type: SUN_STANDARD

[Global flags]
     intx CICompilerCount                          = 3                                         {product} {ergonomic}
     uint ConcGCThreads                            = 1                                         {product} {ergonomic}
     uint G1ConcRefinementThreads                  = 4                                         {product} {ergonomic}
   size_t G1HeapRegionSize                         = 2097152                                   {product} {ergonomic}
    uintx GCDrainStackTargetSize                   = 64                                        {product} {ergonomic}
   size_t InitialHeapSize                          = 113246208                                 {product} {ergonomic}
   size_t MarkStackSize                            = 4194304                                   {product} {ergonomic}
   size_t MaxHeapSize                              = 4294967296                                {product} {command line}
   size_t MaxNewSize                               = 2575302656                                {product} {ergonomic}
   size_t MinHeapDeltaBytes                        = 2097152                                   {product} {ergonomic}
   size_t MinHeapSize                              = 8388608                                   {product} {ergonomic}
    uintx NonNMethodCodeHeapSize                   = 5832780                                {pd product} {ergonomic}
    uintx NonProfiledCodeHeapSize                  = 122912730                              {pd product} {ergonomic}
    uintx ProfiledCodeHeapSize                     = 122912730                              {pd product} {ergonomic}
    uintx ReservedCodeCacheSize                    = 251658240                              {pd product} {ergonomic}
     bool SegmentedCodeCache                       = true                                      {product} {ergonomic}
   size_t SoftMaxHeapSize                          = 4294967296                             {manageable} {ergonomic}
     bool UseCompressedClassPointers               = true                           {product lp64_product} {ergonomic}
     bool UseCompressedOops                        = true                           {product lp64_product} {ergonomic}
     bool UseG1GC                                  = true                                      {product} {ergonomic}
     bool UseLargePagesIndividualAllocation        = false                                  {pd product} {ergonomic}

Logging:
Log output configuration:
 #0: stdout all=warning uptime,level,tags
 #1: stderr all=off uptime,level,tags

Environment Variables:
JAVA_HOME=C:\Program Files\Android\Android Studio\jbr
CLASSPATH=C:\devalopments\apps\loc-main\android\\gradle\wrapper\gradle-wrapper.jar
PATH=C:\Program Files\Android\Android Studio\jbr\bin;C:\Program Files\Eclipse Adoptium\jdk-21.0.2.13-hotspot\bin;C:\Python312\Scripts\;C:\Python312\;C:\Windows\system32;C:\Windows;C:\Windows\System32\Wbem;C:\Windows\System32\WindowsPowerShell\v1.0\;C:\Program Files (x86)\NVIDIA Corporation\PhysX\Common;C:\Program Files\Git\cmd;C:\Program Files (x86)\Windows Kits\10\Windows Performance Toolkit\;C:\Users\Phrankie\AppData\Local\Pub\Cache\bin;C:\Program Files\nodejs\;C:\ProgramData\chocolatey\bin;C:\Users\Phrankie\AppData\Local\Microsoft\WindowsApps;C:\devalopments\flutter\bin;C:\Users\Phrankie\AppData\Local\Programs\Microsoft VS Code\bin;C:\Users\Phrankie\AppData\Roaming\npm;C:\devalopments\flutter\bin\mingit\cmd;C:\devalopments\flutter\bin\mingit\cmd
USERNAME=Phrankie
OS=Windows_NT
PROCESSOR_IDENTIFIER=Intel64 Family 6 Model 60 Stepping 3, GenuineIntel
TMP=C:\Users\Phrankie\AppData\Local\Temp
TEMP=C:\Users\Phrankie\AppData\Local\Temp


JNI global refs:
JNI global refs: 26, weak refs: 54

JNI global refs memory usage: 843, weak refs: 841


---------------  S Y S T E M  ---------------

OS:
 Windows 10 , 64 bit Build 19041 (10.0.19041.2251)
OS uptime: 0 days 0:14 hours

CPU: total 4 (initial active 4) (2 cores per cpu, 2 threads per core) family 6 model 60 stepping 3 microcode 0x27, cx8, cmov, fxsr, ht, mmx, sse, sse2, sse3, ssse3, sse4.1, sse4.2, popcnt, lzcnt, tsc, tscinvbit, avx, avx2, aes, erms, clmul, bmi1, bmi2, fma, vzeroupper, clflush

Memory: 4k page, system-wide physical 6817M (947M free)
TotalPageFile size 6817M (AvailPageFile size 506M)
current process WorkingSet (physical memory assigned to process): 701M, peak: 714M
current process commit charge ("private bytes"): 733M, peak: 1295M

vm_info: OpenJDK 64-Bit Server VM (17.0.6+0-b2043.56-10027231) for windows-amd64 JRE (17.0.6+0-b2043.56-10027231), built on Apr 28 2023 00:43:19 by "androidbuild" with MS VC++ 16.10 / 16.11 (VS2019)

END.
