#
# There is insufficient memory for the Java Runtime Environment to continue.
# Native memory allocation (mmap) failed to map 559939584 bytes for G1 virtual space
# Possible reasons:
#   The system is out of physical RAM or swap space
#   The process is running with CompressedOops enabled, and the Java Heap may be blocking the growth of the native heap
# Possible solutions:
#   Reduce memory load on the system
#   Increase physical memory or swap space
#   Check if swap backing store is full
#   Decrease Java heap size (-Xmx/-Xms)
#   Decrease number of Java threads
#   Decrease Java thread stack sizes (-Xss)
#   Set larger code cache with -XX:ReservedCodeCacheSize=
#   JVM is running with Zero Based Compressed Oops mode in which the Java heap is
#     placed in the first 32GB address space. The Java Heap base address is the
#     maximum limit for the native heap growth. Please use -XX:HeapBaseMinAddress
#     to set the Java Heap base and to place the Java Heap above 32GB virtual address.
# This output file may be truncated or incomplete.
#
#  Out of Memory Error (os_windows.cpp:3769), pid=8520, tid=1076
#
# JRE version: OpenJDK Runtime Environment (17.0.6) (build 17.0.6+0-b2043.56-10027231)
# Java VM: OpenJDK 64-Bit Server VM (17.0.6+0-b2043.56-10027231, mixed mode, tiered, compressed oops, compressed class ptrs, g1 gc, windows-amd64)
# No core dump will be written. Minidumps are not enabled by default on client versions of Windows
#

---------------  S U M M A R Y ------------

Command Line: --add-opens=java.base/java.util=ALL-UNNAMED --add-opens=java.base/java.lang=ALL-UNNAMED --add-opens=java.base/java.lang.invoke=ALL-UNNAMED --add-opens=java.base/java.util=ALL-UNNAMED --add-opens=java.prefs/java.util.prefs=ALL-UNNAMED --add-opens=java.prefs/java.util.prefs=ALL-UNNAMED --add-opens=java.base/java.nio.charset=ALL-UNNAMED --add-opens=java.base/java.net=ALL-UNNAMED --add-opens=java.base/java.util.concurrent.atomic=ALL-UNNAMED -Xmx4G -Dfile.encoding=windows-1252 -Duser.country=US -Duser.language=en -Duser.variant org.gradle.launcher.daemon.bootstrap.GradleDaemon 7.5

Host: Intel(R) Core(TM) i5-4210M CPU @ 2.60GHz, 4 cores, 6G,  Windows 10 , 64 bit Build 19041 (10.0.19041.2251)
Time: Mon Mar  4 18:04:36 2024 Egypt Standard Time elapsed time: 260.435633 seconds (0d 0h 4m 20s)

---------------  T H R E A D  ---------------

Current thread (0x0000022062071660):  VMThread "VM Thread" [stack: 0x00000043b1e00000,0x00000043b1f00000] [id=1076]

Stack: [0x00000043b1e00000,0x00000043b1f00000]
Native frames: (J=compiled Java code, j=interpreted, Vv=VM code, C=native code)
V  [jvm.dll+0x683c9a]
V  [jvm.dll+0x8427a4]
V  [jvm.dll+0x843f9e]
V  [jvm.dll+0x844603]
V  [jvm.dll+0x249b75]
V  [jvm.dll+0x680b69]
V  [jvm.dll+0x67505a]
V  [jvm.dll+0x309acb]
V  [jvm.dll+0x310f86]
V  [jvm.dll+0x3608ee]
V  [jvm.dll+0x360b1f]
V  [jvm.dll+0x2dfbf8]
V  [jvm.dll+0x2ddec4]
V  [jvm.dll+0x2dd4cc]
V  [jvm.dll+0x321f3b]
V  [jvm.dll+0x848ccb]
V  [jvm.dll+0x849a04]
V  [jvm.dll+0x849f1d]
V  [jvm.dll+0x84a2f4]
V  [jvm.dll+0x84a3c0]
V  [jvm.dll+0x7f274a]
V  [jvm.dll+0x682ad5]
C  [ucrtbase.dll+0x21bb2]
C  [KERNEL32.DLL+0x174b4]
C  [ntdll.dll+0x526a1]

VM_Operation (0x00000043b85fce20): G1CollectForAllocation, mode: safepoint, requested by thread 0x000002206aedf4b0


---------------  P R O C E S S  ---------------

Threads class SMR info:
_java_thread_list=0x000002207749bca0, length=113, elements={
0x0000022043ebcb10, 0x00000220620755a0, 0x0000022062076d40, 0x00000220620b2450,
0x00000220620b3e80, 0x00000220620b4ee0, 0x00000220620b57a0, 0x0000022062c17940,
0x0000022062c31230, 0x00000220620bdf90, 0x0000022062db9f20, 0x0000022062ddaac0,
0x0000022065290840, 0x000002206572a800, 0x000002206572c9b0, 0x000002206572d820,
0x000002206572bb40, 0x000002206572acd0, 0x000002206572d350, 0x000002206572dcf0,
0x000002206572b670, 0x000002206572ce80, 0x000002206572b1a0, 0x000002206572c010,
0x000002206572c4e0, 0x000002206717efc0, 0x0000022067183cc0, 0x0000022067182980,
0x0000022067186340, 0x000002206717eaf0, 0x0000022067180300, 0x000002206717f490,
0x00000220671837f0, 0x0000022067180ca0, 0x0000022067182e50, 0x0000022067184b30,
0x0000022067183320, 0x0000022067185000, 0x0000022067181170, 0x0000022067181640,
0x0000022068ca1c70, 0x0000022068ca5160, 0x0000022068ca2ae0, 0x0000022068ca42f0,
0x0000022068ca0e00, 0x0000022068ca47c0, 0x0000022068ca6970, 0x0000022068ca4c90,
0x0000022068ca3950, 0x0000022068c9f120, 0x0000022068ca5630, 0x0000022068ca2140,
0x0000022068ca5b00, 0x0000022068ca0460, 0x0000022068ca5fd0, 0x0000022068ca64a0,
0x0000022068c9f5f0, 0x0000022068c9fac0, 0x0000022068ca12d0, 0x0000022068ca2fb0,
0x0000022068ca17a0, 0x0000022068ca2610, 0x0000022068ca3480, 0x0000022068c9ff90,
0x000002206914dbe0, 0x000002206914d710, 0x0000022069153280, 0x00000220691540f0,
0x00000220691545c0, 0x000002206914f8c0, 0x0000022069150260, 0x0000022069154a90,
0x000002206914e580, 0x000002206914e0b0, 0x0000022069153750, 0x00000220691515a0,
0x0000022069152410, 0x000002206914d240, 0x000002206914ea50, 0x000002206914fd90,
0x000002206914ef20, 0x000002206914f3f0, 0x0000022069150730, 0x00000220691528e0,
0x0000022069151a70, 0x0000022069151f40, 0x0000022067184190, 0x000002206aedbfc0,
0x000002206aedac80, 0x000002206aee0cc0, 0x000002206aedf4b0, 0x00000220679010c0,
0x0000022067904f50, 0x0000022067900bf0, 0x00000220678ffd80, 0x00000220678fea40,
0x00000220679045b0, 0x0000022067902da0, 0x0000022067900250, 0x0000022067877740,
0x00000220678750c0, 0x00000220678780e0, 0x0000022067879420, 0x00000220678798f0,
0x000002206787a760, 0x0000022067879dc0, 0x000002206787a290, 0x0000022068ca0930,
0x000002206572a330, 0x00000220671807d0, 0x00000220678768d0, 0x0000022063b42b90,
0x0000022063b3f630
}

Java Threads: ( => current thread )
  0x0000022043ebcb10 JavaThread "main" [_thread_blocked, id=4560, stack(0x00000043b1800000,0x00000043b1900000)]
  0x00000220620755a0 JavaThread "Reference Handler" daemon [_thread_blocked, id=2444, stack(0x00000043b1f00000,0x00000043b2000000)]
  0x0000022062076d40 JavaThread "Finalizer" daemon [_thread_blocked, id=3304, stack(0x00000043b2000000,0x00000043b2100000)]
  0x00000220620b2450 JavaThread "Signal Dispatcher" daemon [_thread_blocked, id=9184, stack(0x00000043b2100000,0x00000043b2200000)]
  0x00000220620b3e80 JavaThread "Attach Listener" daemon [_thread_blocked, id=8036, stack(0x00000043b2200000,0x00000043b2300000)]
  0x00000220620b4ee0 JavaThread "Service Thread" daemon [_thread_blocked, id=3204, stack(0x00000043b2300000,0x00000043b2400000)]
  0x00000220620b57a0 JavaThread "Monitor Deflation Thread" daemon [_thread_blocked, id=2260, stack(0x00000043b2400000,0x00000043b2500000)]
  0x0000022062c17940 JavaThread "C2 CompilerThread0" daemon [_thread_blocked, id=8572, stack(0x00000043b2500000,0x00000043b2600000)]
  0x0000022062c31230 JavaThread "C1 CompilerThread0" daemon [_thread_blocked, id=4392, stack(0x00000043b2600000,0x00000043b2700000)]
  0x00000220620bdf90 JavaThread "Sweeper thread" daemon [_thread_blocked, id=4680, stack(0x00000043b2700000,0x00000043b2800000)]
  0x0000022062db9f20 JavaThread "Common-Cleaner" daemon [_thread_blocked, id=2388, stack(0x00000043b2800000,0x00000043b2900000)]
  0x0000022062ddaac0 JavaThread "Notification Thread" daemon [_thread_blocked, id=5988, stack(0x00000043b2900000,0x00000043b2a00000)]
  0x0000022065290840 JavaThread "Daemon health stats" [_thread_blocked, id=6884, stack(0x00000043b2f00000,0x00000043b3000000)]
  0x000002206572a800 JavaThread "Incoming local TCP Connector on port 50418" [_thread_in_native, id=2512, stack(0x00000043b2b00000,0x00000043b2c00000)]
  0x000002206572c9b0 JavaThread "Daemon periodic checks" [_thread_blocked, id=4968, stack(0x00000043b3000000,0x00000043b3100000)]
  0x000002206572d820 JavaThread "Daemon" [_thread_blocked, id=188, stack(0x00000043b3100000,0x00000043b3200000)]
  0x000002206572bb40 JavaThread "Handler for socket connection from /127.0.0.1:50418 to /127.0.0.1:50419" [_thread_in_native, id=348, stack(0x00000043b3200000,0x00000043b3300000)]
  0x000002206572acd0 JavaThread "Cancel handler" [_thread_blocked, id=3896, stack(0x00000043b3300000,0x00000043b3400000)]
  0x000002206572d350 JavaThread "Daemon worker" [_thread_blocked, id=3312, stack(0x00000043b3400000,0x00000043b3500000)]
  0x000002206572dcf0 JavaThread "Asynchronous log dispatcher for DefaultDaemonConnection: socket connection from /127.0.0.1:50418 to /127.0.0.1:50419" [_thread_blocked, id=1092, stack(0x00000043b3500000,0x00000043b3600000)]
  0x000002206572b670 JavaThread "Daemon client event forwarder" [_thread_blocked, id=6356, stack(0x00000043b3700000,0x00000043b3800000)]
  0x000002206572ce80 JavaThread "Cache worker for journal cache (C:\Users\Phrankie\.gradle\caches\journal-1)" [_thread_blocked, id=6616, stack(0x00000043b3800000,0x00000043b3900000)]
  0x000002206572b1a0 JavaThread "File lock request listener" [_thread_in_native, id=3660, stack(0x00000043b3900000,0x00000043b3a00000)]
  0x000002206572c010 JavaThread "Cache worker for file hash cache (C:\Users\Phrankie\.gradle\caches\7.5\fileHashes)" [_thread_blocked, id=2772, stack(0x00000043b3b00000,0x00000043b3c00000)]
  0x000002206572c4e0 JavaThread "File watcher server" daemon [_thread_blocked, id=968, stack(0x00000043b3d00000,0x00000043b3e00000)]
  0x000002206717efc0 JavaThread "File watcher consumer" daemon [_thread_blocked, id=5432, stack(0x00000043b3e00000,0x00000043b3f00000)]
  0x0000022067183cc0 JavaThread "Cache worker for checksums cache (C:\devalopments\apps\loc-main\android\.gradle\7.5\checksums)" [_thread_blocked, id=5320, stack(0x00000043b3f00000,0x00000043b4000000)]
  0x0000022067182980 JavaThread "Cache worker for cache directory md-rule (C:\Users\Phrankie\.gradle\caches\7.5\md-rule)" [_thread_blocked, id=856, stack(0x00000043b4000000,0x00000043b4100000)]
  0x0000022067186340 JavaThread "Cache worker for file content cache (C:\Users\Phrankie\.gradle\caches\7.5\fileContent)" [_thread_blocked, id=7700, stack(0x00000043b4100000,0x00000043b4200000)]
  0x000002206717eaf0 JavaThread "Cache worker for file hash cache (C:\devalopments\apps\loc-main\android\.gradle\7.5\fileHashes)" [_thread_blocked, id=6380, stack(0x00000043b4200000,0x00000043b4300000)]
  0x0000022067180300 JavaThread "Cache worker for cache directory md-supplier (C:\Users\Phrankie\.gradle\caches\7.5\md-supplier)" [_thread_blocked, id=7084, stack(0x00000043b4300000,0x00000043b4400000)]
  0x000002206717f490 JavaThread "Cache worker for execution history cache (C:\Users\Phrankie\.gradle\caches\7.5\executionHistory)" [_thread_blocked, id=8244, stack(0x00000043b4400000,0x00000043b4500000)]
  0x00000220671837f0 JavaThread "jar transforms" [_thread_blocked, id=6924, stack(0x00000043b4500000,0x00000043b4600000)]
  0x0000022067180ca0 JavaThread "Cache worker for kotlin-dsl (C:\Users\Phrankie\.gradle\caches\7.5\kotlin-dsl)" [_thread_blocked, id=3400, stack(0x00000043b3c00000,0x00000043b3d00000)]
  0x0000022067182e50 JavaThread "jar transforms Thread 2" [_thread_blocked, id=1484, stack(0x00000043b4700000,0x00000043b4800000)]
  0x0000022067184b30 JavaThread "Cache worker for dependencies-accessors (C:\devalopments\apps\loc-main\android\.gradle\7.5\dependencies-accessors)" [_thread_blocked, id=7720, stack(0x00000043b4800000,0x00000043b4900000)]
  0x0000022067183320 JavaThread "Cache worker for Build Output Cleanup Cache (C:\devalopments\flutter\packages\flutter_tools\gradle\.gradle\buildOutputCleanup)" [_thread_blocked, id=3056, stack(0x00000043b4900000,0x00000043b4a00000)]
  0x0000022067185000 JavaThread "jar transforms Thread 3" [_thread_blocked, id=6928, stack(0x00000043b4a00000,0x00000043b4b00000)]
  0x0000022067181170 JavaThread "Memory manager" [_thread_blocked, id=4528, stack(0x00000043b4b00000,0x00000043b4c00000)]
  0x0000022067181640 JavaThread "jar transforms Thread 4" [_thread_blocked, id=8632, stack(0x00000043b4c00000,0x00000043b4d00000)]
  0x0000022068ca1c70 JavaThread "included builds" [_thread_blocked, id=4808, stack(0x00000043b4d00000,0x00000043b4e00000)]
  0x0000022068ca5160 JavaThread "Execution worker" [_thread_blocked, id=6672, stack(0x00000043b4e00000,0x00000043b4f00000)]
  0x0000022068ca2ae0 JavaThread "Execution worker Thread 2" [_thread_blocked, id=9176, stack(0x00000043b4f00000,0x00000043b5000000)]
  0x0000022068ca42f0 JavaThread "Execution worker Thread 3" [_thread_blocked, id=6052, stack(0x00000043b5000000,0x00000043b5100000)]
  0x0000022068ca0e00 JavaThread "Cache worker for execution history cache (C:\devalopments\flutter\packages\flutter_tools\gradle\.gradle\7.5\executionHistory)" [_thread_blocked, id=7024, stack(0x00000043b5100000,0x00000043b5200000)]
  0x0000022068ca47c0 JavaThread "Unconstrained build operations" [_thread_blocked, id=6156, stack(0x00000043b5200000,0x00000043b5300000)]
  0x0000022068ca6970 JavaThread "Unconstrained build operations Thread 2" [_thread_blocked, id=9004, stack(0x00000043b5300000,0x00000043b5400000)]
  0x0000022068ca4c90 JavaThread "Unconstrained build operations Thread 3" [_thread_blocked, id=6444, stack(0x00000043b5400000,0x00000043b5500000)]
  0x0000022068ca3950 JavaThread "Unconstrained build operations Thread 4" [_thread_blocked, id=2676, stack(0x00000043b5500000,0x00000043b5600000)]
  0x0000022068c9f120 JavaThread "Unconstrained build operations Thread 5" [_thread_blocked, id=4420, stack(0x00000043b5600000,0x00000043b5700000)]
  0x0000022068ca5630 JavaThread "Unconstrained build operations Thread 6" [_thread_blocked, id=5064, stack(0x00000043b5700000,0x00000043b5800000)]
  0x0000022068ca2140 JavaThread "Unconstrained build operations Thread 7" [_thread_blocked, id=3144, stack(0x00000043b5800000,0x00000043b5900000)]
  0x0000022068ca5b00 JavaThread "Unconstrained build operations Thread 8" [_thread_blocked, id=6152, stack(0x00000043b5900000,0x00000043b5a00000)]
  0x0000022068ca0460 JavaThread "Unconstrained build operations Thread 9" [_thread_blocked, id=7544, stack(0x00000043b5a00000,0x00000043b5b00000)]
  0x0000022068ca5fd0 JavaThread "Unconstrained build operations Thread 10" [_thread_blocked, id=4584, stack(0x00000043b5b00000,0x00000043b5c00000)]
  0x0000022068ca64a0 JavaThread "Unconstrained build operations Thread 11" [_thread_blocked, id=2172, stack(0x00000043b5c00000,0x00000043b5d00000)]
  0x0000022068c9f5f0 JavaThread "Unconstrained build operations Thread 12" [_thread_blocked, id=8148, stack(0x00000043b5d00000,0x00000043b5e00000)]
  0x0000022068c9fac0 JavaThread "Unconstrained build operations Thread 13" [_thread_blocked, id=7156, stack(0x00000043b5e00000,0x00000043b5f00000)]
  0x0000022068ca12d0 JavaThread "Unconstrained build operations Thread 14" [_thread_blocked, id=5312, stack(0x00000043b5f00000,0x00000043b6000000)]
  0x0000022068ca2fb0 JavaThread "Unconstrained build operations Thread 15" [_thread_blocked, id=3456, stack(0x00000043b6000000,0x00000043b6100000)]
  0x0000022068ca17a0 JavaThread "Unconstrained build operations Thread 16" [_thread_blocked, id=6760, stack(0x00000043b6100000,0x00000043b6200000)]
  0x0000022068ca2610 JavaThread "Unconstrained build operations Thread 17" [_thread_blocked, id=4904, stack(0x00000043b6200000,0x00000043b6300000)]
  0x0000022068ca3480 JavaThread "Unconstrained build operations Thread 18" [_thread_blocked, id=6848, stack(0x00000043b6300000,0x00000043b6400000)]
  0x0000022068c9ff90 JavaThread "Unconstrained build operations Thread 19" [_thread_blocked, id=3080, stack(0x00000043b6400000,0x00000043b6500000)]
  0x000002206914dbe0 JavaThread "Unconstrained build operations Thread 20" [_thread_blocked, id=1940, stack(0x00000043b6500000,0x00000043b6600000)]
  0x000002206914d710 JavaThread "Unconstrained build operations Thread 21" [_thread_blocked, id=2408, stack(0x00000043b6600000,0x00000043b6700000)]
  0x0000022069153280 JavaThread "Unconstrained build operations Thread 22" [_thread_blocked, id=7904, stack(0x00000043b6700000,0x00000043b6800000)]
  0x00000220691540f0 JavaThread "Unconstrained build operations Thread 23" [_thread_blocked, id=2424, stack(0x00000043b6800000,0x00000043b6900000)]
  0x00000220691545c0 JavaThread "Unconstrained build operations Thread 24" [_thread_blocked, id=6564, stack(0x00000043b6900000,0x00000043b6a00000)]
  0x000002206914f8c0 JavaThread "Unconstrained build operations Thread 25" [_thread_blocked, id=2420, stack(0x00000043b6a00000,0x00000043b6b00000)]
  0x0000022069150260 JavaThread "Unconstrained build operations Thread 26" [_thread_blocked, id=3944, stack(0x00000043b6b00000,0x00000043b6c00000)]
  0x0000022069154a90 JavaThread "Unconstrained build operations Thread 27" [_thread_blocked, id=5688, stack(0x00000043b6c00000,0x00000043b6d00000)]
  0x000002206914e580 JavaThread "Unconstrained build operations Thread 28" [_thread_blocked, id=3116, stack(0x00000043b6d00000,0x00000043b6e00000)]
  0x000002206914e0b0 JavaThread "Unconstrained build operations Thread 29" [_thread_blocked, id=3308, stack(0x00000043b6e00000,0x00000043b6f00000)]
  0x0000022069153750 JavaThread "Unconstrained build operations Thread 30" [_thread_blocked, id=6200, stack(0x00000043b6f00000,0x00000043b7000000)]
  0x00000220691515a0 JavaThread "Unconstrained build operations Thread 31" [_thread_blocked, id=944, stack(0x00000043b7000000,0x00000043b7100000)]
  0x0000022069152410 JavaThread "Unconstrained build operations Thread 32" [_thread_blocked, id=7696, stack(0x00000043b7100000,0x00000043b7200000)]
  0x000002206914d240 JavaThread "Unconstrained build operations Thread 33" [_thread_blocked, id=5944, stack(0x00000043b7200000,0x00000043b7300000)]
  0x000002206914ea50 JavaThread "Unconstrained build operations Thread 34" [_thread_blocked, id=3596, stack(0x00000043b7300000,0x00000043b7400000)]
  0x000002206914fd90 JavaThread "Unconstrained build operations Thread 35" [_thread_blocked, id=776, stack(0x00000043b7400000,0x00000043b7500000)]
  0x000002206914ef20 JavaThread "Unconstrained build operations Thread 36" [_thread_blocked, id=8380, stack(0x00000043b7500000,0x00000043b7600000)]
  0x000002206914f3f0 JavaThread "Unconstrained build operations Thread 37" [_thread_blocked, id=8988, stack(0x00000043b7600000,0x00000043b7700000)]
  0x0000022069150730 JavaThread "Unconstrained build operations Thread 38" [_thread_blocked, id=4972, stack(0x00000043b7700000,0x00000043b7800000)]
  0x00000220691528e0 JavaThread "Unconstrained build operations Thread 39" [_thread_blocked, id=9128, stack(0x00000043b7800000,0x00000043b7900000)]
  0x0000022069151a70 JavaThread "Unconstrained build operations Thread 40" [_thread_blocked, id=8452, stack(0x00000043b7900000,0x00000043b7a00000)]
  0x0000022069151f40 JavaThread "Cache worker for Build Output Cleanup Cache (C:\devalopments\apps\loc-main\android\.gradle\buildOutputCleanup)" [_thread_blocked, id=5220, stack(0x00000043b7a00000,0x00000043b7b00000)]
  0x0000022067184190 JavaThread "pool-3-thread-1" [_thread_blocked, id=4120, stack(0x00000043b1500000,0x00000043b1600000)]
  0x000002206aedbfc0 JavaThread "build event listener" [_thread_blocked, id=3576, stack(0x00000043b7b00000,0x00000043b7c00000)]
  0x000002206aedac80 JavaThread "Cache worker for execution history cache (C:\devalopments\apps\loc-main\android\.gradle\7.5\executionHistory)" [_thread_blocked, id=7488, stack(0x00000043b7e00000,0x00000043b7f00000)]
  0x000002206aee0cc0 JavaThread "WorkerExecutor Queue" [_thread_blocked, id=6592, stack(0x00000043b8200000,0x00000043b8300000)]
  0x000002206aedf4b0 JavaThread "WorkerExecutor Queue Thread 4" [_thread_blocked, id=3036, stack(0x00000043b8500000,0x00000043b8600000)]
  0x00000220679010c0 JavaThread "Cache worker for Java compile cache (C:\Users\Phrankie\.gradle\caches\7.5\javaCompile)" [_thread_blocked, id=8948, stack(0x00000043b4600000,0x00000043b4700000)]
  0x0000022067904f50 JavaThread "Build operations" [_thread_blocked, id=8328, stack(0x00000043b8600000,0x00000043b8700000)]
  0x0000022067900bf0 JavaThread "Build operations Thread 2" [_thread_blocked, id=8708, stack(0x00000043b8700000,0x00000043b8800000)]
  0x00000220678ffd80 JavaThread "Build operations Thread 3" [_thread_blocked, id=8740, stack(0x00000043b8800000,0x00000043b8900000)]
  0x00000220678fea40 JavaThread "Build operations Thread 4" [_thread_blocked, id=8764, stack(0x00000043b8900000,0x00000043b8a00000)]
  0x00000220679045b0 JavaThread "pool-4-thread-1" [_thread_blocked, id=7044, stack(0x00000043b8a00000,0x00000043b8b00000)]
  0x0000022067902da0 JavaThread "stderr" [_thread_in_native, id=6968, stack(0x00000043b8b00000,0x00000043b8c00000)]
  0x0000022067900250 JavaThread "stdout" [_thread_in_native, id=8736, stack(0x00000043b8c00000,0x00000043b8d00000)]
  0x0000022067877740 JavaThread "RMI Scheduler(0)" daemon [_thread_blocked, id=7916, stack(0x00000043b1600000,0x00000043b1700000)]
  0x00000220678750c0 JavaThread "RMI RenewClean-[127.0.0.1:17627,org.jetbrains.kotlin.daemon.common.LoopbackNetworkInterface$ClientLoopbackSocketFactory@3e7923c]" daemon [_thread_blocked, id=7856, stack(0x00000043b8d00000,0x00000043b8e00000)]
  0x00000220678780e0 JavaThread "RMI GC Daemon" daemon [_thread_blocked, id=5724, stack(0x00000043b8e00000,0x00000043b8f00000)]
  0x0000022067879420 JavaThread "RMI TCP Accept-0" daemon [_thread_in_native, id=6464, stack(0x00000043b9000000,0x00000043b9100000)]
  0x00000220678798f0 JavaThread "RMI Reaper" [_thread_blocked, id=7556, stack(0x00000043b9100000,0x00000043b9200000)]
  0x000002206787a760 JavaThread "RMI TCP Connection(idle)" daemon [_thread_blocked, id=2568, stack(0x00000043b9200000,0x00000043b9300000)]
  0x0000022067879dc0 JavaThread "WorkerExecutor Queue Thread 8" [_thread_blocked, id=2760, stack(0x00000043b3600000,0x00000043b3700000)]
  0x000002206787a290 JavaThread "File lock release action executor" [_thread_blocked, id=9148, stack(0x00000043b8f00000,0x00000043b9000000)]
  0x0000022068ca0930 JavaThread "WorkerExecutor Queue Thread 9" [_thread_blocked, id=7244, stack(0x00000043b7d00000,0x00000043b7e00000)]
  0x000002206572a330 JavaThread "ForkJoinPool-1-worker-1" daemon [_thread_blocked, id=1364, stack(0x00000043b7c00000,0x00000043b7d00000)]
  0x00000220671807d0 JavaThread "ForkJoinPool-1-worker-2" daemon [_thread_blocked, id=3664, stack(0x00000043b7f00000,0x00000043b8000000)]
  0x00000220678768d0 JavaThread "ForkJoinPool-1-worker-3" daemon [_thread_blocked, id=6904, stack(0x00000043b8000000,0x00000043b8100000)]
  0x0000022063b42b90 JavaThread "ForkJoinPool-1-worker-4" daemon [_thread_blocked, id=6580, stack(0x00000043b8100000,0x00000043b8200000)]
  0x0000022063b3f630 JavaThread "C2 CompilerThread1" daemon [_thread_blocked, id=2536, stack(0x00000043b8300000,0x00000043b8400000)]

Other Threads:
=>0x0000022062071660 VMThread "VM Thread" [stack: 0x00000043b1e00000,0x00000043b1f00000] [id=1076]
  0x0000022062ddaf90 WatcherThread [stack: 0x00000043b2a00000,0x00000043b2b00000] [id=4820]
  0x0000022043f2a390 GCTaskThread "GC Thread#0" [stack: 0x00000043b1900000,0x00000043b1a00000] [id=5380]
  0x000002206335b0f0 GCTaskThread "GC Thread#1" [stack: 0x00000043b2c00000,0x00000043b2d00000] [id=6004]
  0x000002206318ea80 GCTaskThread "GC Thread#2" [stack: 0x00000043b2d00000,0x00000043b2e00000] [id=5020]
  0x00000220632df9d0 GCTaskThread "GC Thread#3" [stack: 0x00000043b2e00000,0x00000043b2f00000] [id=4308]
  0x0000022043f3b980 ConcurrentGCThread "G1 Main Marker" [stack: 0x00000043b1a00000,0x00000043b1b00000] [id=7032]
  0x0000022043f3c2a0 ConcurrentGCThread "G1 Conc#0" [stack: 0x00000043b1b00000,0x00000043b1c00000] [id=7908]
  0x0000022061ee0090 ConcurrentGCThread "G1 Refine#0" [stack: 0x00000043b1c00000,0x00000043b1d00000] [id=6596]
  0x0000022064728a50 ConcurrentGCThread "G1 Refine#1" [stack: 0x00000043b3a00000,0x00000043b3b00000] [id=8980]
  0x00000220642041a0 ConcurrentGCThread "G1 Refine#2" [stack: 0x00000043b8400000,0x00000043b8500000] [id=7500]
  0x000002206f383bd0 ConcurrentGCThread "G1 Refine#3" [stack: 0x00000043b9300000,0x00000043b9400000] [id=4832]
  0x0000022061ee09c0 ConcurrentGCThread "G1 Service" [stack: 0x00000043b1d00000,0x00000043b1e00000] [id=3824]

Threads with active compile tasks:

VM state: at safepoint (normal execution)

VM Mutex/Monitor currently owned by a thread:  ([mutex/lock_event])
[0x0000022043eaa8c0] Threads_lock - owner thread: 0x0000022062071660
[0x0000022043eb8ee0] Heap_lock - owner thread: 0x000002206aedf4b0

Heap address: 0x0000000700000000, size: 4096 MB, Compressed Oops mode: Zero based, Oop shift amount: 3

CDS archive(s) not mapped
Compressed class space mapped at: 0x0000000800000000-0x0000000840000000, reserved size: 1073741824
Narrow klass base: 0x0000000800000000, Narrow klass shift: 0, Narrow klass range: 0x40000000

GC Precious Log:
 CPUs: 4 total, 4 available
 Memory: 6817M
 Large Page Support: Disabled
 NUMA Support: Disabled
 Compressed Oops: Enabled (Zero based)
 Heap Region Size: 2M
 Heap Min Capacity: 8M
 Heap Initial Capacity: 108M
 Heap Max Capacity: 4G
 Pre-touch: Disabled
 Parallel Workers: 4
 Concurrent Workers: 1
 Concurrent Refinement Workers: 4
 Periodic GC: Disabled

Heap:
 garbage-first heap   total 595968K, used 341184K [0x0000000700000000, 0x0000000800000000)
  region size 2048K, 7 young (14336K), 7 survivors (14336K)
 Metaspace       used 153224K, committed 154432K, reserved 1187840K
  class space    used 20042K, committed 20608K, reserved 1048576K

Heap Regions: E=young(eden), S=young(survivor), O=old, HS=humongous(starts), HC=humongous(continues), CS=collection set, F=free, OA=open archive, CA=closed archive, TAMS=top-at-mark-start (previous, next)
|   0|0x0000000700000000, 0x0000000700200000, 0x0000000700200000|100%|HS|  |TAMS 0x0000000700200000, 0x0000000700000000| Complete 
|   1|0x0000000700200000, 0x0000000700400000, 0x0000000700400000|100%|HC|  |TAMS 0x0000000700400000, 0x0000000700200000| Complete 
|   2|0x0000000700400000, 0x0000000700600000, 0x0000000700600000|100%| O|  |TAMS 0x0000000700600000, 0x0000000700400000| Untracked 
|   3|0x0000000700600000, 0x0000000700800000, 0x0000000700800000|100%| O|  |TAMS 0x0000000700800000, 0x0000000700600000| Untracked 
|   4|0x0000000700800000, 0x00000007009c0800, 0x0000000700a00000| 87%| O|  |TAMS 0x00000007009c0800, 0x0000000700800000| Untracked 
|   5|0x0000000700a00000, 0x0000000700c00000, 0x0000000700c00000|100%| O|  |TAMS 0x0000000700c00000, 0x0000000700a00000| Untracked 
|   6|0x0000000700c00000, 0x0000000700e00000, 0x0000000700e00000|100%| O|  |TAMS 0x0000000700e00000, 0x0000000700c00000| Untracked 
|   7|0x0000000700e00000, 0x0000000701000000, 0x0000000701000000|100%| O|  |TAMS 0x0000000701000000, 0x0000000700e00000| Untracked 
|   8|0x0000000701000000, 0x0000000701200000, 0x0000000701200000|100%| O|  |TAMS 0x0000000701200000, 0x0000000701000000| Untracked 
|   9|0x0000000701200000, 0x0000000701400000, 0x0000000701400000|100%| O|  |TAMS 0x0000000701400000, 0x0000000701200000| Untracked 
|  10|0x0000000701400000, 0x0000000701600000, 0x0000000701600000|100%| O|  |TAMS 0x0000000701600000, 0x0000000701400000| Untracked 
|  11|0x0000000701600000, 0x0000000701800000, 0x0000000701800000|100%| O|  |TAMS 0x0000000701800000, 0x0000000701600000| Untracked 
|  12|0x0000000701800000, 0x0000000701a00000, 0x0000000701a00000|100%| O|  |TAMS 0x0000000701a00000, 0x0000000701800000| Untracked 
|  13|0x0000000701a00000, 0x0000000701c00000, 0x0000000701c00000|100%| O|  |TAMS 0x0000000701c00000, 0x0000000701a00000| Untracked 
|  14|0x0000000701c00000, 0x0000000701e00000, 0x0000000701e00000|100%| O|  |TAMS 0x0000000701e00000, 0x0000000701c00000| Untracked 
|  15|0x0000000701e00000, 0x0000000702000000, 0x0000000702000000|100%| O|  |TAMS 0x0000000702000000, 0x0000000701e00000| Untracked 
|  16|0x0000000702000000, 0x0000000702200000, 0x0000000702200000|100%| O|  |TAMS 0x0000000702200000, 0x0000000702000000| Untracked 
|  17|0x0000000702200000, 0x0000000702400000, 0x0000000702400000|100%| O|  |TAMS 0x0000000702400000, 0x0000000702200000| Untracked 
|  18|0x0000000702400000, 0x0000000702600000, 0x0000000702600000|100%| O|  |TAMS 0x0000000702600000, 0x0000000702400000| Untracked 
|  19|0x0000000702600000, 0x0000000702800000, 0x0000000702800000|100%| O|  |TAMS 0x0000000702800000, 0x0000000702600000| Untracked 
|  20|0x0000000702800000, 0x0000000702a00000, 0x0000000702a00000|100%| O|  |TAMS 0x0000000702a00000, 0x0000000702800000| Untracked 
|  21|0x0000000702a00000, 0x0000000702c00000, 0x0000000702c00000|100%| O|  |TAMS 0x0000000702c00000, 0x0000000702a00000| Untracked 
|  22|0x0000000702c00000, 0x0000000702e00000, 0x0000000702e00000|100%|HS|  |TAMS 0x0000000702e00000, 0x0000000702c00000| Complete 
|  23|0x0000000702e00000, 0x0000000703000000, 0x0000000703000000|100%| O|  |TAMS 0x0000000703000000, 0x0000000702e00000| Untracked 
|  24|0x0000000703000000, 0x0000000703200000, 0x0000000703200000|100%| O|  |TAMS 0x0000000703200000, 0x0000000703000000| Untracked 
|  25|0x0000000703200000, 0x0000000703400000, 0x0000000703400000|100%| O|  |TAMS 0x0000000703400000, 0x0000000703200000| Untracked 
|  26|0x0000000703400000, 0x0000000703600000, 0x0000000703600000|100%|HS|  |TAMS 0x0000000703600000, 0x0000000703400000| Complete 
|  27|0x0000000703600000, 0x0000000703800000, 0x0000000703800000|100%|HC|  |TAMS 0x0000000703800000, 0x0000000703600000| Complete 
|  28|0x0000000703800000, 0x0000000703a00000, 0x0000000703a00000|100%| O|  |TAMS 0x0000000703a00000, 0x0000000703800000| Untracked 
|  29|0x0000000703a00000, 0x0000000703c00000, 0x0000000703c00000|100%| O|  |TAMS 0x0000000703c00000, 0x0000000703a00000| Untracked 
|  30|0x0000000703c00000, 0x0000000703e00000, 0x0000000703e00000|100%| O|  |TAMS 0x0000000703e00000, 0x0000000703c00000| Untracked 
|  31|0x0000000703e00000, 0x0000000704000000, 0x0000000704000000|100%| O|  |TAMS 0x0000000704000000, 0x0000000703e00000| Untracked 
|  32|0x0000000704000000, 0x0000000704200000, 0x0000000704200000|100%| O|  |TAMS 0x0000000704200000, 0x0000000704000000| Untracked 
|  33|0x0000000704200000, 0x0000000704400000, 0x0000000704400000|100%| O|  |TAMS 0x0000000704400000, 0x0000000704200000| Untracked 
|  34|0x0000000704400000, 0x0000000704600000, 0x0000000704600000|100%| O|  |TAMS 0x0000000704600000, 0x0000000704400000| Untracked 
|  35|0x0000000704600000, 0x0000000704800000, 0x0000000704800000|100%| O|  |TAMS 0x0000000704800000, 0x0000000704600000| Untracked 
|  36|0x0000000704800000, 0x0000000704a00000, 0x0000000704a00000|100%| O|  |TAMS 0x0000000704a00000, 0x0000000704800000| Untracked 
|  37|0x0000000704a00000, 0x0000000704c00000, 0x0000000704c00000|100%| O|  |TAMS 0x0000000704c00000, 0x0000000704a00000| Untracked 
|  38|0x0000000704c00000, 0x0000000704e00000, 0x0000000704e00000|100%| O|  |TAMS 0x0000000704e00000, 0x0000000704c00000| Untracked 
|  39|0x0000000704e00000, 0x0000000705000000, 0x0000000705000000|100%| O|  |TAMS 0x0000000705000000, 0x0000000704e00000| Untracked 
|  40|0x0000000705000000, 0x0000000705200000, 0x0000000705200000|100%| O|  |TAMS 0x0000000705200000, 0x0000000705000000| Untracked 
|  41|0x0000000705200000, 0x0000000705400000, 0x0000000705400000|100%| O|  |TAMS 0x0000000705400000, 0x0000000705200000| Untracked 
|  42|0x0000000705400000, 0x0000000705600000, 0x0000000705600000|100%| O|  |TAMS 0x0000000705600000, 0x0000000705400000| Untracked 
|  43|0x0000000705600000, 0x0000000705800000, 0x0000000705800000|100%| O|  |TAMS 0x0000000705800000, 0x0000000705600000| Untracked 
|  44|0x0000000705800000, 0x0000000705a00000, 0x0000000705a00000|100%| O|  |TAMS 0x0000000705a00000, 0x0000000705800000| Untracked 
|  45|0x0000000705a00000, 0x0000000705c00000, 0x0000000705c00000|100%| O|  |TAMS 0x0000000705c00000, 0x0000000705a00000| Untracked 
|  46|0x0000000705c00000, 0x0000000705e00000, 0x0000000705e00000|100%| O|  |TAMS 0x0000000705e00000, 0x0000000705c00000| Untracked 
|  47|0x0000000705e00000, 0x0000000706000000, 0x0000000706000000|100%| O|  |TAMS 0x0000000706000000, 0x0000000705e00000| Untracked 
|  48|0x0000000706000000, 0x0000000706200000, 0x0000000706200000|100%| O|  |TAMS 0x0000000706200000, 0x0000000706000000| Untracked 
|  49|0x0000000706200000, 0x0000000706400000, 0x0000000706400000|100%| O|  |TAMS 0x0000000706400000, 0x0000000706200000| Untracked 
|  50|0x0000000706400000, 0x0000000706600000, 0x0000000706600000|100%| O|  |TAMS 0x0000000706600000, 0x0000000706400000| Untracked 
|  51|0x0000000706600000, 0x0000000706800000, 0x0000000706800000|100%| O|  |TAMS 0x0000000706800000, 0x0000000706600000| Untracked 
|  52|0x0000000706800000, 0x0000000706a00000, 0x0000000706a00000|100%| O|  |TAMS 0x0000000706a00000, 0x0000000706800000| Untracked 
|  53|0x0000000706a00000, 0x0000000706c00000, 0x0000000706c00000|100%| O|  |TAMS 0x0000000706c00000, 0x0000000706a00000| Untracked 
|  54|0x0000000706c00000, 0x0000000706e00000, 0x0000000706e00000|100%| O|  |TAMS 0x0000000706e00000, 0x0000000706c00000| Untracked 
|  55|0x0000000706e00000, 0x0000000707000000, 0x0000000707000000|100%| O|  |TAMS 0x0000000707000000, 0x0000000706e00000| Untracked 
|  56|0x0000000707000000, 0x0000000707200000, 0x0000000707200000|100%| O|  |TAMS 0x0000000707200000, 0x0000000707000000| Untracked 
|  57|0x0000000707200000, 0x0000000707400000, 0x0000000707400000|100%| O|  |TAMS 0x0000000707400000, 0x0000000707200000| Untracked 
|  58|0x0000000707400000, 0x0000000707600000, 0x0000000707600000|100%| O|  |TAMS 0x0000000707600000, 0x0000000707400000| Untracked 
|  59|0x0000000707600000, 0x0000000707800000, 0x0000000707800000|100%| O|  |TAMS 0x0000000707600000, 0x0000000707600000| Untracked 
|  60|0x0000000707800000, 0x0000000707a00000, 0x0000000707a00000|100%| O|  |TAMS 0x0000000707a00000, 0x0000000707800000| Untracked 
|  61|0x0000000707a00000, 0x0000000707c00000, 0x0000000707c00000|100%| O|  |TAMS 0x0000000707c00000, 0x0000000707a00000| Untracked 
|  62|0x0000000707c00000, 0x0000000707e00000, 0x0000000707e00000|100%| O|  |TAMS 0x0000000707e00000, 0x0000000707c00000| Untracked 
|  63|0x0000000707e00000, 0x0000000707f6fa00, 0x0000000708000000| 71%| O|  |TAMS 0x0000000707e00000, 0x0000000707e00000| Untracked 
|  64|0x0000000708000000, 0x0000000708200000, 0x0000000708200000|100%|HS|  |TAMS 0x0000000708200000, 0x0000000708000000| Complete 
|  65|0x0000000708200000, 0x0000000708400000, 0x0000000708400000|100%|HS|  |TAMS 0x0000000708400000, 0x0000000708200000| Complete 
|  66|0x0000000708400000, 0x0000000708600000, 0x0000000708600000|100%|HS|  |TAMS 0x0000000708600000, 0x0000000708400000| Complete 
|  67|0x0000000708600000, 0x0000000708800000, 0x0000000708800000|100%| O|  |TAMS 0x0000000708800000, 0x0000000708600000| Untracked 
|  68|0x0000000708800000, 0x0000000708a00000, 0x0000000708a00000|100%| O|  |TAMS 0x0000000708800000, 0x0000000708800000| Untracked 
|  69|0x0000000708a00000, 0x0000000708c00000, 0x0000000708c00000|100%|HS|  |TAMS 0x0000000708c00000, 0x0000000708a00000| Complete 
|  70|0x0000000708c00000, 0x0000000708e00000, 0x0000000708e00000|100%| O|  |TAMS 0x0000000708e00000, 0x0000000708c00000| Untracked 
|  71|0x0000000708e00000, 0x0000000709000000, 0x0000000709000000|100%| O|  |TAMS 0x0000000709000000, 0x0000000708e00000| Untracked 
|  72|0x0000000709000000, 0x0000000709200000, 0x0000000709200000|100%| O|  |TAMS 0x0000000709200000, 0x0000000709000000| Untracked 
|  73|0x0000000709200000, 0x0000000709400000, 0x0000000709400000|100%| O|  |TAMS 0x0000000709400000, 0x0000000709200000| Untracked 
|  74|0x0000000709400000, 0x0000000709600000, 0x0000000709600000|100%| O|  |TAMS 0x0000000709600000, 0x0000000709400000| Untracked 
|  75|0x0000000709600000, 0x0000000709800000, 0x0000000709800000|100%| O|  |TAMS 0x0000000709800000, 0x0000000709600000| Untracked 
|  76|0x0000000709800000, 0x0000000709a00000, 0x0000000709a00000|100%|HS|  |TAMS 0x0000000709a00000, 0x0000000709800000| Complete 
|  77|0x0000000709a00000, 0x0000000709c00000, 0x0000000709c00000|100%|HC|  |TAMS 0x0000000709c00000, 0x0000000709a00000| Complete 
|  78|0x0000000709c00000, 0x0000000709e00000, 0x0000000709e00000|100%|HS|  |TAMS 0x0000000709e00000, 0x0000000709c00000| Complete 
|  79|0x0000000709e00000, 0x000000070a000000, 0x000000070a000000|100%|HC|  |TAMS 0x000000070a000000, 0x0000000709e00000| Complete 
|  80|0x000000070a000000, 0x000000070a200000, 0x000000070a200000|100%| O|  |TAMS 0x000000070a200000, 0x000000070a000000| Untracked 
|  81|0x000000070a200000, 0x000000070a400000, 0x000000070a400000|100%|HS|  |TAMS 0x000000070a400000, 0x000000070a200000| Complete 
|  82|0x000000070a400000, 0x000000070a600000, 0x000000070a600000|100%| O|  |TAMS 0x000000070a600000, 0x000000070a400000| Untracked 
|  83|0x000000070a600000, 0x000000070a800000, 0x000000070a800000|100%|HS|  |TAMS 0x000000070a800000, 0x000000070a600000| Complete 
|  84|0x000000070a800000, 0x000000070aa00000, 0x000000070aa00000|100%| O|  |TAMS 0x000000070aa00000, 0x000000070a800000| Untracked 
|  85|0x000000070aa00000, 0x000000070ac00000, 0x000000070ac00000|100%|HS|  |TAMS 0x000000070ac00000, 0x000000070aa00000| Complete 
|  86|0x000000070ac00000, 0x000000070ae00000, 0x000000070ae00000|100%|HS|  |TAMS 0x000000070ae00000, 0x000000070ac00000| Complete 
|  87|0x000000070ae00000, 0x000000070b000000, 0x000000070b000000|100%|HC|  |TAMS 0x000000070b000000, 0x000000070ae00000| Complete 
|  88|0x000000070b000000, 0x000000070b200000, 0x000000070b200000|100%| O|  |TAMS 0x000000070b200000, 0x000000070b000000| Untracked 
|  89|0x000000070b200000, 0x000000070b400000, 0x000000070b400000|100%|HS|  |TAMS 0x000000070b400000, 0x000000070b200000| Complete 
|  90|0x000000070b400000, 0x000000070b600000, 0x000000070b600000|100%|HC|  |TAMS 0x000000070b600000, 0x000000070b400000| Complete 
|  91|0x000000070b600000, 0x000000070b800000, 0x000000070b800000|100%| O|  |TAMS 0x000000070b600000, 0x000000070b600000| Untracked 
|  92|0x000000070b800000, 0x000000070ba00000, 0x000000070ba00000|100%| O|  |TAMS 0x000000070b800000, 0x000000070b800000| Untracked 
|  93|0x000000070ba00000, 0x000000070bc00000, 0x000000070bc00000|100%| O|  |TAMS 0x000000070ba00000, 0x000000070ba00000| Untracked 
|  94|0x000000070bc00000, 0x000000070be00000, 0x000000070be00000|100%| O|  |TAMS 0x000000070be00000, 0x000000070bc00000| Untracked 
|  95|0x000000070be00000, 0x000000070c000000, 0x000000070c000000|100%| O|  |TAMS 0x000000070c000000, 0x000000070be00000| Untracked 
|  96|0x000000070c000000, 0x000000070c200000, 0x000000070c200000|100%| O|  |TAMS 0x000000070c200000, 0x000000070c000000| Untracked 
|  97|0x000000070c200000, 0x000000070c400000, 0x000000070c400000|100%| O|  |TAMS 0x000000070c400000, 0x000000070c200000| Untracked 
|  98|0x000000070c400000, 0x000000070c600000, 0x000000070c600000|100%| O|  |TAMS 0x000000070c600000, 0x000000070c400000| Untracked 
|  99|0x000000070c600000, 0x000000070c800000, 0x000000070c800000|100%| O|  |TAMS 0x000000070c800000, 0x000000070c600000| Untracked 
| 100|0x000000070c800000, 0x000000070ca00000, 0x000000070ca00000|100%| O|  |TAMS 0x000000070ca00000, 0x000000070c800000| Untracked 
| 101|0x000000070ca00000, 0x000000070cc00000, 0x000000070cc00000|100%| O|  |TAMS 0x000000070cc00000, 0x000000070ca00000| Untracked 
| 102|0x000000070cc00000, 0x000000070ce00000, 0x000000070ce00000|100%| O|  |TAMS 0x000000070ce00000, 0x000000070cc00000| Untracked 
| 103|0x000000070ce00000, 0x000000070d000000, 0x000000070d000000|100%| O|  |TAMS 0x000000070d000000, 0x000000070ce00000| Untracked 
| 104|0x000000070d000000, 0x000000070d200000, 0x000000070d200000|100%| O|  |TAMS 0x000000070d200000, 0x000000070d000000| Untracked 
| 105|0x000000070d200000, 0x000000070d400000, 0x000000070d400000|100%| O|  |TAMS 0x000000070d400000, 0x000000070d200000| Untracked 
| 106|0x000000070d400000, 0x000000070d600000, 0x000000070d600000|100%| O|  |TAMS 0x000000070d600000, 0x000000070d400000| Untracked 
| 107|0x000000070d600000, 0x000000070d800000, 0x000000070d800000|100%| O|  |TAMS 0x000000070d800000, 0x000000070d600000| Untracked 
| 108|0x000000070d800000, 0x000000070da00000, 0x000000070da00000|100%| O|  |TAMS 0x000000070da00000, 0x000000070d800000| Untracked 
| 109|0x000000070da00000, 0x000000070dc00000, 0x000000070dc00000|100%| O|  |TAMS 0x000000070dc00000, 0x000000070da00000| Untracked 
| 110|0x000000070dc00000, 0x000000070de00000, 0x000000070de00000|100%| O|  |TAMS 0x000000070de00000, 0x000000070dc00000| Untracked 
| 111|0x000000070de00000, 0x000000070e000000, 0x000000070e000000|100%| O|  |TAMS 0x000000070e000000, 0x000000070de00000| Untracked 
| 112|0x000000070e000000, 0x000000070e200000, 0x000000070e200000|100%| O|  |TAMS 0x000000070e200000, 0x000000070e000000| Untracked 
| 113|0x000000070e200000, 0x000000070e400000, 0x000000070e400000|100%| O|  |TAMS 0x000000070e400000, 0x000000070e200000| Untracked 
| 114|0x000000070e400000, 0x000000070e600000, 0x000000070e600000|100%| O|  |TAMS 0x000000070e600000, 0x000000070e400000| Untracked 
| 115|0x000000070e600000, 0x000000070e800000, 0x000000070e800000|100%| O|  |TAMS 0x000000070e800000, 0x000000070e600000| Untracked 
| 116|0x000000070e800000, 0x000000070ea00000, 0x000000070ea00000|100%| O|  |TAMS 0x000000070ea00000, 0x000000070e800000| Untracked 
| 117|0x000000070ea00000, 0x000000070ec00000, 0x000000070ec00000|100%| O|  |TAMS 0x000000070ea00000, 0x000000070ea00000| Untracked 
| 118|0x000000070ec00000, 0x000000070ee00000, 0x000000070ee00000|100%| O|  |TAMS 0x000000070ec00000, 0x000000070ec00000| Untracked 
| 119|0x000000070ee00000, 0x000000070f000000, 0x000000070f000000|100%| O|  |TAMS 0x000000070ee00000, 0x000000070ee00000| Untracked 
| 120|0x000000070f000000, 0x000000070f200000, 0x000000070f200000|100%| O|  |TAMS 0x000000070f000000, 0x000000070f000000| Untracked 
| 121|0x000000070f200000, 0x000000070f400000, 0x000000070f400000|100%| O|  |TAMS 0x000000070f200000, 0x000000070f200000| Untracked 
| 122|0x000000070f400000, 0x000000070f600000, 0x000000070f600000|100%| O|  |TAMS 0x000000070f400000, 0x000000070f400000| Untracked 
| 123|0x000000070f600000, 0x000000070f800000, 0x000000070f800000|100%| O|  |TAMS 0x000000070f600000, 0x000000070f600000| Untracked 
| 124|0x000000070f800000, 0x000000070fa00000, 0x000000070fa00000|100%| O|  |TAMS 0x000000070f800000, 0x000000070f800000| Untracked 
| 125|0x000000070fa00000, 0x000000070fc00000, 0x000000070fc00000|100%| O|  |TAMS 0x000000070fa00000, 0x000000070fa00000| Untracked 
| 126|0x000000070fc00000, 0x000000070fe00000, 0x000000070fe00000|100%| O|  |TAMS 0x000000070fe00000, 0x000000070fc00000| Untracked 
| 127|0x000000070fe00000, 0x000000070fe00000, 0x0000000710000000|  0%| F|  |TAMS 0x000000070fe00000, 0x000000070fe00000| Untracked 
| 128|0x0000000710000000, 0x0000000710200000, 0x0000000710200000|100%| O|  |TAMS 0x0000000710200000, 0x0000000710000000| Untracked 
| 129|0x0000000710200000, 0x0000000710400000, 0x0000000710400000|100%| O|  |TAMS 0x0000000710400000, 0x0000000710200000| Untracked 
| 130|0x0000000710400000, 0x0000000710600000, 0x0000000710600000|100%| O|  |TAMS 0x0000000710600000, 0x0000000710400000| Untracked 
| 131|0x0000000710600000, 0x0000000710800000, 0x0000000710800000|100%| O|  |TAMS 0x0000000710800000, 0x0000000710600000| Untracked 
| 132|0x0000000710800000, 0x0000000710a00000, 0x0000000710a00000|100%|HS|  |TAMS 0x0000000710800000, 0x0000000710800000| Complete 
| 133|0x0000000710a00000, 0x0000000710c00000, 0x0000000710c00000|100%| O|  |TAMS 0x0000000710a00000, 0x0000000710a00000| Untracked 
| 134|0x0000000710c00000, 0x0000000710e00000, 0x0000000710e00000|100%| O|  |TAMS 0x0000000710c00000, 0x0000000710c00000| Untracked 
| 135|0x0000000710e00000, 0x0000000711000000, 0x0000000711000000|100%| O|  |TAMS 0x0000000710e00000, 0x0000000710e00000| Untracked 
| 136|0x0000000711000000, 0x0000000711200000, 0x0000000711200000|100%| O|  |TAMS 0x0000000711000000, 0x0000000711000000| Untracked 
| 137|0x0000000711200000, 0x0000000711400000, 0x0000000711400000|100%|HS|  |TAMS 0x0000000711200000, 0x0000000711200000| Complete 
| 138|0x0000000711400000, 0x0000000711600000, 0x0000000711600000|100%| O|  |TAMS 0x0000000711400000, 0x0000000711400000| Untracked 
| 139|0x0000000711600000, 0x0000000711800000, 0x0000000711800000|100%| O|  |TAMS 0x0000000711600000, 0x0000000711600000| Untracked 
| 140|0x0000000711800000, 0x0000000711a00000, 0x0000000711a00000|100%| O|  |TAMS 0x0000000711800000, 0x0000000711800000| Untracked 
| 141|0x0000000711a00000, 0x0000000711c00000, 0x0000000711c00000|100%| O|  |TAMS 0x0000000711a00000, 0x0000000711a00000| Untracked 
| 142|0x0000000711c00000, 0x0000000711e00000, 0x0000000711e00000|100%| O|  |TAMS 0x0000000711c00000, 0x0000000711c00000| Untracked 
| 143|0x0000000711e00000, 0x0000000712000000, 0x0000000712000000|100%| O|  |TAMS 0x0000000711e00000, 0x0000000711e00000| Untracked 
| 144|0x0000000712000000, 0x0000000712200000, 0x0000000712200000|100%| O|  |TAMS 0x0000000712000000, 0x0000000712000000| Untracked 
| 145|0x0000000712200000, 0x0000000712400000, 0x0000000712400000|100%| O|  |TAMS 0x0000000712200000, 0x0000000712200000| Untracked 
| 146|0x0000000712400000, 0x0000000712600000, 0x0000000712600000|100%| O|  |TAMS 0x0000000712400000, 0x0000000712400000| Untracked 
| 147|0x0000000712600000, 0x0000000712800000, 0x0000000712800000|100%| O|  |TAMS 0x0000000712600000, 0x0000000712600000| Untracked 
| 148|0x0000000712800000, 0x0000000712a00000, 0x0000000712a00000|100%| O|  |TAMS 0x0000000712800000, 0x0000000712800000| Untracked 
| 149|0x0000000712a00000, 0x0000000712a00000, 0x0000000712c00000|  0%| F|  |TAMS 0x0000000712a00000, 0x0000000712a00000| Untracked 
| 150|0x0000000712c00000, 0x0000000712c00000, 0x0000000712e00000|  0%| F|  |TAMS 0x0000000712c00000, 0x0000000712c00000| Untracked 
| 151|0x0000000712e00000, 0x0000000712e00000, 0x0000000713000000|  0%| F|  |TAMS 0x0000000712e00000, 0x0000000712e00000| Untracked 
| 152|0x0000000713000000, 0x0000000713000000, 0x0000000713200000|  0%| F|  |TAMS 0x0000000713000000, 0x0000000713000000| Untracked 
| 153|0x0000000713200000, 0x0000000713200000, 0x0000000713400000|  0%| F|  |TAMS 0x0000000713200000, 0x0000000713200000| Untracked 
| 154|0x0000000713400000, 0x0000000713400000, 0x0000000713600000|  0%| F|  |TAMS 0x0000000713400000, 0x0000000713400000| Untracked 
| 155|0x0000000713600000, 0x0000000713600000, 0x0000000713800000|  0%| F|  |TAMS 0x0000000713600000, 0x0000000713600000| Untracked 
| 156|0x0000000713800000, 0x0000000713800000, 0x0000000713a00000|  0%| F|  |TAMS 0x0000000713800000, 0x0000000713800000| Untracked 
| 157|0x0000000713a00000, 0x0000000713a00000, 0x0000000713c00000|  0%| F|  |TAMS 0x0000000713a00000, 0x0000000713a00000| Untracked 
| 158|0x0000000713c00000, 0x0000000713c00000, 0x0000000713e00000|  0%| F|  |TAMS 0x0000000713c00000, 0x0000000713c00000| Untracked 
| 159|0x0000000713e00000, 0x0000000713e00000, 0x0000000714000000|  0%| F|  |TAMS 0x0000000713e00000, 0x0000000713e00000| Untracked 
| 160|0x0000000714000000, 0x0000000714000000, 0x0000000714200000|  0%| F|  |TAMS 0x0000000714000000, 0x0000000714000000| Untracked 
| 161|0x0000000714200000, 0x0000000714200000, 0x0000000714400000|  0%| F|  |TAMS 0x0000000714200000, 0x0000000714200000| Untracked 
| 162|0x0000000714400000, 0x0000000714400000, 0x0000000714600000|  0%| F|  |TAMS 0x0000000714400000, 0x0000000714400000| Untracked 
| 163|0x0000000714600000, 0x0000000714600000, 0x0000000714800000|  0%| F|  |TAMS 0x0000000714600000, 0x0000000714600000| Untracked 
| 164|0x0000000714800000, 0x0000000714800000, 0x0000000714a00000|  0%| F|  |TAMS 0x0000000714800000, 0x0000000714800000| Untracked 
| 165|0x0000000714a00000, 0x0000000714a00000, 0x0000000714c00000|  0%| F|  |TAMS 0x0000000714a00000, 0x0000000714a00000| Untracked 
| 166|0x0000000714c00000, 0x0000000714c00000, 0x0000000714e00000|  0%| F|  |TAMS 0x0000000714c00000, 0x0000000714c00000| Untracked 
| 167|0x0000000714e00000, 0x0000000714e00000, 0x0000000715000000|  0%| F|  |TAMS 0x0000000714e00000, 0x0000000714e00000| Untracked 
| 168|0x0000000715000000, 0x0000000715000000, 0x0000000715200000|  0%| F|  |TAMS 0x0000000715000000, 0x0000000715000000| Untracked 
| 169|0x0000000715200000, 0x0000000715200000, 0x0000000715400000|  0%| F|  |TAMS 0x0000000715200000, 0x0000000715200000| Untracked 
| 170|0x0000000715400000, 0x0000000715400000, 0x0000000715600000|  0%| F|  |TAMS 0x0000000715400000, 0x0000000715400000| Untracked 
| 171|0x0000000715600000, 0x0000000715600000, 0x0000000715800000|  0%| F|  |TAMS 0x0000000715600000, 0x0000000715600000| Untracked 
| 172|0x0000000715800000, 0x0000000715800000, 0x0000000715a00000|  0%| F|  |TAMS 0x0000000715800000, 0x0000000715800000| Untracked 
| 173|0x0000000715a00000, 0x0000000715a00000, 0x0000000715c00000|  0%| F|  |TAMS 0x0000000715a00000, 0x0000000715a00000| Untracked 
| 174|0x0000000715c00000, 0x0000000715c00000, 0x0000000715e00000|  0%| F|  |TAMS 0x0000000715c00000, 0x0000000715c00000| Untracked 
| 175|0x0000000715e00000, 0x0000000715e00000, 0x0000000716000000|  0%| F|  |TAMS 0x0000000715e00000, 0x0000000715e00000| Untracked 
| 176|0x0000000716000000, 0x0000000716000000, 0x0000000716200000|  0%| F|  |TAMS 0x0000000716000000, 0x0000000716000000| Untracked 
| 177|0x0000000716200000, 0x0000000716200000, 0x0000000716400000|  0%| F|  |TAMS 0x0000000716200000, 0x0000000716200000| Untracked 
| 178|0x0000000716400000, 0x0000000716400000, 0x0000000716600000|  0%| F|  |TAMS 0x0000000716400000, 0x0000000716400000| Untracked 
| 179|0x0000000716600000, 0x0000000716600000, 0x0000000716800000|  0%| F|  |TAMS 0x0000000716600000, 0x0000000716600000| Untracked 
| 180|0x0000000716800000, 0x0000000716800000, 0x0000000716a00000|  0%| F|  |TAMS 0x0000000716800000, 0x0000000716800000| Untracked 
| 181|0x0000000716a00000, 0x0000000716a00000, 0x0000000716c00000|  0%| F|  |TAMS 0x0000000716a00000, 0x0000000716a00000| Untracked 
| 182|0x0000000716c00000, 0x0000000716c00000, 0x0000000716e00000|  0%| F|  |TAMS 0x0000000716c00000, 0x0000000716c00000| Untracked 
| 183|0x0000000716e00000, 0x0000000716e00000, 0x0000000717000000|  0%| F|  |TAMS 0x0000000716e00000, 0x0000000716e00000| Untracked 
| 184|0x0000000717000000, 0x0000000717000000, 0x0000000717200000|  0%| F|  |TAMS 0x0000000717000000, 0x0000000717000000| Untracked 
| 185|0x0000000717200000, 0x0000000717200000, 0x0000000717400000|  0%| F|  |TAMS 0x0000000717200000, 0x0000000717200000| Untracked 
| 186|0x0000000717400000, 0x0000000717400000, 0x0000000717600000|  0%| F|  |TAMS 0x0000000717400000, 0x0000000717400000| Untracked 
| 187|0x0000000717600000, 0x0000000717600000, 0x0000000717800000|  0%| F|  |TAMS 0x0000000717600000, 0x0000000717600000| Untracked 
| 188|0x0000000717800000, 0x0000000717800000, 0x0000000717a00000|  0%| F|  |TAMS 0x0000000717800000, 0x0000000717800000| Untracked 
| 189|0x0000000717a00000, 0x0000000717a00000, 0x0000000717c00000|  0%| F|  |TAMS 0x0000000717a00000, 0x0000000717a00000| Untracked 
| 190|0x0000000717c00000, 0x0000000717c00000, 0x0000000717e00000|  0%| F|  |TAMS 0x0000000717c00000, 0x0000000717c00000| Untracked 
| 191|0x0000000717e00000, 0x0000000717e00000, 0x0000000718000000|  0%| F|  |TAMS 0x0000000717e00000, 0x0000000717e00000| Untracked 
| 192|0x0000000718000000, 0x0000000718000000, 0x0000000718200000|  0%| F|  |TAMS 0x0000000718000000, 0x0000000718000000| Untracked 
| 193|0x0000000718200000, 0x0000000718200000, 0x0000000718400000|  0%| F|  |TAMS 0x0000000718200000, 0x0000000718200000| Untracked 
| 194|0x0000000718400000, 0x0000000718400000, 0x0000000718600000|  0%| F|  |TAMS 0x0000000718400000, 0x0000000718400000| Untracked 
| 195|0x0000000718600000, 0x0000000718600000, 0x0000000718800000|  0%| F|  |TAMS 0x0000000718600000, 0x0000000718600000| Untracked 
| 196|0x0000000718800000, 0x0000000718800000, 0x0000000718a00000|  0%| F|  |TAMS 0x0000000718800000, 0x0000000718800000| Untracked 
| 197|0x0000000718a00000, 0x0000000718a00000, 0x0000000718c00000|  0%| F|  |TAMS 0x0000000718a00000, 0x0000000718a00000| Untracked 
| 198|0x0000000718c00000, 0x0000000718c00000, 0x0000000718e00000|  0%| F|  |TAMS 0x0000000718c00000, 0x0000000718c00000| Untracked 
| 199|0x0000000718e00000, 0x0000000718e00000, 0x0000000719000000|  0%| F|  |TAMS 0x0000000718e00000, 0x0000000718e00000| Untracked 
| 200|0x0000000719000000, 0x0000000719000000, 0x0000000719200000|  0%| F|  |TAMS 0x0000000719000000, 0x0000000719000000| Untracked 
| 201|0x0000000719200000, 0x0000000719200000, 0x0000000719400000|  0%| F|  |TAMS 0x0000000719200000, 0x0000000719200000| Untracked 
| 202|0x0000000719400000, 0x0000000719400000, 0x0000000719600000|  0%| F|  |TAMS 0x0000000719400000, 0x0000000719400000| Untracked 
| 203|0x0000000719600000, 0x0000000719600000, 0x0000000719800000|  0%| F|  |TAMS 0x0000000719600000, 0x0000000719600000| Untracked 
| 204|0x0000000719800000, 0x0000000719800000, 0x0000000719a00000|  0%| F|  |TAMS 0x0000000719800000, 0x0000000719800000| Untracked 
| 205|0x0000000719a00000, 0x0000000719a00000, 0x0000000719c00000|  0%| F|  |TAMS 0x0000000719a00000, 0x0000000719a00000| Untracked 
| 206|0x0000000719c00000, 0x0000000719c00000, 0x0000000719e00000|  0%| F|  |TAMS 0x0000000719c00000, 0x0000000719c00000| Untracked 
| 207|0x0000000719e00000, 0x0000000719e00000, 0x000000071a000000|  0%| F|  |TAMS 0x0000000719e00000, 0x0000000719e00000| Untracked 
| 208|0x000000071a000000, 0x000000071a200000, 0x000000071a200000|100%| S|CS|TAMS 0x000000071a000000, 0x000000071a000000| Complete 
| 209|0x000000071a200000, 0x000000071a400000, 0x000000071a400000|100%| S|CS|TAMS 0x000000071a200000, 0x000000071a200000| Complete 
| 210|0x000000071a400000, 0x000000071a600000, 0x000000071a600000|100%| S|CS|TAMS 0x000000071a400000, 0x000000071a400000| Complete 
| 211|0x000000071a600000, 0x000000071a800000, 0x000000071a800000|100%| S|CS|TAMS 0x000000071a600000, 0x000000071a600000| Complete 
| 212|0x000000071a800000, 0x000000071aa00000, 0x000000071aa00000|100%| S|CS|TAMS 0x000000071a800000, 0x000000071a800000| Complete 
| 213|0x000000071aa00000, 0x000000071ac00000, 0x000000071ac00000|100%| S|CS|TAMS 0x000000071aa00000, 0x000000071aa00000| Complete 
| 214|0x000000071ac00000, 0x000000071ae00000, 0x000000071ae00000|100%| S|CS|TAMS 0x000000071ac00000, 0x000000071ac00000| Complete 
| 215|0x000000071ae00000, 0x000000071ae00000, 0x000000071b000000|  0%| F|  |TAMS 0x000000071ae00000, 0x000000071ae00000| Untracked 
| 216|0x000000071b000000, 0x000000071b000000, 0x000000071b200000|  0%| F|  |TAMS 0x000000071b000000, 0x000000071b000000| Untracked 
| 217|0x000000071b200000, 0x000000071b200000, 0x000000071b400000|  0%| F|  |TAMS 0x000000071b200000, 0x000000071b200000| Untracked 
| 218|0x000000071b400000, 0x000000071b400000, 0x000000071b600000|  0%| F|  |TAMS 0x000000071b400000, 0x000000071b400000| Untracked 
| 219|0x000000071b600000, 0x000000071b600000, 0x000000071b800000|  0%| F|  |TAMS 0x000000071b600000, 0x000000071b600000| Untracked 
| 220|0x000000071b800000, 0x000000071b800000, 0x000000071ba00000|  0%| F|  |TAMS 0x000000071b800000, 0x000000071b800000| Untracked 
| 221|0x000000071ba00000, 0x000000071ba00000, 0x000000071bc00000|  0%| F|  |TAMS 0x000000071ba00000, 0x000000071ba00000| Untracked 
| 222|0x000000071bc00000, 0x000000071bc00000, 0x000000071be00000|  0%| F|  |TAMS 0x000000071bc00000, 0x000000071bc00000| Untracked 
| 223|0x000000071be00000, 0x000000071be00000, 0x000000071c000000|  0%| F|  |TAMS 0x000000071be00000, 0x000000071be00000| Untracked 
| 224|0x000000071c000000, 0x000000071c000000, 0x000000071c200000|  0%| F|  |TAMS 0x000000071c000000, 0x000000071c000000| Untracked 
| 225|0x000000071c200000, 0x000000071c200000, 0x000000071c400000|  0%| F|  |TAMS 0x000000071c200000, 0x000000071c200000| Untracked 
| 226|0x000000071c400000, 0x000000071c400000, 0x000000071c600000|  0%| F|  |TAMS 0x000000071c400000, 0x000000071c400000| Untracked 
| 227|0x000000071c600000, 0x000000071c600000, 0x000000071c800000|  0%| F|  |TAMS 0x000000071c600000, 0x000000071c600000| Untracked 
| 228|0x000000071c800000, 0x000000071c800000, 0x000000071ca00000|  0%| F|  |TAMS 0x000000071c800000, 0x000000071c800000| Untracked 
| 229|0x000000071ca00000, 0x000000071ca00000, 0x000000071cc00000|  0%| F|  |TAMS 0x000000071ca00000, 0x000000071ca00000| Untracked 
| 230|0x000000071cc00000, 0x000000071cc00000, 0x000000071ce00000|  0%| F|  |TAMS 0x000000071cc00000, 0x000000071cc00000| Untracked 
| 231|0x000000071ce00000, 0x000000071ce00000, 0x000000071d000000|  0%| F|  |TAMS 0x000000071ce00000, 0x000000071ce00000| Untracked 
| 232|0x000000071d000000, 0x000000071d000000, 0x000000071d200000|  0%| F|  |TAMS 0x000000071d000000, 0x000000071d000000| Untracked 
| 233|0x000000071d200000, 0x000000071d200000, 0x000000071d400000|  0%| F|  |TAMS 0x000000071d200000, 0x000000071d200000| Untracked 
| 234|0x000000071d400000, 0x000000071d400000, 0x000000071d600000|  0%| F|  |TAMS 0x000000071d400000, 0x000000071d400000| Untracked 
| 235|0x000000071d600000, 0x000000071d600000, 0x000000071d800000|  0%| F|  |TAMS 0x000000071d600000, 0x000000071d600000| Untracked 
| 236|0x000000071d800000, 0x000000071d800000, 0x000000071da00000|  0%| F|  |TAMS 0x000000071d800000, 0x000000071d800000| Untracked 
| 237|0x000000071da00000, 0x000000071da00000, 0x000000071dc00000|  0%| F|  |TAMS 0x000000071da00000, 0x000000071da00000| Untracked 
| 238|0x000000071dc00000, 0x000000071dc00000, 0x000000071de00000|  0%| F|  |TAMS 0x000000071dc00000, 0x000000071dc00000| Untracked 
| 239|0x000000071de00000, 0x000000071de00000, 0x000000071e000000|  0%| F|  |TAMS 0x000000071de00000, 0x000000071de00000| Untracked 
| 240|0x000000071e000000, 0x000000071e000000, 0x000000071e200000|  0%| F|  |TAMS 0x000000071e000000, 0x000000071e000000| Untracked 
| 241|0x000000071e200000, 0x000000071e200000, 0x000000071e400000|  0%| F|  |TAMS 0x000000071e200000, 0x000000071e200000| Untracked 
| 242|0x000000071e400000, 0x000000071e400000, 0x000000071e600000|  0%| F|  |TAMS 0x000000071e400000, 0x000000071e400000| Untracked 
| 243|0x000000071e600000, 0x000000071e600000, 0x000000071e800000|  0%| F|  |TAMS 0x000000071e600000, 0x000000071e600000| Untracked 
| 244|0x000000071e800000, 0x000000071e800000, 0x000000071ea00000|  0%| F|  |TAMS 0x000000071e800000, 0x000000071e800000| Untracked 
| 245|0x000000071ea00000, 0x000000071ea00000, 0x000000071ec00000|  0%| F|  |TAMS 0x000000071ea00000, 0x000000071ea00000| Untracked 
| 246|0x000000071ec00000, 0x000000071ec00000, 0x000000071ee00000|  0%| F|  |TAMS 0x000000071ec00000, 0x000000071ec00000| Untracked 
| 247|0x000000071ee00000, 0x000000071ee00000, 0x000000071f000000|  0%| F|  |TAMS 0x000000071ee00000, 0x000000071ee00000| Untracked 
| 248|0x000000071f000000, 0x000000071f000000, 0x000000071f200000|  0%| F|  |TAMS 0x000000071f000000, 0x000000071f000000| Untracked 
| 249|0x000000071f200000, 0x000000071f200000, 0x000000071f400000|  0%| F|  |TAMS 0x000000071f200000, 0x000000071f200000| Untracked 
| 250|0x000000071f400000, 0x000000071f400000, 0x000000071f600000|  0%| F|  |TAMS 0x000000071f400000, 0x000000071f400000| Untracked 
| 251|0x000000071f600000, 0x000000071f600000, 0x000000071f800000|  0%| F|  |TAMS 0x000000071f600000, 0x000000071f600000| Untracked 
| 252|0x000000071f800000, 0x000000071f800000, 0x000000071fa00000|  0%| F|  |TAMS 0x000000071f800000, 0x000000071f800000| Untracked 
| 253|0x000000071fa00000, 0x000000071fa00000, 0x000000071fc00000|  0%| F|  |TAMS 0x000000071fa00000, 0x000000071fa00000| Untracked 
| 254|0x000000071fc00000, 0x000000071fc00000, 0x000000071fe00000|  0%| F|  |TAMS 0x000000071fc00000, 0x000000071fc00000| Untracked 
| 255|0x000000071fe00000, 0x000000071fe00000, 0x0000000720000000|  0%| F|  |TAMS 0x000000071fe00000, 0x000000071fe00000| Untracked 
| 256|0x0000000720000000, 0x0000000720000000, 0x0000000720200000|  0%| F|  |TAMS 0x0000000720000000, 0x0000000720000000| Untracked 
| 257|0x0000000720200000, 0x0000000720200000, 0x0000000720400000|  0%| F|  |TAMS 0x0000000720200000, 0x0000000720200000| Untracked 
| 258|0x0000000720400000, 0x0000000720400000, 0x0000000720600000|  0%| F|  |TAMS 0x0000000720400000, 0x0000000720400000| Untracked 
| 259|0x0000000720600000, 0x0000000720600000, 0x0000000720800000|  0%| F|  |TAMS 0x0000000720600000, 0x0000000720600000| Untracked 
| 260|0x0000000720800000, 0x0000000720800000, 0x0000000720a00000|  0%| F|  |TAMS 0x0000000720800000, 0x0000000720800000| Untracked 
| 261|0x0000000720a00000, 0x0000000720a00000, 0x0000000720c00000|  0%| F|  |TAMS 0x0000000720a00000, 0x0000000720a00000| Untracked 
| 262|0x0000000720c00000, 0x0000000720c00000, 0x0000000720e00000|  0%| F|  |TAMS 0x0000000720c00000, 0x0000000720c00000| Untracked 
| 263|0x0000000720e00000, 0x0000000720e00000, 0x0000000721000000|  0%| F|  |TAMS 0x0000000720e00000, 0x0000000720e00000| Untracked 
| 264|0x0000000721000000, 0x0000000721000000, 0x0000000721200000|  0%| F|  |TAMS 0x0000000721000000, 0x0000000721000000| Untracked 
| 265|0x0000000721200000, 0x0000000721200000, 0x0000000721400000|  0%| F|  |TAMS 0x0000000721200000, 0x0000000721200000| Untracked 
| 266|0x0000000721400000, 0x0000000721400000, 0x0000000721600000|  0%| F|  |TAMS 0x0000000721400000, 0x0000000721400000| Untracked 
| 267|0x0000000721600000, 0x0000000721600000, 0x0000000721800000|  0%| F|  |TAMS 0x0000000721600000, 0x0000000721600000| Untracked 
| 268|0x0000000721800000, 0x0000000721800000, 0x0000000721a00000|  0%| F|  |TAMS 0x0000000721800000, 0x0000000721800000| Untracked 
| 269|0x0000000721a00000, 0x0000000721a00000, 0x0000000721c00000|  0%| F|  |TAMS 0x0000000721a00000, 0x0000000721a00000| Untracked 
| 270|0x0000000721c00000, 0x0000000721c00000, 0x0000000721e00000|  0%| F|  |TAMS 0x0000000721c00000, 0x0000000721c00000| Untracked 
| 271|0x0000000721e00000, 0x0000000721e00000, 0x0000000722000000|  0%| F|  |TAMS 0x0000000721e00000, 0x0000000721e00000| Untracked 
| 272|0x0000000722000000, 0x0000000722000000, 0x0000000722200000|  0%| F|  |TAMS 0x0000000722000000, 0x0000000722000000| Untracked 
| 273|0x0000000722200000, 0x0000000722200000, 0x0000000722400000|  0%| F|  |TAMS 0x0000000722200000, 0x0000000722200000| Untracked 
| 274|0x0000000722400000, 0x0000000722400000, 0x0000000722600000|  0%| F|  |TAMS 0x0000000722400000, 0x0000000722400000| Untracked 
| 275|0x0000000722600000, 0x0000000722600000, 0x0000000722800000|  0%| F|  |TAMS 0x0000000722600000, 0x0000000722600000| Untracked 
| 276|0x0000000722800000, 0x0000000722800000, 0x0000000722a00000|  0%| F|  |TAMS 0x0000000722800000, 0x0000000722800000| Untracked 
| 277|0x0000000722a00000, 0x0000000722a00000, 0x0000000722c00000|  0%| F|  |TAMS 0x0000000722a00000, 0x0000000722a00000| Untracked 
| 278|0x0000000722c00000, 0x0000000722c00000, 0x0000000722e00000|  0%| F|  |TAMS 0x0000000722c00000, 0x0000000722c00000| Untracked 
|2036|0x00000007fe800000, 0x00000007fea00000, 0x00000007fea00000|100%| O|  |TAMS 0x00000007fe89b200, 0x00000007fe800000| Untracked 
|2037|0x00000007fea00000, 0x00000007fec00000, 0x00000007fec00000|100%| O|  |TAMS 0x00000007fec00000, 0x00000007fea00000| Untracked 
|2038|0x00000007fec00000, 0x00000007fee00000, 0x00000007fee00000|100%| O|  |TAMS 0x00000007fee00000, 0x00000007fec00000| Untracked 
|2039|0x00000007fee00000, 0x00000007ff000000, 0x00000007ff000000|100%| O|  |TAMS 0x00000007ff000000, 0x00000007fee00000| Untracked 
|2040|0x00000007ff000000, 0x00000007ff200000, 0x00000007ff200000|100%| O|  |TAMS 0x00000007ff200000, 0x00000007ff000000| Untracked 
|2041|0x00000007ff200000, 0x00000007ff400000, 0x00000007ff400000|100%| O|  |TAMS 0x00000007ff400000, 0x00000007ff200000| Untracked 
|2042|0x00000007ff400000, 0x00000007ff600000, 0x00000007ff600000|100%| O|  |TAMS 0x00000007ff600000, 0x00000007ff400000| Untracked 
|2043|0x00000007ff600000, 0x00000007ff800000, 0x00000007ff800000|100%| O|  |TAMS 0x00000007ff800000, 0x00000007ff600000| Untracked 
|2044|0x00000007ff800000, 0x00000007ffa00000, 0x00000007ffa00000|100%| O|  |TAMS 0x00000007ffa00000, 0x00000007ff800000| Untracked 
|2045|0x00000007ffa00000, 0x00000007ffc00000, 0x00000007ffc00000|100%| O|  |TAMS 0x00000007ffc00000, 0x00000007ffa00000| Untracked 
|2046|0x00000007ffc00000, 0x00000007ffe00000, 0x00000007ffe00000|100%| O|  |TAMS 0x00000007ffe00000, 0x00000007ffc00000| Untracked 
|2047|0x00000007ffe00000, 0x0000000800000000, 0x0000000800000000|100%| O|  |TAMS 0x0000000800000000, 0x00000007ffe00000| Untracked 

Card table byte_map: [0x0000022056b90000,0x0000022057390000] _byte_map_base: 0x0000022053390000

Marking Bits (Prev, Next): (CMBitMap*) 0x0000022043f2a8f0, (CMBitMap*) 0x0000022043f2a8b0
 Prev Bits: [0x000002205bb90000, 0x000002205fb90000)
 Next Bits: [0x0000022057b90000, 0x000002205bb90000)

Polling page: 0x0000022041d20000

Metaspace:

Usage:
  Non-class:    130.06 MB used.
      Class:     19.57 MB used.
       Both:    149.63 MB used.

Virtual space:
  Non-class space:      136.00 MB reserved,     130.69 MB ( 96%) committed,  17 nodes.
      Class space:        1.00 GB reserved,      20.12 MB (  2%) committed,  1 nodes.
             Both:        1.13 GB reserved,     150.81 MB ( 13%) committed. 

Chunk freelists:
   Non-Class:  454.00 KB
       Class:  3.71 MB
        Both:  4.15 MB

MaxMetaspaceSize: unlimited
CompressedClassSpaceSize: 1.00 GB
Initial GC threshold: 21.00 MB
Current GC threshold: 251.38 MB
CDS: off
MetaspaceReclaimPolicy: balanced
 - commit_granule_bytes: 65536.
 - commit_granule_words: 8192.
 - virtual_space_node_default_size: 1048576.
 - enlarge_chunks_in_place: 1.
 - new_chunks_are_fully_committed: 0.
 - uncommit_free_chunks: 1.
 - use_allocation_guard: 0.
 - handle_deallocations: 1.


Internal statistics:

num_allocs_failed_limit: 8.
num_arena_births: 1674.
num_arena_deaths: 6.
num_vsnodes_births: 18.
num_vsnodes_deaths: 0.
num_space_committed: 2412.
num_space_uncommitted: 0.
num_chunks_returned_to_freelist: 15.
num_chunks_taken_from_freelist: 7864.
num_chunk_merges: 5.
num_chunk_splits: 5159.
num_chunks_enlarged: 3342.
num_purges: 2.
num_inconsistent_stats: 0.

CodeHeap 'non-profiled nmethods': size=120000Kb used=17196Kb max_used=17251Kb free=102803Kb
 bounds [0x000002204ee60000, 0x000002204ff40000, 0x0000022056390000]
CodeHeap 'profiled nmethods': size=120000Kb used=53546Kb max_used=53609Kb free=66453Kb
 bounds [0x0000022047390000, 0x000002204a7f0000, 0x000002204e8c0000]
CodeHeap 'non-nmethods': size=5760Kb used=2505Kb max_used=2579Kb free=3254Kb
 bounds [0x000002204e8c0000, 0x000002204eb50000, 0x000002204ee60000]
 total_blobs=25395 nmethods=24341 adapters=962
 compilation: enabled
              stopped_count=0, restarted_count=0
 full_count=0

Compilation events (20 events):
Event: 259.994 Thread 0x0000022062c31230 30100       3       com.android.tools.r8.internal.sa::a (161 bytes)
Event: 259.995 Thread 0x0000022062c31230 nmethod 30100 0x000002204a7c4110 code [0x000002204a7c43a0, 0x000002204a7c4e28]
Event: 260.027 Thread 0x0000022062c17940 nmethod 30071 0x000002204ff16b10 code [0x000002204ff17180, 0x000002204ff200a0]
Event: 260.028 Thread 0x0000022062c17940 30097       4       com.android.tools.r8.graph.s2::a (583 bytes)
Event: 260.250 Thread 0x0000022062c31230 30103       3       com.android.tools.r8.internal.Pa::a (4413 bytes)
Event: 260.306 Thread 0x0000022062c31230 nmethod 30103 0x000002204a7c5210 code [0x000002204a7c71c0, 0x000002204a7df668]
Event: 260.306 Thread 0x0000022062c31230 30104       3       com.android.tools.r8.internal.be::<init> (5 bytes)
Event: 260.306 Thread 0x0000022062c31230 nmethod 30104 0x000002204a7ed410 code [0x000002204a7ed5a0, 0x000002204a7ed6f8]
Event: 260.361 Thread 0x0000022062c17940 nmethod 30097 0x000002204ff24390 code [0x000002204ff24920, 0x000002204ff2a2d8]
Event: 260.361 Thread 0x0000022062c17940 30105       4       java.util.WeakHashMap::remove (131 bytes)
Event: 260.370 Thread 0x0000022062c17940 nmethod 30105 0x000002204ff2cc90 code [0x000002204ff2ce20, 0x000002204ff2d368]
Event: 260.370 Thread 0x0000022062c17940 30102       4       com.android.tools.r8.graph.M0::<init> (219 bytes)
Event: 260.374 Thread 0x0000022063b3f630 nmethod 30095 0x000002204ff2d690 code [0x000002204ff2dc00, 0x000002204ff34e18]
Event: 260.375 Thread 0x0000022063b3f630 30101       4       com.android.tools.r8.internal.Dk::a (24 bytes)
Event: 260.377 Thread 0x0000022062c17940 nmethod 30102 0x000002204ff38410 code [0x000002204ff385a0, 0x000002204ff38968]
Event: 260.377 Thread 0x0000022062c17940 30106       4       com.android.tools.r8.internal.X8::n (6 bytes)
Event: 260.378 Thread 0x0000022062c17940 nmethod 30106 0x000002204ff38b10 code [0x000002204ff38c80, 0x000002204ff38cf8]
Event: 260.378 Thread 0x0000022062c17940 30096       4       com.android.tools.r8.internal.Zv$$Lambda$1784/0x0000000801150230::apply (8 bytes)
Event: 260.381 Thread 0x0000022062c17940 nmethod 30096 0x000002204f2e1610 code [0x000002204f2e17a0, 0x000002204f2e19f8]
Event: 260.385 Thread 0x0000022063b3f630 nmethod 30101 0x000002204f813090 code [0x000002204f813220, 0x000002204f8136b8]

GC Heap History (20 events):
Event: 65.223 GC heap after
{Heap after GC invocations=57 (full 0):
 garbage-first heap   total 546816K, used 130113K [0x0000000700000000, 0x0000000800000000)
  region size 2048K, 1 young (2048K), 1 survivors (2048K)
 Metaspace       used 115291K, committed 116288K, reserved 1155072K
  class space    used 15288K, committed 15744K, reserved 1048576K
}
Event: 69.874 GC heap before
{Heap before GC invocations=57 (full 0):
 garbage-first heap   total 546816K, used 517185K [0x0000000700000000, 0x0000000800000000)
  region size 2048K, 134 young (274432K), 1 survivors (2048K)
 Metaspace       used 122667K, committed 123712K, reserved 1163264K
  class space    used 16241K, committed 16704K, reserved 1048576K
}
Event: 69.886 GC heap after
{Heap after GC invocations=58 (full 0):
 garbage-first heap   total 546816K, used 135801K [0x0000000700000000, 0x0000000800000000)
  region size 2048K, 4 young (8192K), 4 survivors (8192K)
 Metaspace       used 122667K, committed 123712K, reserved 1163264K
  class space    used 16241K, committed 16704K, reserved 1048576K
}
Event: 80.179 GC heap before
{Heap before GC invocations=58 (full 0):
 garbage-first heap   total 546816K, used 449145K [0x0000000700000000, 0x0000000800000000)
  region size 2048K, 155 young (317440K), 4 survivors (8192K)
 Metaspace       used 141519K, committed 142592K, reserved 1179648K
  class space    used 18660K, committed 19200K, reserved 1048576K
}
Event: 80.217 GC heap after
{Heap after GC invocations=59 (full 0):
 garbage-first heap   total 546816K, used 153570K [0x0000000700000000, 0x0000000800000000)
  region size 2048K, 11 young (22528K), 11 survivors (22528K)
 Metaspace       used 141519K, committed 142592K, reserved 1179648K
  class space    used 18660K, committed 19200K, reserved 1048576K
}
Event: 88.849 GC heap before
{Heap before GC invocations=59 (full 0):
 garbage-first heap   total 546816K, used 450530K [0x0000000700000000, 0x0000000800000000)
  region size 2048K, 155 young (317440K), 11 survivors (22528K)
 Metaspace       used 146849K, committed 148032K, reserved 1179648K
  class space    used 19222K, committed 19776K, reserved 1048576K
}
Event: 88.896 GC heap after
{Heap after GC invocations=60 (full 0):
 garbage-first heap   total 546816K, used 168084K [0x0000000700000000, 0x0000000800000000)
  region size 2048K, 17 young (34816K), 17 survivors (34816K)
 Metaspace       used 146849K, committed 148032K, reserved 1179648K
  class space    used 19222K, committed 19776K, reserved 1048576K
}
Event: 246.464 GC heap before
{Heap before GC invocations=60 (full 0):
 garbage-first heap   total 546816K, used 450708K [0x0000000700000000, 0x0000000800000000)
  region size 2048K, 151 young (309248K), 17 survivors (34816K)
 Metaspace       used 150503K, committed 151744K, reserved 1187840K
  class space    used 19674K, committed 20288K, reserved 1048576K
}
Event: 246.499 GC heap after
{Heap after GC invocations=61 (full 0):
 garbage-first heap   total 546816K, used 159079K [0x0000000700000000, 0x0000000800000000)
  region size 2048K, 7 young (14336K), 7 survivors (14336K)
 Metaspace       used 150503K, committed 151744K, reserved 1187840K
  class space    used 19674K, committed 20288K, reserved 1048576K
}
Event: 251.374 GC heap before
{Heap before GC invocations=61 (full 0):
 garbage-first heap   total 546816K, used 456039K [0x0000000700000000, 0x0000000800000000)
  region size 2048K, 131 young (268288K), 7 survivors (14336K)
 Metaspace       used 152324K, committed 153536K, reserved 1187840K
  class space    used 19905K, committed 20480K, reserved 1048576K
}
Event: 251.416 GC heap after
{Heap after GC invocations=62 (full 0):
 garbage-first heap   total 546816K, used 214375K [0x0000000700000000, 0x0000000800000000)
  region size 2048K, 19 young (38912K), 19 survivors (38912K)
 Metaspace       used 152324K, committed 153536K, reserved 1187840K
  class space    used 19905K, committed 20480K, reserved 1048576K
}
Event: 255.714 GC heap before
{Heap before GC invocations=62 (full 0):
 garbage-first heap   total 546816K, used 443751K [0x0000000700000000, 0x0000000800000000)
  region size 2048K, 128 young (262144K), 19 survivors (38912K)
 Metaspace       used 153138K, committed 154368K, reserved 1187840K
  class space    used 20035K, committed 20608K, reserved 1048576K
}
Event: 255.911 GC heap after
{Heap after GC invocations=63 (full 0):
 garbage-first heap   total 571392K, used 299374K [0x0000000700000000, 0x0000000800000000)
  region size 2048K, 16 young (32768K), 16 survivors (32768K)
 Metaspace       used 153138K, committed 154368K, reserved 1187840K
  class space    used 20035K, committed 20608K, reserved 1048576K
}
Event: 256.223 GC heap before
{Heap before GC invocations=63 (full 0):
 garbage-first heap   total 571392K, used 311662K [0x0000000700000000, 0x0000000800000000)
  region size 2048K, 22 young (45056K), 16 survivors (32768K)
 Metaspace       used 153138K, committed 154368K, reserved 1187840K
  class space    used 20035K, committed 20608K, reserved 1048576K
}
Event: 256.317 GC heap after
{Heap after GC invocations=64 (full 0):
 garbage-first heap   total 571392K, used 308994K [0x0000000700000000, 0x0000000800000000)
  region size 2048K, 3 young (6144K), 3 survivors (6144K)
 Metaspace       used 153138K, committed 154368K, reserved 1187840K
  class space    used 20035K, committed 20608K, reserved 1048576K
}
Event: 258.537 GC heap before
{Heap before GC invocations=65 (full 0):
 garbage-first heap   total 571392K, used 419586K [0x0000000700000000, 0x0000000800000000)
  region size 2048K, 55 young (112640K), 3 survivors (6144K)
 Metaspace       used 153216K, committed 154432K, reserved 1187840K
  class space    used 20042K, committed 20608K, reserved 1048576K
}
Event: 258.573 GC heap after
{Heap after GC invocations=66 (full 0):
 garbage-first heap   total 571392K, used 325378K [0x0000000700000000, 0x0000000800000000)
  region size 2048K, 7 young (14336K), 7 survivors (14336K)
 Metaspace       used 153216K, committed 154432K, reserved 1187840K
  class space    used 20042K, committed 20608K, reserved 1048576K
}
Event: 258.647 GC heap before
{Heap before GC invocations=66 (full 0):
 garbage-first heap   total 571392K, used 337666K [0x0000000700000000, 0x0000000800000000)
  region size 2048K, 13 young (26624K), 7 survivors (14336K)
 Metaspace       used 153221K, committed 154432K, reserved 1187840K
  class space    used 20042K, committed 20608K, reserved 1048576K
}
Event: 258.685 GC heap after
{Heap after GC invocations=67 (full 0):
 garbage-first heap   total 571392K, used 327958K [0x0000000700000000, 0x0000000800000000)
  region size 2048K, 2 young (4096K), 2 survivors (4096K)
 Metaspace       used 153221K, committed 154432K, reserved 1187840K
  class space    used 20042K, committed 20608K, reserved 1048576K
}
Event: 260.401 GC heap before
{Heap before GC invocations=67 (full 0):
 garbage-first heap   total 571392K, used 430358K [0x0000000700000000, 0x0000000800000000)
  region size 2048K, 52 young (106496K), 2 survivors (4096K)
 Metaspace       used 153224K, committed 154432K, reserved 1187840K
  class space    used 20042K, committed 20608K, reserved 1048576K
}

Dll operation events (2 events):
Event: 0.012 Loaded shared library C:\Program Files\Android\Android Studio\jbr\bin\java.dll
Event: 0.662 Loaded shared library C:\Program Files\Android\Android Studio\jbr\bin\verify.dll

Deoptimization events (20 events):
Event: 258.700 Thread 0x000002206aedf4b0 Uncommon trap: trap_request=0xffffff45 fr.pc=0x000002204f79cc2c relative=0x000000000000076c
Event: 258.700 Thread 0x000002206aedf4b0 Uncommon trap: reason=unstable_if action=reinterpret pc=0x000002204f79cc2c method=com.android.tools.r8.graph.L1.f()V @ 143 c2
Event: 258.700 Thread 0x000002206aedf4b0 DEOPT PACKING pc=0x000002204f79cc2c sp=0x00000043b85fcb80
Event: 258.700 Thread 0x000002206aedf4b0 DEOPT UNPACKING pc=0x000002204e9169a3 sp=0x00000043b85fcb70 mode 2
Event: 258.707 Thread 0x000002206aedf4b0 Uncommon trap: trap_request=0xffffff45 fr.pc=0x000002204feccf14 relative=0x0000000000004974
Event: 258.707 Thread 0x000002206aedf4b0 Uncommon trap: reason=unstable_if action=reinterpret pc=0x000002204feccf14 method=com.android.tools.r8.graph.t2.c()V @ 660 c2
Event: 258.707 Thread 0x000002206aedf4b0 DEOPT PACKING pc=0x000002204feccf14 sp=0x00000043b85fd010
Event: 258.707 Thread 0x000002206aedf4b0 DEOPT UNPACKING pc=0x000002204e9169a3 sp=0x00000043b85fd000 mode 2
Event: 260.186 Thread 0x000002206aedf4b0 Uncommon trap: trap_request=0xffffffc6 fr.pc=0x000002204ff02194 relative=0x0000000000005534
Event: 260.186 Thread 0x000002206aedf4b0 Uncommon trap: reason=bimorphic_or_optimized_type_check action=maybe_recompile pc=0x000002204ff02194 method=com.android.tools.r8.graph.L1.b()Lcom/android/tools/r8/graph/I1$c; @ 181 c2
Event: 260.186 Thread 0x000002206aedf4b0 DEOPT PACKING pc=0x000002204ff02194 sp=0x00000043b85fd260
Event: 260.186 Thread 0x000002206aedf4b0 DEOPT UNPACKING pc=0x000002204e9169a3 sp=0x00000043b85fd260 mode 2
Event: 260.187 Thread 0x000002206aedf4b0 Uncommon trap: trap_request=0xffffffc6 fr.pc=0x000002204ff02194 relative=0x0000000000005534
Event: 260.187 Thread 0x000002206aedf4b0 Uncommon trap: reason=bimorphic_or_optimized_type_check action=maybe_recompile pc=0x000002204ff02194 method=com.android.tools.r8.graph.L1.b()Lcom/android/tools/r8/graph/I1$c; @ 181 c2
Event: 260.187 Thread 0x000002206aedf4b0 DEOPT PACKING pc=0x000002204ff02194 sp=0x00000043b85fd260
Event: 260.187 Thread 0x000002206aedf4b0 DEOPT UNPACKING pc=0x000002204e9169a3 sp=0x00000043b85fd260 mode 2
Event: 260.249 Thread 0x000002206aedf4b0 Uncommon trap: trap_request=0xffffff45 fr.pc=0x000002204fee2a04 relative=0x0000000000006364
Event: 260.249 Thread 0x000002206aedf4b0 Uncommon trap: reason=unstable_if action=reinterpret pc=0x000002204fee2a04 method=com.android.tools.r8.internal.Pa.a(Lcom/android/tools/r8/internal/cb;[Lcom/android/tools/r8/internal/Z3;I)V @ 3433 c2
Event: 260.249 Thread 0x000002206aedf4b0 DEOPT PACKING pc=0x000002204fee2a04 sp=0x00000043b85fd640
Event: 260.249 Thread 0x000002206aedf4b0 DEOPT UNPACKING pc=0x000002204e9169a3 sp=0x00000043b85fd600 mode 2

Classes unloaded (3 events):
Event: 257.225 Thread 0x0000022062071660 Unloading class 0x0000000800e54c00 'java/lang/invoke/LambdaForm$DMH+0x0000000800e54c00'
Event: 257.225 Thread 0x0000022062071660 Unloading class 0x0000000800e54800 'java/lang/invoke/LambdaForm$DMH+0x0000000800e54800'
Event: 257.225 Thread 0x0000022062071660 Unloading class 0x0000000800e54400 'java/lang/invoke/LambdaForm$DMH+0x0000000800e54400'

Classes redefined (0 events):
No events

Internal exceptions (20 events):
Event: 247.055 Thread 0x0000022068ca42f0 Exception <a 'java/lang/NoSuchMethodError'{0x000000071e92d678}: static Lcom/android/build/gradle/internal/tasks/DexArchiveBuilderTaskDelegate$ClasspathServiceKey;.<clinit>()V> (0x000000071e92d678) 
thrown [s\src\hotspot\share\prims\jni.cpp, line 1108]
Event: 247.075 Thread 0x000002206aee0cc0 Exception <a 'sun/nio/fs/WindowsException'{0x000000071e65dc00}> (0x000000071e65dc00) 
thrown [s\src\hotspot\share\prims\jni.cpp, line 517]
Event: 247.208 Thread 0x000002206aee0cc0 Exception <a 'sun/nio/fs/WindowsException'{0x000000071d38aa58}> (0x000000071d38aa58) 
thrown [s\src\hotspot\share\prims\jni.cpp, line 517]
Event: 247.209 Thread 0x000002206aee0cc0 Exception <a 'sun/nio/fs/WindowsException'{0x000000071d38b460}> (0x000000071d38b460) 
thrown [s\src\hotspot\share\prims\jni.cpp, line 517]
Event: 247.209 Thread 0x000002206aee0cc0 Exception <a 'sun/nio/fs/WindowsException'{0x000000071d38b7d0}> (0x000000071d38b7d0) 
thrown [s\src\hotspot\share\prims\jni.cpp, line 517]
Event: 247.209 Thread 0x000002206aee0cc0 Exception <a 'sun/nio/fs/WindowsException'{0x000000071d38c9e8}> (0x000000071d38c9e8) 
thrown [s\src\hotspot\share\prims\jni.cpp, line 517]
Event: 247.209 Thread 0x000002206aee0cc0 Exception <a 'sun/nio/fs/WindowsException'{0x000000071d38cd28}> (0x000000071d38cd28) 
thrown [s\src\hotspot\share\prims\jni.cpp, line 517]
Event: 247.209 Thread 0x000002206aee0cc0 Exception <a 'sun/nio/fs/WindowsException'{0x000000071d38df38}> (0x000000071d38df38) 
thrown [s\src\hotspot\share\prims\jni.cpp, line 517]
Event: 247.211 Thread 0x000002206aee0cc0 Exception <a 'sun/nio/fs/WindowsException'{0x000000071d3e09c0}> (0x000000071d3e09c0) 
thrown [s\src\hotspot\share\prims\jni.cpp, line 517]
Event: 247.213 Thread 0x000002206aee0cc0 Exception <a 'sun/nio/fs/WindowsException'{0x000000071d3e6768}> (0x000000071d3e6768) 
thrown [s\src\hotspot\share\prims\jni.cpp, line 517]
Event: 247.213 Thread 0x000002206aee0cc0 Exception <a 'sun/nio/fs/WindowsException'{0x000000071d3e7170}> (0x000000071d3e7170) 
thrown [s\src\hotspot\share\prims\jni.cpp, line 517]
Event: 247.213 Thread 0x000002206aee0cc0 Exception <a 'sun/nio/fs/WindowsException'{0x000000071d3e74d0}> (0x000000071d3e74d0) 
thrown [s\src\hotspot\share\prims\jni.cpp, line 517]
Event: 247.213 Thread 0x000002206aee0cc0 Exception <a 'sun/nio/fs/WindowsException'{0x000000071d3e86e8}> (0x000000071d3e86e8) 
thrown [s\src\hotspot\share\prims\jni.cpp, line 517]
Event: 247.213 Thread 0x000002206aee0cc0 Exception <a 'sun/nio/fs/WindowsException'{0x000000071d3e8a18}> (0x000000071d3e8a18) 
thrown [s\src\hotspot\share\prims\jni.cpp, line 517]
Event: 247.213 Thread 0x000002206aee0cc0 Exception <a 'sun/nio/fs/WindowsException'{0x000000071d3e9c28}> (0x000000071d3e9c28) 
thrown [s\src\hotspot\share\prims\jni.cpp, line 517]
Event: 248.263 Thread 0x0000022067879dc0 Implicit null exception at 0x000002204fdb0db0 to 0x000002204fdb0dc8
Event: 250.384 Thread 0x0000022068ca42f0 Exception <a 'sun/nio/fs/WindowsException'{0x00000007145ce2d8}> (0x00000007145ce2d8) 
thrown [s\src\hotspot\share\prims\jni.cpp, line 517]
Event: 250.384 Thread 0x0000022068ca42f0 Exception <a 'sun/nio/fs/WindowsException'{0x00000007145cf168}> (0x00000007145cf168) 
thrown [s\src\hotspot\share\prims\jni.cpp, line 517]
Event: 251.211 Thread 0x000002206aedf4b0 Exception <a 'sun/nio/fs/WindowsException'{0x0000000713556b00}> (0x0000000713556b00) 
thrown [s\src\hotspot\share\prims\jni.cpp, line 517]
Event: 253.238 Thread 0x00000220671807d0 Exception <a 'java/lang/NoSuchMethodError'{0x000000071cdbb6c0}: 'long java.lang.invoke.DirectMethodHandle$Holder.invokeStatic(java.lang.Object, java.lang.Object, java.lang.Object)'> (0x000000071cdbb6c0) 
thrown [s\src\hotspot\share\interpreter\linkResolver.cpp, line 771]

VM Operations (20 events):
Event: 256.027 Executing VM operation: HandshakeAllThreads done
Event: 256.223 Executing VM operation: G1CollectForAllocation
Event: 256.320 Executing VM operation: G1CollectForAllocation done
Event: 256.389 Executing VM operation: HandshakeAllThreads
Event: 256.389 Executing VM operation: HandshakeAllThreads done
Event: 257.152 Executing VM operation: G1Concurrent
Event: 257.275 Executing VM operation: G1Concurrent done
Event: 257.657 Executing VM operation: G1Concurrent
Event: 257.745 Executing VM operation: G1Concurrent done
Event: 257.972 Executing VM operation: HandshakeAllThreads
Event: 257.973 Executing VM operation: HandshakeAllThreads done
Event: 258.537 Executing VM operation: G1CollectForAllocation
Event: 258.574 Executing VM operation: G1CollectForAllocation done
Event: 258.647 Executing VM operation: G1CollectForAllocation
Event: 258.685 Executing VM operation: G1CollectForAllocation done
Event: 260.377 Executing VM operation: HandshakeAllThreads
Event: 260.378 Executing VM operation: HandshakeAllThreads done
Event: 260.378 Executing VM operation: Cleanup
Event: 260.380 Executing VM operation: Cleanup done
Event: 260.401 Executing VM operation: G1CollectForAllocation

Events (20 events):
Event: 260.393 Thread 0x00000220620bdf90 flushing nmethod 0x0000022047923790
Event: 260.393 Thread 0x00000220620bdf90 flushing nmethod 0x0000022047989190
Event: 260.393 Thread 0x00000220620bdf90 flushing nmethod 0x00000220479bc510
Event: 260.393 Thread 0x00000220620bdf90 flushing nmethod 0x00000220479d3390
Event: 260.394 Thread 0x00000220620bdf90 flushing nmethod 0x0000022047a1e210
Event: 260.394 Thread 0x00000220620bdf90 flushing nmethod 0x0000022047af5f10
Event: 260.394 Thread 0x00000220620bdf90 flushing nmethod 0x0000022047b5c390
Event: 260.395 Thread 0x00000220620bdf90 flushing nmethod 0x0000022047b6c310
Event: 260.395 Thread 0x00000220620bdf90 flushing nmethod 0x0000022047beb310
Event: 260.395 Thread 0x00000220620bdf90 flushing nmethod 0x0000022047c39010
Event: 260.395 Thread 0x00000220620bdf90 flushing nmethod 0x0000022047c65f10
Event: 260.395 Thread 0x00000220620bdf90 flushing nmethod 0x0000022047c68a10
Event: 260.396 Thread 0x00000220620bdf90 flushing nmethod 0x0000022047d24210
Event: 260.397 Thread 0x00000220620bdf90 flushing nmethod 0x0000022047db2990
Event: 260.397 Thread 0x00000220620bdf90 flushing nmethod 0x0000022047e0c590
Event: 260.397 Thread 0x00000220620bdf90 flushing nmethod 0x0000022047e0cb90
Event: 260.397 Thread 0x00000220620bdf90 flushing nmethod 0x0000022047e5bb90
Event: 260.399 Thread 0x00000220620bdf90 flushing nmethod 0x0000022048017510
Event: 260.399 Thread 0x00000220620bdf90 flushing nmethod 0x00000220480da210
Event: 260.400 Thread 0x00000220620bdf90 flushing nmethod 0x00000220481cef90


Dynamic libraries:
0x00007ff78f930000 - 0x00007ff78f93a000 	C:\Program Files\Android\Android Studio\jbr\bin\java.exe
0x00007ff8cc610000 - 0x00007ff8cc808000 	C:\Windows\SYSTEM32\ntdll.dll
0x00007ff8cbd20000 - 0x00007ff8cbddf000 	C:\Windows\System32\KERNEL32.DLL
0x00007ff8ca0b0000 - 0x00007ff8ca382000 	C:\Windows\System32\KERNELBASE.dll
0x00007ff8ca420000 - 0x00007ff8ca520000 	C:\Windows\System32\ucrtbase.dll
0x00007ff8c4d70000 - 0x00007ff8c4d87000 	C:\Program Files\Android\Android Studio\jbr\bin\jli.dll
0x00007ff8c36f0000 - 0x00007ff8c370b000 	C:\Program Files\Android\Android Studio\jbr\bin\VCRUNTIME140.dll
0x00007ff8cafb0000 - 0x00007ff8cb14d000 	C:\Windows\System32\USER32.dll
0x00007ff8ca630000 - 0x00007ff8ca652000 	C:\Windows\System32\win32u.dll
0x00007ff8b8fd0000 - 0x00007ff8b926a000 	C:\Windows\WinSxS\amd64_microsoft.windows.common-controls_6595b64144ccf1df_6.0.19041.1110_none_60b5254171f9507e\COMCTL32.dll
0x00007ff8cc1f0000 - 0x00007ff8cc21b000 	C:\Windows\System32\GDI32.dll
0x00007ff8cbb00000 - 0x00007ff8cbb9e000 	C:\Windows\System32\msvcrt.dll
0x00007ff8ca520000 - 0x00007ff8ca62f000 	C:\Windows\System32\gdi32full.dll
0x00007ff8ca010000 - 0x00007ff8ca0ad000 	C:\Windows\System32\msvcp_win.dll
0x00007ff8cc360000 - 0x00007ff8cc392000 	C:\Windows\System32\IMM32.DLL
0x00007ff8c4d60000 - 0x00007ff8c4d6c000 	C:\Program Files\Android\Android Studio\jbr\bin\vcruntime140_1.dll
0x00007ff8c3660000 - 0x00007ff8c36ed000 	C:\Program Files\Android\Android Studio\jbr\bin\msvcp140.dll
0x00007ff88a070000 - 0x00007ff88acde000 	C:\Program Files\Android\Android Studio\jbr\bin\server\jvm.dll
0x00007ff8cc140000 - 0x00007ff8cc1ee000 	C:\Windows\System32\ADVAPI32.dll
0x00007ff8cb840000 - 0x00007ff8cb8dc000 	C:\Windows\System32\sechost.dll
0x00007ff8cc3d0000 - 0x00007ff8cc4f5000 	C:\Windows\System32\RPCRT4.dll
0x00007ff8b1ae0000 - 0x00007ff8b1ae9000 	C:\Windows\SYSTEM32\WSOCK32.dll
0x00007ff8b38b0000 - 0x00007ff8b38d7000 	C:\Windows\SYSTEM32\WINMM.dll
0x00007ff8cbcb0000 - 0x00007ff8cbd1b000 	C:\Windows\System32\WS2_32.dll
0x00007ff8c8460000 - 0x00007ff8c846a000 	C:\Windows\SYSTEM32\VERSION.dll
0x00007ff8c85b0000 - 0x00007ff8c85c2000 	C:\Windows\SYSTEM32\kernel.appcore.dll
0x00007ff8c3650000 - 0x00007ff8c365a000 	C:\Program Files\Android\Android Studio\jbr\bin\jimage.dll
0x00007ff8b13e0000 - 0x00007ff8b15c4000 	C:\Windows\SYSTEM32\DBGHELP.DLL
0x00007ff8b1210000 - 0x00007ff8b123c000 	C:\Windows\SYSTEM32\dbgcore.DLL
0x00007ff8ca390000 - 0x00007ff8ca412000 	C:\Windows\System32\bcryptPrimitives.dll
0x00007ff8c3140000 - 0x00007ff8c3165000 	C:\Program Files\Android\Android Studio\jbr\bin\java.dll
0x00007ff8c3120000 - 0x00007ff8c3138000 	C:\Program Files\Android\Android Studio\jbr\bin\zip.dll
0x00007ff8ca6c0000 - 0x00007ff8cae03000 	C:\Windows\System32\SHELL32.dll
0x00007ff8c7c10000 - 0x00007ff8c83a2000 	C:\Windows\SYSTEM32\windows.storage.dll
0x00007ff8cbde0000 - 0x00007ff8cc134000 	C:\Windows\System32\combase.dll
0x00007ff8c9690000 - 0x00007ff8c96c0000 	C:\Windows\SYSTEM32\Wldp.dll
0x00007ff8cbc00000 - 0x00007ff8cbcad000 	C:\Windows\System32\SHCORE.dll
0x00007ff8cc220000 - 0x00007ff8cc275000 	C:\Windows\System32\shlwapi.dll
0x00007ff8c9c50000 - 0x00007ff8c9c6f000 	C:\Windows\SYSTEM32\profapi.dll
0x00007ff8c3100000 - 0x00007ff8c3119000 	C:\Program Files\Android\Android Studio\jbr\bin\net.dll
0x00007ff8ba800000 - 0x00007ff8ba90c000 	C:\Windows\SYSTEM32\WINHTTP.dll
0x00007ff8c93f0000 - 0x00007ff8c945a000 	C:\Windows\system32\mswsock.dll
0x00007ff8c2180000 - 0x00007ff8c2196000 	C:\Program Files\Android\Android Studio\jbr\bin\nio.dll
0x00007ff8c3640000 - 0x00007ff8c3650000 	C:\Program Files\Android\Android Studio\jbr\bin\verify.dll
0x00007ff8c2150000 - 0x00007ff8c2177000 	C:\Users\Phrankie\.gradle\native\e1d6ef7f7dcc3fd88c89a11ec53ec762bb8ba0a96d01ffa2cd45eb1d1d8dd5c5\windows-amd64\native-platform.dll
0x00007ff88c180000 - 0x00007ff88c2c4000 	C:\Users\Phrankie\.gradle\native\0d407fdbe67a94daf76414ababcb853783967236a71b16ec16e742cd7a986fd3\windows-amd64\native-platform-file-events.dll
0x00007ff8c30f0000 - 0x00007ff8c30f9000 	C:\Program Files\Android\Android Studio\jbr\bin\management.dll
0x00007ff8c2940000 - 0x00007ff8c294b000 	C:\Program Files\Android\Android Studio\jbr\bin\management_ext.dll
0x00007ff8cc3c0000 - 0x00007ff8cc3c8000 	C:\Windows\System32\PSAPI.DLL
0x00007ff8c95e0000 - 0x00007ff8c95f8000 	C:\Windows\SYSTEM32\CRYPTSP.dll
0x00007ff8c8d10000 - 0x00007ff8c8d44000 	C:\Windows\system32\rsaenh.dll
0x00007ff8c9e70000 - 0x00007ff8c9e97000 	C:\Windows\System32\bcrypt.dll
0x00007ff8c9c10000 - 0x00007ff8c9c3e000 	C:\Windows\SYSTEM32\USERENV.dll
0x00007ff8c9600000 - 0x00007ff8c960c000 	C:\Windows\SYSTEM32\CRYPTBASE.dll
0x00007ff8c90e0000 - 0x00007ff8c911b000 	C:\Windows\SYSTEM32\IPHLPAPI.DLL
0x00007ff8cb150000 - 0x00007ff8cb158000 	C:\Windows\System32\NSI.dll
0x00007ff8c1720000 - 0x00007ff8c1737000 	C:\Windows\SYSTEM32\dhcpcsvc6.DLL
0x00007ff8c1e70000 - 0x00007ff8c1e8d000 	C:\Windows\SYSTEM32\dhcpcsvc.DLL
0x00007ff8c9120000 - 0x00007ff8c91ea000 	C:\Windows\SYSTEM32\DNSAPI.dll
0x00007ff8c30e0000 - 0x00007ff8c30e7000 	C:\Windows\system32\wshunix.dll
0x00007ff8c8e30000 - 0x00007ff8c8e63000 	C:\Windows\SYSTEM32\ntmarta.dll
0x00007ff8c84f0000 - 0x00007ff8c850e000 	C:\Users\Phrankie\AppData\Local\Temp\native-platform12017870176341886047dir\native-platform.dll
0x00007ff8c84e0000 - 0x00007ff8c84e7000 	C:\Program Files\Android\Android Studio\jbr\bin\rmi.dll

dbghelp: loaded successfully - version: 4.0.5 - missing functions: none
symbol engine: initialized successfully - sym options: 0x614 - pdb path: .;C:\Program Files\Android\Android Studio\jbr\bin;C:\Windows\SYSTEM32;C:\Windows\WinSxS\amd64_microsoft.windows.common-controls_6595b64144ccf1df_6.0.19041.1110_none_60b5254171f9507e;C:\Program Files\Android\Android Studio\jbr\bin\server;C:\Users\Phrankie\.gradle\native\e1d6ef7f7dcc3fd88c89a11ec53ec762bb8ba0a96d01ffa2cd45eb1d1d8dd5c5\windows-amd64;C:\Users\Phrankie\.gradle\native\0d407fdbe67a94daf76414ababcb853783967236a71b16ec16e742cd7a986fd3\windows-amd64;C:\Users\Phrankie\AppData\Local\Temp\native-platform12017870176341886047dir

VM Arguments:
jvm_args: --add-opens=java.base/java.util=ALL-UNNAMED --add-opens=java.base/java.lang=ALL-UNNAMED --add-opens=java.base/java.lang.invoke=ALL-UNNAMED --add-opens=java.base/java.util=ALL-UNNAMED --add-opens=java.prefs/java.util.prefs=ALL-UNNAMED --add-opens=java.prefs/java.util.prefs=ALL-UNNAMED --add-opens=java.base/java.nio.charset=ALL-UNNAMED --add-opens=java.base/java.net=ALL-UNNAMED --add-opens=java.base/java.util.concurrent.atomic=ALL-UNNAMED -Xmx4G -Dfile.encoding=windows-1252 -Duser.country=US -Duser.language=en -Duser.variant 
java_command: org.gradle.launcher.daemon.bootstrap.GradleDaemon 7.5
java_class_path (initial): C:\Users\Phrankie\.gradle\wrapper\dists\gradle-7.5-all\6qsw290k5lz422uaf8jf6m7co\gradle-7.5\lib\gradle-launcher-7.5.jar
Launcher Type: SUN_STANDARD

[Global flags]
     intx CICompilerCount                          = 3                                         {product} {ergonomic}
     uint ConcGCThreads                            = 1                                         {product} {ergonomic}
     uint G1ConcRefinementThreads                  = 4                                         {product} {ergonomic}
   size_t G1HeapRegionSize                         = 2097152                                   {product} {ergonomic}
    uintx GCDrainStackTargetSize                   = 64                                        {product} {ergonomic}
   size_t InitialHeapSize                          = 113246208                                 {product} {ergonomic}
   size_t MarkStackSize                            = 4194304                                   {product} {ergonomic}
   size_t MaxHeapSize                              = 4294967296                                {product} {command line}
   size_t MaxNewSize                               = 2575302656                                {product} {ergonomic}
   size_t MinHeapDeltaBytes                        = 2097152                                   {product} {ergonomic}
   size_t MinHeapSize                              = 8388608                                   {product} {ergonomic}
    uintx NonNMethodCodeHeapSize                   = 5832780                                {pd product} {ergonomic}
    uintx NonProfiledCodeHeapSize                  = 122912730                              {pd product} {ergonomic}
    uintx ProfiledCodeHeapSize                     = 122912730                              {pd product} {ergonomic}
    uintx ReservedCodeCacheSize                    = 251658240                              {pd product} {ergonomic}
     bool SegmentedCodeCache                       = true                                      {product} {ergonomic}
   size_t SoftMaxHeapSize                          = 4294967296                             {manageable} {ergonomic}
     bool UseCompressedClassPointers               = true                           {product lp64_product} {ergonomic}
     bool UseCompressedOops                        = true                           {product lp64_product} {ergonomic}
     bool UseG1GC                                  = true                                      {product} {ergonomic}
     bool UseLargePagesIndividualAllocation        = false                                  {pd product} {ergonomic}

Logging:
Log output configuration:
 #0: stdout all=warning uptime,level,tags
 #1: stderr all=off uptime,level,tags

Environment Variables:
JAVA_HOME=C:\Program Files\Android\Android Studio\jbr
CLASSPATH=C:\devalopments\apps\loc-main\android\\gradle\wrapper\gradle-wrapper.jar
PATH=C:\Program Files\Android\Android Studio\jbr\bin;C:\Program Files\Eclipse Adoptium\jdk-21.0.2.13-hotspot\bin;C:\Python312\Scripts\;C:\Python312\;C:\Windows\system32;C:\Windows;C:\Windows\System32\Wbem;C:\Windows\System32\WindowsPowerShell\v1.0\;C:\Program Files (x86)\NVIDIA Corporation\PhysX\Common;C:\Program Files\Git\cmd;C:\Program Files (x86)\Windows Kits\10\Windows Performance Toolkit\;C:\Users\Phrankie\AppData\Local\Pub\Cache\bin;C:\Program Files\nodejs\;C:\ProgramData\chocolatey\bin;C:\Users\Phrankie\AppData\Local\Microsoft\WindowsApps;C:\devalopments\flutter\bin;C:\Users\Phrankie\AppData\Local\Programs\Microsoft VS Code\bin;C:\Users\Phrankie\AppData\Roaming\npm;C:\devalopments\flutter\bin\mingit\cmd;C:\devalopments\flutter\bin\mingit\cmd
USERNAME=Phrankie
OS=Windows_NT
PROCESSOR_IDENTIFIER=Intel64 Family 6 Model 60 Stepping 3, GenuineIntel
TMP=C:\Users\Phrankie\AppData\Local\Temp
TEMP=C:\Users\Phrankie\AppData\Local\Temp


JNI global refs:
JNI global refs: 25, weak refs: 0

JNI global refs memory usage: 843, weak refs: 209


---------------  S Y S T E M  ---------------

OS:
 Windows 10 , 64 bit Build 19041 (10.0.19041.2251)
OS uptime: 0 days 0:10 hours

CPU: total 4 (initial active 4) (2 cores per cpu, 2 threads per core) family 6 model 60 stepping 3 microcode 0x27, cx8, cmov, fxsr, ht, mmx, sse, sse2, sse3, ssse3, sse4.1, sse4.2, popcnt, lzcnt, tsc, tscinvbit, avx, avx2, aes, erms, clmul, bmi1, bmi2, fma, vzeroupper, clflush

Memory: 4k page, system-wide physical 6817M (682M free)
TotalPageFile size 6817M (AvailPageFile size 147M)
current process WorkingSet (physical memory assigned to process): 1008M, peak: 1012M
current process commit charge ("private bytes"): 1058M, peak: 1592M

vm_info: OpenJDK 64-Bit Server VM (17.0.6+0-b2043.56-10027231) for windows-amd64 JRE (17.0.6+0-b2043.56-10027231), built on Apr 28 2023 00:43:19 by "androidbuild" with MS VC++ 16.10 / 16.11 (VS2019)

END.
